
  .   ____          _            __ _ _
 /\\ / ___'_ __ _ _(_)_ __  __ _ \ \ \ \
( ( )\___ | '_ | '_| | '_ \/ _` | \ \ \ \
 \\/  ___)| |_)| | | | | || (_| |  ) ) ) )
  '  |____| .__|_| |_|_| |_\__, | / / / /
 =========|_|==============|___/=/_/_/_/

 :: Spring Boot ::                (v4.0.3)

2026-05-31T11:33:11.371+05:30  INFO 26694 --- [account-service] [           main] c.d.a.AccountServiceApplication          : Starting AccountServiceApplication v0.0.1-SNAPSHOT using Java 21.0.11 with PID 26694 (/Users/jatingarg/Downloads/AI Project/Lovable_Distributed-main/account-service/target/account-service-0.0.1-SNAPSHOT.jar started by jatingarg in /Users/jatingarg/Downloads/AI Project/Lovable_Distributed-main/account-service)
2026-05-31T11:33:11.374+05:30  INFO 26694 --- [account-service] [           main] c.d.a.AccountServiceApplication          : No active profile set, falling back to 1 default profile: "default"
2026-05-31T11:33:11.402+05:30  INFO 26694 --- [account-service] [           main] o.s.c.c.c.ConfigServerConfigDataLoader   : Fetching config from server at : http://localhost:8888
2026-05-31T11:33:11.402+05:30  INFO 26694 --- [account-service] [           main] o.s.c.c.c.ConfigServerConfigDataLoader   : Located environment: name=account-service, profiles=[default], label=null, version=964a2120e848b00190bca6334ca4e84c32bef554, state=
2026-05-31T11:33:11.890+05:30  INFO 26694 --- [account-service] [           main] .s.d.r.c.RepositoryConfigurationDelegate : Bootstrapping Spring Data JPA repositories in DEFAULT mode.
2026-05-31T11:33:11.992+05:30  INFO 26694 --- [account-service] [           main] .s.d.r.c.RepositoryConfigurationDelegate : Finished Spring Data repository scanning in 98 ms. Found 3 JPA repository interfaces.
2026-05-31T11:33:12.178+05:30  INFO 26694 --- [account-service] [           main] o.s.cloud.context.scope.GenericScope     : BeanFactory id=99579060-f98f-39a3-84c3-41900ad6a5ca
2026-05-31T11:33:12.411+05:30  INFO 26694 --- [account-service] [           main] o.s.boot.tomcat.TomcatWebServer          : Tomcat initialized with port 9050 (http)
2026-05-31T11:33:12.419+05:30  INFO 26694 --- [account-service] [           main] o.apache.catalina.core.StandardService   : Starting service [Tomcat]
2026-05-31T11:33:12.420+05:30  INFO 26694 --- [account-service] [           main] o.apache.catalina.core.StandardEngine    : Starting Servlet engine: [Apache Tomcat/11.0.18]
2026-05-31T11:33:12.436+05:30  INFO 26694 --- [account-service] [           main] b.w.c.s.WebApplicationContextInitializer : Root WebApplicationContext: initialization completed in 1032 ms
2026-05-31T11:33:12.521+05:30  WARN 26694 --- [account-service] [           main] c.d.common_lib.security.AuthUtil         : DEBUG AuthUtil jwt key length=49, first10chars='my-super-s'
2026-05-31T11:33:12.532+05:30  WARN 26694 --- [account-service] [           main] JpaBaseConfiguration$JpaWebConfiguration : spring.jpa.open-in-view is enabled by default. Therefore, database queries may be performed during view rendering. Explicitly configure spring.jpa.open-in-view to disable this warning
2026-05-31T11:33:12.600+05:30  INFO 26694 --- [account-service] [           main] org.hibernate.orm.jpa                    : HHH008540: Processing PersistenceUnitInfo [name: default]
2026-05-31T11:33:12.633+05:30  INFO 26694 --- [account-service] [           main] org.hibernate.orm.core                   : HHH000001: Hibernate ORM core version 7.2.4.Final
2026-05-31T11:33:12.932+05:30  INFO 26694 --- [account-service] [           main] o.s.o.j.p.SpringPersistenceUnitInfo      : No LoadTimeWeaver setup: ignoring JPA class transformer
2026-05-31T11:33:12.949+05:30  INFO 26694 --- [account-service] [           main] com.zaxxer.hikari.HikariDataSource       : HikariPool-1 - Starting...
2026-05-31T11:33:13.070+05:30  INFO 26694 --- [account-service] [           main] com.zaxxer.hikari.pool.HikariPool        : HikariPool-1 - Added connection org.postgresql.jdbc.PgConnection@7d0312a
2026-05-31T11:33:13.071+05:30  INFO 26694 --- [account-service] [           main] com.zaxxer.hikari.HikariDataSource       : HikariPool-1 - Start completed.
2026-05-31T11:33:13.090+05:30  WARN 26694 --- [account-service] [           main] org.hibernate.orm.deprecation            : HHH90000025: PostgreSQLDialect does not need to be specified explicitly using 'hibernate.dialect' (remove the property setting and it will be selected by default)
2026-05-31T11:33:13.101+05:30  INFO 26694 --- [account-service] [           main] org.hibernate.orm.connections.pooling    : HHH10001005: Database info:
	Database JDBC URL [jdbc:postgresql://localhost:9010/lovable-account-db]
	Database driver: PostgreSQL JDBC Driver
	Database dialect: PostgreSQLDialect
	Database version: 18.2
	Default catalog/schema: lovable-account-db/public
	Autocommit mode: undefined/unknown
	Isolation level: READ_COMMITTED [default READ_COMMITTED]
	JDBC fetch size: none
	Pool: DataSourceConnectionProvider
	Minimum pool size: undefined/unknown
	Maximum pool size: undefined/unknown
2026-05-31T11:33:13.637+05:30  INFO 26694 --- [account-service] [           main] org.hibernate.orm.core                   : HHH000489: No JTA platform available (set 'hibernate.transaction.jta.platform' to enable JTA platform integration)
2026-05-31T11:33:13.684+05:30  INFO 26694 --- [account-service] [           main] j.LocalContainerEntityManagerFactoryBean : Initialized JPA EntityManagerFactory for persistence unit 'default'
2026-05-31T11:33:13.757+05:30 DEBUG 26694 --- [account-service] [           main] .m.m.a.ExceptionHandlerExceptionResolver : ControllerAdvice beans: 1 @ExceptionHandler, 1 ResponseBodyAdvice
2026-05-31T11:33:13.787+05:30 DEBUG 26694 --- [account-service] [           main] o.s.w.f.ServerHttpObservationFilter      : Filter 'webMvcObservationFilter' configured for use
2026-05-31T11:33:13.836+05:30  INFO 26694 --- [account-service] [           main] o.s.d.j.r.query.QueryEnhancerFactories   : Hibernate is in classpath; If applicable, HQL parser will be used.
2026-05-31T11:33:13.950+05:30  INFO 26694 --- [account-service] [           main] r$InitializeUserDetailsManagerConfigurer : Global AuthenticationManager configured with UserDetailsService bean with name userService
2026-05-31T11:33:14.138+05:30 DEBUG 26694 --- [account-service] [           main] s.w.s.m.m.a.RequestMappingHandlerMapping : 11 mappings in 'requestMappingHandlerMapping'
2026-05-31T11:33:14.170+05:30 DEBUG 26694 --- [account-service] [           main] o.s.w.s.handler.SimpleUrlHandlerMapping  : Patterns [/webjars/**, /**] in 'resourceHandlerMapping'
2026-05-31T11:33:14.295+05:30  INFO 26694 --- [account-service] [           main] o.s.b.a.e.web.EndpointLinksResolver      : Exposing 2 endpoints beneath base path '/actuator'
2026-05-31T11:33:14.329+05:30 DEBUG 26694 --- [account-service] [           main] s.w.s.m.m.a.RequestMappingHandlerAdapter : ControllerAdvice beans: 0 @ModelAttribute, 0 @InitBinder, 2 RequestBodyAdvice, 1 ResponseBodyAdvice
2026-05-31T11:33:14.447+05:30  INFO 26694 --- [account-service] [           main] DiscoveryClientOptionalArgsConfiguration : Eureka HTTP Client uses RestClient.
2026-05-31T11:33:14.469+05:30  WARN 26694 --- [account-service] [           main] iguration$LoadBalancerCaffeineWarnLogger : Spring Cloud LoadBalancer is currently working with the default cache. While this cache implementation is useful for development and tests, it's recommended to use Caffeine cache in production.You can switch to using Caffeine cache, by adding it and org.springframework.cache.caffeine.CaffeineCacheManager to the classpath.
2026-05-31T11:33:14.502+05:30  INFO 26694 --- [account-service] [           main] o.s.c.n.eureka.InstanceInfoFactory       : Setting initial instance status as: STARTING
2026-05-31T11:33:14.515+05:30  INFO 26694 --- [account-service] [           main] com.netflix.discovery.DiscoveryClient    : Initializing Eureka in region us-east-1
2026-05-31T11:33:14.517+05:30  INFO 26694 --- [account-service] [           main] c.n.d.s.r.aws.ConfigClusterResolver      : Resolving eureka endpoints via configuration
2026-05-31T11:33:14.521+05:30  INFO 26694 --- [account-service] [           main] com.netflix.discovery.DiscoveryClient    : Disable delta property : false
2026-05-31T11:33:14.521+05:30  INFO 26694 --- [account-service] [           main] com.netflix.discovery.DiscoveryClient    : Single vip registry refresh property : null
2026-05-31T11:33:14.521+05:30  INFO 26694 --- [account-service] [           main] com.netflix.discovery.DiscoveryClient    : Force full registry fetch : false
2026-05-31T11:33:14.521+05:30  INFO 26694 --- [account-service] [           main] com.netflix.discovery.DiscoveryClient    : Application is null : false
2026-05-31T11:33:14.521+05:30  INFO 26694 --- [account-service] [           main] com.netflix.discovery.DiscoveryClient    : Registered Applications size is zero : true
2026-05-31T11:33:14.521+05:30  INFO 26694 --- [account-service] [           main] com.netflix.discovery.DiscoveryClient    : Application version is -1: true
2026-05-31T11:33:14.522+05:30  INFO 26694 --- [account-service] [           main] com.netflix.discovery.DiscoveryClient    : Getting all instance registry info from the eureka server
2026-05-31T11:33:14.680+05:30 DEBUG 26694 --- [account-service] [           main] o.s.web.client.DefaultRestClient         : Reading to [com.netflix.discovery.shared.Applications]
2026-05-31T11:33:14.696+05:30  INFO 26694 --- [account-service] [           main] com.netflix.discovery.DiscoveryClient    : The response status is 200
2026-05-31T11:33:14.696+05:30  INFO 26694 --- [account-service] [           main] com.netflix.discovery.DiscoveryClient    : Starting heartbeat executor: renew interval is: 30
2026-05-31T11:33:14.697+05:30  INFO 26694 --- [account-service] [           main] c.n.discovery.InstanceInfoReplicator     : InstanceInfoReplicator onDemand update allowed rate per min is 4
2026-05-31T11:33:14.698+05:30  INFO 26694 --- [account-service] [           main] com.netflix.discovery.DiscoveryClient    : Discovery Client initialized at timestamp 1780207394698 with initial instances count: 1
2026-05-31T11:33:14.699+05:30  INFO 26694 --- [account-service] [           main] o.s.c.n.e.s.EurekaServiceRegistry        : Registering application ACCOUNT-SERVICE with eureka with status UP
2026-05-31T11:33:14.700+05:30  INFO 26694 --- [account-service] [           main] com.netflix.discovery.DiscoveryClient    : Saw local status change event StatusChangeEvent [timestamp=1780207394700, current=UP, previous=STARTING]
2026-05-31T11:33:14.701+05:30  INFO 26694 --- [account-service] [foReplicator-%d] com.netflix.discovery.DiscoveryClient    : DiscoveryClient_ACCOUNT-SERVICE/192.168.1.2:account-service:9050: registering service...
2026-05-31T11:33:14.710+05:30  INFO 26694 --- [account-service] [           main] o.s.boot.tomcat.TomcatWebServer          : Tomcat started on port 9050 (http) with context path '/'
2026-05-31T11:33:14.711+05:30 DEBUG 26694 --- [account-service] [foReplicator-%d] o.s.web.client.DefaultRestClient         : Writing [InstanceInfo [instanceId = 192.168.1.2:account-service:9050, appName = ACCOUNT-SERVICE, hostName = 192.168.1.2, status = UP, ipAddr = 192.168.1.2, port = 9050, securePort = 443, dataCenterInfo = com.netflix.appinfo.MyDataCenterInfo@5572be5a] as "application/json" with org.springframework.http.converter.json.MappingJackson2HttpMessageConverter
2026-05-31T11:33:14.711+05:30  INFO 26694 --- [account-service] [           main] .s.c.n.e.s.EurekaAutoServiceRegistration : Updating port to 9050
2026-05-31T11:33:14.719+05:30  INFO 26694 --- [account-service] [           main] c.d.a.AccountServiceApplication          : Started AccountServiceApplication in 8.513 seconds (process running for 8.885)
2026-05-31T11:33:14.721+05:30  INFO 26694 --- [account-service] [foReplicator-%d] com.netflix.discovery.DiscoveryClient    : DiscoveryClient_ACCOUNT-SERVICE/192.168.1.2:account-service:9050 - registration status: 204
2026-05-31T11:33:44.725+05:30 DEBUG 26694 --- [account-service] [reshExecutor-%d] o.s.web.client.DefaultRestClient         : Reading to [com.netflix.discovery.shared.Applications]
2026-05-31T11:33:53.909+05:30  INFO 26694 --- [account-service] [nio-9050-exec-1] o.a.c.c.C.[Tomcat].[localhost].[/]       : Initializing Spring DispatcherServlet 'dispatcherServlet'
2026-05-31T11:33:53.909+05:30  INFO 26694 --- [account-service] [nio-9050-exec-1] o.s.web.servlet.DispatcherServlet        : Initializing Servlet 'dispatcherServlet'
2026-05-31T11:33:53.910+05:30 DEBUG 26694 --- [account-service] [nio-9050-exec-1] o.s.web.servlet.DispatcherServlet        : Detected StandardServletMultipartResolver
2026-05-31T11:33:53.910+05:30 DEBUG 26694 --- [account-service] [nio-9050-exec-1] o.s.web.servlet.DispatcherServlet        : Detected AcceptHeaderLocaleResolver
2026-05-31T11:33:53.914+05:30 DEBUG 26694 --- [account-service] [nio-9050-exec-1] o.s.web.servlet.DispatcherServlet        : Detected org.springframework.web.servlet.view.DefaultRequestToViewNameTranslator@51d2218e
2026-05-31T11:33:53.914+05:30 DEBUG 26694 --- [account-service] [nio-9050-exec-1] o.s.web.servlet.DispatcherServlet        : Detected org.springframework.web.servlet.support.SessionFlashMapManager@5afb0a4f
2026-05-31T11:33:53.914+05:30 DEBUG 26694 --- [account-service] [nio-9050-exec-1] o.s.web.servlet.DispatcherServlet        : enableLoggingRequestDetails='false': request parameters and headers will be masked to prevent unsafe logging of potentially sensitive data
2026-05-31T11:33:53.914+05:30  INFO 26694 --- [account-service] [nio-9050-exec-1] o.s.web.servlet.DispatcherServlet        : Completed initialization in 5 ms
2026-05-31T11:33:53.929+05:30  WARN 26694 --- [account-service] [nio-9050-exec-1] o.s.w.s.h.HandlerMappingIntrospector     : Cache miss for REQUEST dispatch to '/auth/login' (previous null). Performing CorsConfiguration lookup. This is logged once only at WARN level, and every time at TRACE.
2026-05-31T11:33:53.932+05:30  INFO 26694 --- [account-service] [nio-9050-exec-1] c.d.common_lib.security.JwtAuthFilter    : incoming request: /auth/login
2026-05-31T11:33:53.937+05:30 DEBUG 26694 --- [account-service] [nio-9050-exec-1] o.s.web.servlet.DispatcherServlet        : POST "/auth/login", parameters={}
2026-05-31T11:33:53.938+05:30 DEBUG 26694 --- [account-service] [nio-9050-exec-1] s.w.s.m.m.a.RequestMappingHandlerMapping : Mapped to com.distributed_lovable.account_service.controller.AuthController#login(LoginRequest)
2026-05-31T11:33:53.950+05:30 DEBUG 26694 --- [account-service] [nio-9050-exec-1] m.m.a.RequestResponseBodyMethodProcessor : Read "application/octet-stream" to []
2026-05-31T11:33:53.953+05:30 DEBUG 26694 --- [account-service] [nio-9050-exec-1] .m.m.a.ExceptionHandlerExceptionResolver : Using @ExceptionHandler com.distributed_lovable.common_lib.errors.GlobalExceptionHandler#handleGeneralException(Exception)
2026-05-31T11:33:53.953+05:30 ERROR 26694 --- [account-service] [nio-9050-exec-1] c.d.c.errors.GlobalExceptionHandler      : Unhandled exception: 

org.springframework.http.converter.HttpMessageNotReadableException: Required request body is missing: public org.springframework.http.ResponseEntity<com.distributed_lovable.account_service.dto.auth.AuthResponse> com.distributed_lovable.account_service.controller.AuthController.login(com.distributed_lovable.account_service.dto.auth.LoginRequest)
	at org.springframework.web.servlet.mvc.method.annotation.RequestResponseBodyMethodProcessor.readWithMessageConverters(RequestResponseBodyMethodProcessor.java:184) ~[spring-webmvc-7.0.5.jar!/:7.0.5]
	at org.springframework.web.servlet.mvc.method.annotation.RequestResponseBodyMethodProcessor.resolveArgument(RequestResponseBodyMethodProcessor.java:156) ~[spring-webmvc-7.0.5.jar!/:7.0.5]
	at org.springframework.web.method.support.HandlerMethodArgumentResolverComposite.resolveArgument(HandlerMethodArgumentResolverComposite.java:122) ~[spring-web-7.0.5.jar!/:7.0.5]
	at org.springframework.web.method.support.InvocableHandlerMethod.getMethodArgumentValues(InvocableHandlerMethod.java:224) ~[spring-web-7.0.5.jar!/:7.0.5]
	at org.springframework.web.method.support.InvocableHandlerMethod.invokeForRequest(InvocableHandlerMethod.java:174) ~[spring-web-7.0.5.jar!/:7.0.5]
	at org.springframework.web.servlet.mvc.method.annotation.ServletInvocableHandlerMethod.invokeAndHandle(ServletInvocableHandlerMethod.java:117) ~[spring-webmvc-7.0.5.jar!/:7.0.5]
	at org.springframework.web.servlet.mvc.method.annotation.RequestMappingHandlerAdapter.invokeHandlerMethod(RequestMappingHandlerAdapter.java:934) ~[spring-webmvc-7.0.5.jar!/:7.0.5]
	at org.springframework.web.servlet.mvc.method.annotation.RequestMappingHandlerAdapter.handleInternal(RequestMappingHandlerAdapter.java:853) ~[spring-webmvc-7.0.5.jar!/:7.0.5]
	at org.springframework.web.servlet.mvc.method.AbstractHandlerMethodAdapter.handle(AbstractHandlerMethodAdapter.java:86) ~[spring-webmvc-7.0.5.jar!/:7.0.5]
	at org.springframework.web.servlet.DispatcherServlet.doDispatch(DispatcherServlet.java:963) ~[spring-webmvc-7.0.5.jar!/:7.0.5]
	at org.springframework.web.servlet.DispatcherServlet.doService(DispatcherServlet.java:866) ~[spring-webmvc-7.0.5.jar!/:7.0.5]
	at org.springframework.web.servlet.FrameworkServlet.processRequest(FrameworkServlet.java:1000) ~[spring-webmvc-7.0.5.jar!/:7.0.5]
	at org.springframework.web.servlet.FrameworkServlet.doPost(FrameworkServlet.java:903) ~[spring-webmvc-7.0.5.jar!/:7.0.5]
	at jakarta.servlet.http.HttpServlet.service(HttpServlet.java:649) ~[tomcat-embed-core-11.0.18.jar!/:na]
	at org.springframework.web.servlet.FrameworkServlet.service(FrameworkServlet.java:874) ~[spring-webmvc-7.0.5.jar!/:7.0.5]
	at jakarta.servlet.http.HttpServlet.service(HttpServlet.java:710) ~[tomcat-embed-core-11.0.18.jar!/:na]
	at org.apache.catalina.core.ApplicationFilterChain.doFilter(ApplicationFilterChain.java:128) ~[tomcat-embed-core-11.0.18.jar!/:na]
	at org.apache.tomcat.websocket.server.WsFilter.doFilter(WsFilter.java:53) ~[tomcat-embed-websocket-11.0.18.jar!/:na]
	at org.apache.catalina.core.ApplicationFilterChain.doFilter(ApplicationFilterChain.java:107) ~[tomcat-embed-core-11.0.18.jar!/:na]
	at org.springframework.web.filter.OncePerRequestFilter.doFilter(OncePerRequestFilter.java:110) ~[spring-web-7.0.5.jar!/:7.0.5]
	at org.apache.catalina.core.ApplicationFilterChain.doFilter(ApplicationFilterChain.java:107) ~[tomcat-embed-core-11.0.18.jar!/:na]
	at org.springframework.web.filter.CompositeFilter$VirtualFilterChain.doFilter(CompositeFilter.java:108) ~[spring-web-7.0.5.jar!/:7.0.5]
	at org.springframework.security.web.FilterChainProxy.lambda$doFilterInternal$3(FilterChainProxy.java:235) ~[spring-security-web-7.0.3.jar!/:7.0.3]
	at org.springframework.security.web.ObservationFilterChainDecorator$FilterObservation$SimpleFilterObservation.lambda$wrap$1(ObservationFilterChainDecorator.java:493) ~[spring-security-web-7.0.3.jar!/:7.0.3]
	at org.springframework.security.web.ObservationFilterChainDecorator$AroundFilterObservation$SimpleAroundFilterObservation.lambda$wrap$1(ObservationFilterChainDecorator.java:354) ~[spring-security-web-7.0.3.jar!/:7.0.3]
	at org.springframework.security.web.ObservationFilterChainDecorator.lambda$wrapSecured$0(ObservationFilterChainDecorator.java:86) ~[spring-security-web-7.0.3.jar!/:7.0.3]
	at org.springframework.security.web.ObservationFilterChainDecorator$VirtualFilterChain.doFilter(ObservationFilterChainDecorator.java:132) ~[spring-security-web-7.0.3.jar!/:7.0.3]
	at org.springframework.security.web.access.intercept.AuthorizationFilter.doFilter(AuthorizationFilter.java:101) ~[spring-security-web-7.0.3.jar!/:7.0.3]
	at org.springframework.security.web.ObservationFilterChainDecorator$ObservationFilter.wrapFilter(ObservationFilterChainDecorator.java:244) ~[spring-security-web-7.0.3.jar!/:7.0.3]
	at org.springframework.security.web.ObservationFilterChainDecorator$ObservationFilter.doFilter(ObservationFilterChainDecorator.java:231) ~[spring-security-web-7.0.3.jar!/:7.0.3]
	at org.springframework.security.web.ObservationFilterChainDecorator$VirtualFilterChain.doFilter(ObservationFilterChainDecorator.java:141) ~[spring-security-web-7.0.3.jar!/:7.0.3]
	at org.springframework.security.web.access.ExceptionTranslationFilter.doFilter(ExceptionTranslationFilter.java:126) ~[spring-security-web-7.0.3.jar!/:7.0.3]
	at org.springframework.security.web.access.ExceptionTranslationFilter.doFilter(ExceptionTranslationFilter.java:120) ~[spring-security-web-7.0.3.jar!/:7.0.3]
	at org.springframework.security.web.ObservationFilterChainDecorator$ObservationFilter.wrapFilter(ObservationFilterChainDecorator.java:244) ~[spring-security-web-7.0.3.jar!/:7.0.3]
	at org.springframework.security.web.ObservationFilterChainDecorator$ObservationFilter.doFilter(ObservationFilterChainDecorator.java:231) ~[spring-security-web-7.0.3.jar!/:7.0.3]
	at org.springframework.security.web.ObservationFilterChainDecorator$VirtualFilterChain.doFilter(ObservationFilterChainDecorator.java:141) ~[spring-security-web-7.0.3.jar!/:7.0.3]
	at org.springframework.security.web.session.SessionManagementFilter.doFilter(SessionManagementFilter.java:132) ~[spring-security-web-7.0.3.jar!/:7.0.3]
	at org.springframework.security.web.session.SessionManagementFilter.doFilter(SessionManagementFilter.java:86) ~[spring-security-web-7.0.3.jar!/:7.0.3]
	at org.springframework.security.web.ObservationFilterChainDecorator$ObservationFilter.wrapFilter(ObservationFilterChainDecorator.java:244) ~[spring-security-web-7.0.3.jar!/:7.0.3]
	at org.springframework.security.web.ObservationFilterChainDecorator$ObservationFilter.doFilter(ObservationFilterChainDecorator.java:231) ~[spring-security-web-7.0.3.jar!/:7.0.3]
	at org.springframework.security.web.ObservationFilterChainDecorator$VirtualFilterChain.doFilter(ObservationFilterChainDecorator.java:141) ~[spring-security-web-7.0.3.jar!/:7.0.3]
	at org.springframework.security.web.authentication.AnonymousAuthenticationFilter.doFilter(AnonymousAuthenticationFilter.java:100) ~[spring-security-web-7.0.3.jar!/:7.0.3]
	at org.springframework.security.web.ObservationFilterChainDecorator$ObservationFilter.wrapFilter(ObservationFilterChainDecorator.java:244) ~[spring-security-web-7.0.3.jar!/:7.0.3]
	at org.springframework.security.web.ObservationFilterChainDecorator$ObservationFilter.doFilter(ObservationFilterChainDecorator.java:231) ~[spring-security-web-7.0.3.jar!/:7.0.3]
	at org.springframework.security.web.ObservationFilterChainDecorator$VirtualFilterChain.doFilter(ObservationFilterChainDecorator.java:141) ~[spring-security-web-7.0.3.jar!/:7.0.3]
	at org.springframework.security.web.servletapi.SecurityContextHolderAwareRequestFilter.doFilter(SecurityContextHolderAwareRequestFilter.java:181) ~[spring-security-web-7.0.3.jar!/:7.0.3]
	at org.springframework.security.web.ObservationFilterChainDecorator$ObservationFilter.wrapFilter(ObservationFilterChainDecorator.java:244) ~[spring-security-web-7.0.3.jar!/:7.0.3]
	at org.springframework.security.web.ObservationFilterChainDecorator$ObservationFilter.doFilter(ObservationFilterChainDecorator.java:231) ~[spring-security-web-7.0.3.jar!/:7.0.3]
	at org.springframework.security.web.ObservationFilterChainDecorator$VirtualFilterChain.doFilter(ObservationFilterChainDecorator.java:141) ~[spring-security-web-7.0.3.jar!/:7.0.3]
	at org.springframework.security.web.savedrequest.RequestCacheAwareFilter.doFilter(RequestCacheAwareFilter.java:63) ~[spring-security-web-7.0.3.jar!/:7.0.3]
	at org.springframework.security.web.ObservationFilterChainDecorator$ObservationFilter.wrapFilter(ObservationFilterChainDecorator.java:244) ~[spring-security-web-7.0.3.jar!/:7.0.3]
	at org.springframework.security.web.ObservationFilterChainDecorator$ObservationFilter.doFilter(ObservationFilterChainDecorator.java:231) ~[spring-security-web-7.0.3.jar!/:7.0.3]
	at org.springframework.security.web.ObservationFilterChainDecorator$VirtualFilterChain.doFilter(ObservationFilterChainDecorator.java:141) ~[spring-security-web-7.0.3.jar!/:7.0.3]
	at com.distributed_lovable.common_lib.security.JwtAuthFilter.doFilterInternal(JwtAuthFilter.java:33) ~[common-lib-1.0.0.jar!/:1.0.0]
	at org.springframework.web.filter.OncePerRequestFilter.doFilter(OncePerRequestFilter.java:116) ~[spring-web-7.0.5.jar!/:7.0.5]
	at org.springframework.security.web.ObservationFilterChainDecorator$ObservationFilter.wrapFilter(ObservationFilterChainDecorator.java:244) ~[spring-security-web-7.0.3.jar!/:7.0.3]
	at org.springframework.security.web.ObservationFilterChainDecorator$ObservationFilter.doFilter(ObservationFilterChainDecorator.java:231) ~[spring-security-web-7.0.3.jar!/:7.0.3]
	at org.springframework.security.web.ObservationFilterChainDecorator$VirtualFilterChain.doFilter(ObservationFilterChainDecorator.java:141) ~[spring-security-web-7.0.3.jar!/:7.0.3]
	at org.springframework.security.web.authentication.logout.LogoutFilter.doFilter(LogoutFilter.java:110) ~[spring-security-web-7.0.3.jar!/:7.0.3]
	at org.springframework.security.web.authentication.logout.LogoutFilter.doFilter(LogoutFilter.java:96) ~[spring-security-web-7.0.3.jar!/:7.0.3]
	at org.springframework.security.web.ObservationFilterChainDecorator$ObservationFilter.wrapFilter(ObservationFilterChainDecorator.java:244) ~[spring-security-web-7.0.3.jar!/:7.0.3]
	at org.springframework.security.web.ObservationFilterChainDecorator$ObservationFilter.doFilter(ObservationFilterChainDecorator.java:231) ~[spring-security-web-7.0.3.jar!/:7.0.3]
	at org.springframework.security.web.ObservationFilterChainDecorator$VirtualFilterChain.doFilter(ObservationFilterChainDecorator.java:141) ~[spring-security-web-7.0.3.jar!/:7.0.3]
	at org.springframework.web.filter.CorsFilter.doFilterInternal(CorsFilter.java:91) ~[spring-web-7.0.5.jar!/:7.0.5]
	at org.springframework.web.filter.OncePerRequestFilter.doFilter(OncePerRequestFilter.java:116) ~[spring-web-7.0.5.jar!/:7.0.5]
	at org.springframework.security.web.ObservationFilterChainDecorator$ObservationFilter.wrapFilter(ObservationFilterChainDecorator.java:244) ~[spring-security-web-7.0.3.jar!/:7.0.3]
	at org.springframework.security.web.ObservationFilterChainDecorator$ObservationFilter.doFilter(ObservationFilterChainDecorator.java:231) ~[spring-security-web-7.0.3.jar!/:7.0.3]
	at org.springframework.security.web.ObservationFilterChainDecorator$VirtualFilterChain.doFilter(ObservationFilterChainDecorator.java:141) ~[spring-security-web-7.0.3.jar!/:7.0.3]
	at org.springframework.security.web.header.HeaderWriterFilter.doHeadersAfter(HeaderWriterFilter.java:90) ~[spring-security-web-7.0.3.jar!/:7.0.3]
	at org.springframework.security.web.header.HeaderWriterFilter.doFilterInternal(HeaderWriterFilter.java:75) ~[spring-security-web-7.0.3.jar!/:7.0.3]
	at org.springframework.web.filter.OncePerRequestFilter.doFilter(OncePerRequestFilter.java:116) ~[spring-web-7.0.5.jar!/:7.0.5]
	at org.springframework.security.web.ObservationFilterChainDecorator$ObservationFilter.wrapFilter(ObservationFilterChainDecorator.java:244) ~[spring-security-web-7.0.3.jar!/:7.0.3]
	at org.springframework.security.web.ObservationFilterChainDecorator$ObservationFilter.doFilter(ObservationFilterChainDecorator.java:231) ~[spring-security-web-7.0.3.jar!/:7.0.3]
	at org.springframework.security.web.ObservationFilterChainDecorator$VirtualFilterChain.doFilter(ObservationFilterChainDecorator.java:141) ~[spring-security-web-7.0.3.jar!/:7.0.3]
	at org.springframework.security.web.context.SecurityContextHolderFilter.doFilter(SecurityContextHolderFilter.java:82) ~[spring-security-web-7.0.3.jar!/:7.0.3]
	at org.springframework.security.web.context.SecurityContextHolderFilter.doFilter(SecurityContextHolderFilter.java:69) ~[spring-security-web-7.0.3.jar!/:7.0.3]
	at org.springframework.security.web.ObservationFilterChainDecorator$ObservationFilter.wrapFilter(ObservationFilterChainDecorator.java:244) ~[spring-security-web-7.0.3.jar!/:7.0.3]
	at org.springframework.security.web.ObservationFilterChainDecorator$ObservationFilter.doFilter(ObservationFilterChainDecorator.java:231) ~[spring-security-web-7.0.3.jar!/:7.0.3]
	at org.springframework.security.web.ObservationFilterChainDecorator$VirtualFilterChain.doFilter(ObservationFilterChainDecorator.java:141) ~[spring-security-web-7.0.3.jar!/:7.0.3]
	at org.springframework.security.web.context.request.async.WebAsyncManagerIntegrationFilter.doFilterInternal(WebAsyncManagerIntegrationFilter.java:62) ~[spring-security-web-7.0.3.jar!/:7.0.3]
	at org.springframework.web.filter.OncePerRequestFilter.doFilter(OncePerRequestFilter.java:116) ~[spring-web-7.0.5.jar!/:7.0.5]
	at org.springframework.security.web.ObservationFilterChainDecorator$ObservationFilter.wrapFilter(ObservationFilterChainDecorator.java:244) ~[spring-security-web-7.0.3.jar!/:7.0.3]
	at org.springframework.security.web.ObservationFilterChainDecorator$ObservationFilter.doFilter(ObservationFilterChainDecorator.java:231) ~[spring-security-web-7.0.3.jar!/:7.0.3]
	at org.springframework.security.web.ObservationFilterChainDecorator$VirtualFilterChain.doFilter(ObservationFilterChainDecorator.java:141) ~[spring-security-web-7.0.3.jar!/:7.0.3]
	at org.springframework.security.web.session.DisableEncodeUrlFilter.doFilterInternal(DisableEncodeUrlFilter.java:42) ~[spring-security-web-7.0.3.jar!/:7.0.3]
	at org.springframework.web.filter.OncePerRequestFilter.doFilter(OncePerRequestFilter.java:116) ~[spring-web-7.0.5.jar!/:7.0.5]
	at org.springframework.security.web.ObservationFilterChainDecorator$ObservationFilter.wrapFilter(ObservationFilterChainDecorator.java:244) ~[spring-security-web-7.0.3.jar!/:7.0.3]
	at org.springframework.security.web.ObservationFilterChainDecorator$AroundFilterObservation$SimpleAroundFilterObservation.lambda$wrap$0(ObservationFilterChainDecorator.java:337) ~[spring-security-web-7.0.3.jar!/:7.0.3]
	at org.springframework.security.web.ObservationFilterChainDecorator$ObservationFilter.doFilter(ObservationFilterChainDecorator.java:228) ~[spring-security-web-7.0.3.jar!/:7.0.3]
	at org.springframework.security.web.ObservationFilterChainDecorator$VirtualFilterChain.doFilter(ObservationFilterChainDecorator.java:141) ~[spring-security-web-7.0.3.jar!/:7.0.3]
	at org.springframework.security.web.FilterChainProxy.doFilterInternal(FilterChainProxy.java:237) ~[spring-security-web-7.0.3.jar!/:7.0.3]
	at org.springframework.security.web.FilterChainProxy.doFilter(FilterChainProxy.java:195) ~[spring-security-web-7.0.3.jar!/:7.0.3]
	at org.springframework.web.filter.CompositeFilter$VirtualFilterChain.doFilter(CompositeFilter.java:113) ~[spring-web-7.0.5.jar!/:7.0.5]
	at org.springframework.web.filter.ServletRequestPathFilter.doFilter(ServletRequestPathFilter.java:52) ~[spring-web-7.0.5.jar!/:7.0.5]
	at org.springframework.web.filter.CompositeFilter$VirtualFilterChain.doFilter(CompositeFilter.java:113) ~[spring-web-7.0.5.jar!/:7.0.5]
	at org.springframework.web.filter.CompositeFilter.doFilter(CompositeFilter.java:74) ~[spring-web-7.0.5.jar!/:7.0.5]
	at org.springframework.security.config.annotation.web.configuration.WebSecurityConfiguration$CompositeFilterChainProxy.doFilter(WebSecurityConfiguration.java:317) ~[spring-security-config-7.0.3.jar!/:7.0.3]
	at org.springframework.web.filter.DelegatingFilterProxy.invokeDelegate(DelegatingFilterProxy.java:355) ~[spring-web-7.0.5.jar!/:7.0.5]
	at org.springframework.web.filter.DelegatingFilterProxy.doFilter(DelegatingFilterProxy.java:272) ~[spring-web-7.0.5.jar!/:7.0.5]
	at org.apache.catalina.core.ApplicationFilterChain.doFilter(ApplicationFilterChain.java:107) ~[tomcat-embed-core-11.0.18.jar!/:na]
	at org.springframework.web.filter.RequestContextFilter.doFilterInternal(RequestContextFilter.java:100) ~[spring-web-7.0.5.jar!/:7.0.5]
	at org.springframework.web.filter.OncePerRequestFilter.doFilter(OncePerRequestFilter.java:116) ~[spring-web-7.0.5.jar!/:7.0.5]
	at org.apache.catalina.core.ApplicationFilterChain.doFilter(ApplicationFilterChain.java:107) ~[tomcat-embed-core-11.0.18.jar!/:na]
	at org.springframework.web.filter.FormContentFilter.doFilterInternal(FormContentFilter.java:93) ~[spring-web-7.0.5.jar!/:7.0.5]
	at org.springframework.web.filter.OncePerRequestFilter.doFilter(OncePerRequestFilter.java:116) ~[spring-web-7.0.5.jar!/:7.0.5]
	at org.apache.catalina.core.ApplicationFilterChain.doFilter(ApplicationFilterChain.java:107) ~[tomcat-embed-core-11.0.18.jar!/:na]
	at org.springframework.web.filter.ServerHttpObservationFilter.doFilterInternal(ServerHttpObservationFilter.java:110) ~[spring-web-7.0.5.jar!/:7.0.5]
	at org.springframework.web.filter.OncePerRequestFilter.doFilter(OncePerRequestFilter.java:116) ~[spring-web-7.0.5.jar!/:7.0.5]
	at org.apache.catalina.core.ApplicationFilterChain.doFilter(ApplicationFilterChain.java:107) ~[tomcat-embed-core-11.0.18.jar!/:na]
	at org.springframework.web.filter.CharacterEncodingFilter.doFilterInternal(CharacterEncodingFilter.java:199) ~[spring-web-7.0.5.jar!/:7.0.5]
	at org.springframework.web.filter.OncePerRequestFilter.doFilter(OncePerRequestFilter.java:116) ~[spring-web-7.0.5.jar!/:7.0.5]
	at org.apache.catalina.core.ApplicationFilterChain.doFilter(ApplicationFilterChain.java:107) ~[tomcat-embed-core-11.0.18.jar!/:na]
	at org.apache.catalina.core.StandardWrapperValve.invoke(StandardWrapperValve.java:165) ~[tomcat-embed-core-11.0.18.jar!/:na]
	at org.apache.catalina.core.StandardContextValve.invoke(StandardContextValve.java:77) ~[tomcat-embed-core-11.0.18.jar!/:na]
	at org.apache.catalina.authenticator.AuthenticatorBase.invoke(AuthenticatorBase.java:492) ~[tomcat-embed-core-11.0.18.jar!/:na]
	at org.apache.catalina.core.StandardHostValve.invoke(StandardHostValve.java:113) ~[tomcat-embed-core-11.0.18.jar!/:na]
	at org.apache.catalina.valves.ErrorReportValve.invoke(ErrorReportValve.java:83) ~[tomcat-embed-core-11.0.18.jar!/:na]
	at org.apache.catalina.core.StandardEngineValve.invoke(StandardEngineValve.java:72) ~[tomcat-embed-core-11.0.18.jar!/:na]
	at org.apache.catalina.connector.CoyoteAdapter.service(CoyoteAdapter.java:341) ~[tomcat-embed-core-11.0.18.jar!/:na]
	at org.apache.coyote.http11.Http11Processor.service(Http11Processor.java:397) ~[tomcat-embed-core-11.0.18.jar!/:na]
	at org.apache.coyote.AbstractProcessorLight.process(AbstractProcessorLight.java:63) ~[tomcat-embed-core-11.0.18.jar!/:na]
	at org.apache.coyote.AbstractProtocol$ConnectionHandler.process(AbstractProtocol.java:903) ~[tomcat-embed-core-11.0.18.jar!/:na]
	at org.apache.tomcat.util.net.NioEndpoint$SocketProcessor.doRun(NioEndpoint.java:1779) ~[tomcat-embed-core-11.0.18.jar!/:na]
	at org.apache.tomcat.util.net.SocketProcessorBase.run(SocketProcessorBase.java:52) ~[tomcat-embed-core-11.0.18.jar!/:na]
	at org.apache.tomcat.util.threads.ThreadPoolExecutor.runWorker(ThreadPoolExecutor.java:946) ~[tomcat-embed-core-11.0.18.jar!/:na]
	at org.apache.tomcat.util.threads.ThreadPoolExecutor$Worker.run(ThreadPoolExecutor.java:480) ~[tomcat-embed-core-11.0.18.jar!/:na]
	at org.apache.tomcat.util.threads.TaskThread$WrappingRunnable.run(TaskThread.java:57) ~[tomcat-embed-core-11.0.18.jar!/:na]
	at java.base/java.lang.Thread.run(Thread.java:1583) ~[na:na]

2026-05-31T11:33:53.958+05:30 DEBUG 26694 --- [account-service] [nio-9050-exec-1] o.s.w.s.m.m.a.HttpEntityMethodProcessor  : Using 'application/json', given [*/*] and supported [application/json, application/*+json]
2026-05-31T11:33:53.959+05:30 DEBUG 26694 --- [account-service] [nio-9050-exec-1] o.s.w.s.m.m.a.HttpEntityMethodProcessor  : Writing [ApiError[status=500 INTERNAL_SERVER_ERROR, message=An unexpected error occurred: Required request bo (truncated)...]
2026-05-31T11:33:53.976+05:30 DEBUG 26694 --- [account-service] [nio-9050-exec-1] .m.m.a.ExceptionHandlerExceptionResolver : Resolved [org.springframework.http.converter.HttpMessageNotReadableException: Required request body is missing: public org.springframework.http.ResponseEntity<com.distributed_lovable.account_service.dto.auth.AuthResponse> com.distributed_lovable.account_service.controller.AuthController.login(com.distributed_lovable.account_service.dto.auth.LoginRequest)]
2026-05-31T11:33:53.976+05:30 DEBUG 26694 --- [account-service] [nio-9050-exec-1] o.s.web.servlet.DispatcherServlet        : Completed 500 INTERNAL_SERVER_ERROR
2026-05-31T11:34:14.746+05:30 DEBUG 26694 --- [account-service] [reshExecutor-%d] o.s.web.client.DefaultRestClient         : Reading to [com.netflix.discovery.shared.Applications]
2026-05-31T11:34:44.754+05:30 DEBUG 26694 --- [account-service] [reshExecutor-%d] o.s.web.client.DefaultRestClient         : Reading to [com.netflix.discovery.shared.Applications]
2026-05-31T11:34:54.066+05:30 DEBUG 26694 --- [account-service] [nio-9050-exec-2] o.s.web.cors.DefaultCorsProcessor        : Skip: no CORS configuration has been provided
2026-05-31T11:34:54.067+05:30  INFO 26694 --- [account-service] [nio-9050-exec-2] c.d.common_lib.security.JwtAuthFilter    : incoming request: /api/me/subscription
2026-05-31T11:34:54.186+05:30 DEBUG 26694 --- [account-service] [nio-9050-exec-2] o.s.web.servlet.DispatcherServlet        : GET "/api/me/subscription", parameters={}
2026-05-31T11:34:54.186+05:30 DEBUG 26694 --- [account-service] [nio-9050-exec-2] s.w.s.m.m.a.RequestMappingHandlerMapping : Mapped to com.distributed_lovable.account_service.controller.BillingController#getMySubscription()
Hibernate: select s1_0.id,s1_0.cancel_at_period_end,s1_0.created_at,s1_0.current_period_end,s1_0.current_period_start,s1_0.plan_id,s1_0.status,s1_0.stripe_subscription_id,s1_0.updated_at,s1_0.user_id from subscription s1_0 where s1_0.user_id=? and s1_0.status in (?,?,?)
2026-05-31T11:34:54.406+05:30 DEBUG 26694 --- [account-service] [nio-9050-exec-2] o.s.w.s.m.m.a.HttpEntityMethodProcessor  : Using 'application/json', given [*/*] and supported [application/json, application/*+json]
2026-05-31T11:34:54.406+05:30 DEBUG 26694 --- [account-service] [nio-9050-exec-2] o.s.w.s.m.m.a.HttpEntityMethodProcessor  : Writing [SubscriptionResponse[plan=null, status=null, currentPeriodEnd=null, tokensUsedThisCycle=null]]
2026-05-31T11:34:54.409+05:30 DEBUG 26694 --- [account-service] [nio-9050-exec-2] o.s.web.servlet.DispatcherServlet        : Completed 200 OK
2026-05-31T11:35:07.595+05:30 DEBUG 26694 --- [account-service] [nio-9050-exec-3] o.s.web.cors.DefaultCorsProcessor        : Skip: no CORS configuration has been provided
2026-05-31T11:35:07.595+05:30  INFO 26694 --- [account-service] [nio-9050-exec-3] c.d.common_lib.security.JwtAuthFilter    : incoming request: /api/payment/checkout
2026-05-31T11:35:07.597+05:30 DEBUG 26694 --- [account-service] [nio-9050-exec-3] o.s.web.servlet.DispatcherServlet        : POST "/api/payment/checkout", parameters={}
2026-05-31T11:35:07.598+05:30 DEBUG 26694 --- [account-service] [nio-9050-exec-3] s.w.s.m.m.a.RequestMappingHandlerMapping : Mapped to com.distributed_lovable.account_service.controller.BillingController#createCheckoutResponse(CheckoutRequest)
2026-05-31T11:35:07.602+05:30 DEBUG 26694 --- [account-service] [nio-9050-exec-3] m.m.a.RequestResponseBodyMethodProcessor : Read "application/json;charset=UTF-8" to [CheckoutRequest[planId=2]]
Hibernate: select p1_0.id,p1_0.active,p1_0.max_previews,p1_0.max_projects,p1_0.max_tokens_per_day,p1_0.name,p1_0.stripe_price_id,p1_0.unlimited_ai from plan p1_0 where p1_0.id=?
Hibernate: select u1_0.id,u1_0.created_at,u1_0.deleted_at,u1_0.name,u1_0.password,u1_0.stripe_customer_id,u1_0.updated_at,u1_0.username from users u1_0 where u1_0.id=?
2026-05-31T11:35:08.937+05:30 DEBUG 26694 --- [account-service] [nio-9050-exec-3] o.s.w.s.m.m.a.HttpEntityMethodProcessor  : Using 'application/json', given [*/*] and supported [application/json, application/*+json]
2026-05-31T11:35:08.938+05:30 DEBUG 26694 --- [account-service] [nio-9050-exec-3] o.s.w.s.m.m.a.HttpEntityMethodProcessor  : Writing [CheckoutResponse[checkoutUrl=https://checkout.stripe.com/c/pay/cs_test_a17KhmgFjadecbVKXBO2pN9lzbyq8 (truncated)...]
2026-05-31T11:35:08.939+05:30 DEBUG 26694 --- [account-service] [nio-9050-exec-3] o.s.web.servlet.DispatcherServlet        : Completed 200 OK
2026-05-31T11:35:14.768+05:30 DEBUG 26694 --- [account-service] [reshExecutor-%d] o.s.web.client.DefaultRestClient         : Reading to [com.netflix.discovery.shared.Applications]
2026-05-31T11:35:44.780+05:30 DEBUG 26694 --- [account-service] [reshExecutor-%d] o.s.web.client.DefaultRestClient         : Reading to [com.netflix.discovery.shared.Applications]
2026-05-31T11:36:14.809+05:30 DEBUG 26694 --- [account-service] [reshExecutor-%d] o.s.web.client.DefaultRestClient         : Reading to [com.netflix.discovery.shared.Applications]
2026-05-31T11:36:44.822+05:30 DEBUG 26694 --- [account-service] [reshExecutor-%d] o.s.web.client.DefaultRestClient         : Reading to [com.netflix.discovery.shared.Applications]
2026-05-31T11:37:11.637+05:30 DEBUG 26694 --- [account-service] [nio-9050-exec-5] o.s.web.cors.DefaultCorsProcessor        : Skip: no CORS configuration has been provided
2026-05-31T11:37:11.639+05:30  INFO 26694 --- [account-service] [nio-9050-exec-5] c.d.common_lib.security.JwtAuthFilter    : incoming request: /api/me/subscription
2026-05-31T11:37:11.644+05:30 DEBUG 26694 --- [account-service] [nio-9050-exec-5] o.s.web.servlet.DispatcherServlet        : GET "/api/me/subscription", parameters={}
2026-05-31T11:37:11.644+05:30 DEBUG 26694 --- [account-service] [nio-9050-exec-5] s.w.s.m.m.a.RequestMappingHandlerMapping : Mapped to com.distributed_lovable.account_service.controller.BillingController#getMySubscription()
Hibernate: select s1_0.id,s1_0.cancel_at_period_end,s1_0.created_at,s1_0.current_period_end,s1_0.current_period_start,s1_0.plan_id,s1_0.status,s1_0.stripe_subscription_id,s1_0.updated_at,s1_0.user_id from subscription s1_0 where s1_0.user_id=? and s1_0.status in (?,?,?)
2026-05-31T11:37:11.696+05:30 DEBUG 26694 --- [account-service] [nio-9050-exec-5] o.s.w.s.m.m.a.HttpEntityMethodProcessor  : Using 'application/json', given [*/*] and supported [application/json, application/*+json]
2026-05-31T11:37:11.696+05:30 DEBUG 26694 --- [account-service] [nio-9050-exec-5] o.s.w.s.m.m.a.HttpEntityMethodProcessor  : Writing [SubscriptionResponse[plan=null, status=null, currentPeriodEnd=null, tokensUsedThisCycle=null]]
2026-05-31T11:37:11.698+05:30 DEBUG 26694 --- [account-service] [nio-9050-exec-5] o.s.web.servlet.DispatcherServlet        : Completed 200 OK
2026-05-31T11:37:14.833+05:30 DEBUG 26694 --- [account-service] [reshExecutor-%d] o.s.web.client.DefaultRestClient         : Reading to [com.netflix.discovery.shared.Applications]
2026-05-31T11:37:44.850+05:30 DEBUG 26694 --- [account-service] [reshExecutor-%d] o.s.web.client.DefaultRestClient         : Reading to [com.netflix.discovery.shared.Applications]
2026-05-31T11:38:14.530+05:30  INFO 26694 --- [account-service] [rap-executor-%d] c.n.d.s.r.aws.ConfigClusterResolver      : Resolving eureka endpoints via configuration
2026-05-31T11:38:14.861+05:30 DEBUG 26694 --- [account-service] [reshExecutor-%d] o.s.web.client.DefaultRestClient         : Reading to [com.netflix.discovery.shared.Applications]
2026-05-31T11:38:44.873+05:30 DEBUG 26694 --- [account-service] [reshExecutor-%d] o.s.web.client.DefaultRestClient         : Reading to [com.netflix.discovery.shared.Applications]
2026-05-31T11:39:14.886+05:30 DEBUG 26694 --- [account-service] [reshExecutor-%d] o.s.web.client.DefaultRestClient         : Reading to [com.netflix.discovery.shared.Applications]
2026-05-31T11:39:44.896+05:30 DEBUG 26694 --- [account-service] [reshExecutor-%d] o.s.web.client.DefaultRestClient         : Reading to [com.netflix.discovery.shared.Applications]
2026-05-31T11:40:14.904+05:30 DEBUG 26694 --- [account-service] [reshExecutor-%d] o.s.web.client.DefaultRestClient         : Reading to [com.netflix.discovery.shared.Applications]
2026-05-31T11:40:44.914+05:30 DEBUG 26694 --- [account-service] [reshExecutor-%d] o.s.web.client.DefaultRestClient         : Reading to [com.netflix.discovery.shared.Applications]
2026-05-31T11:41:14.925+05:30 DEBUG 26694 --- [account-service] [reshExecutor-%d] o.s.web.client.DefaultRestClient         : Reading to [com.netflix.discovery.shared.Applications]
2026-05-31T11:41:44.937+05:30 DEBUG 26694 --- [account-service] [reshExecutor-%d] o.s.web.client.DefaultRestClient         : Reading to [com.netflix.discovery.shared.Applications]
2026-05-31T11:42:14.947+05:30 DEBUG 26694 --- [account-service] [reshExecutor-%d] o.s.web.client.DefaultRestClient         : Reading to [com.netflix.discovery.shared.Applications]
2026-05-31T11:42:44.958+05:30 DEBUG 26694 --- [account-service] [reshExecutor-%d] o.s.web.client.DefaultRestClient         : Reading to [com.netflix.discovery.shared.Applications]
2026-05-31T11:43:14.541+05:30  INFO 26694 --- [account-service] [rap-executor-%d] c.n.d.s.r.aws.ConfigClusterResolver      : Resolving eureka endpoints via configuration
2026-05-31T11:43:14.966+05:30 DEBUG 26694 --- [account-service] [reshExecutor-%d] o.s.web.client.DefaultRestClient         : Reading to [com.netflix.discovery.shared.Applications]
2026-05-31T11:43:44.977+05:30 DEBUG 26694 --- [account-service] [reshExecutor-%d] o.s.web.client.DefaultRestClient         : Reading to [com.netflix.discovery.shared.Applications]
2026-05-31T11:44:14.992+05:30 DEBUG 26694 --- [account-service] [reshExecutor-%d] o.s.web.client.DefaultRestClient         : Reading to [com.netflix.discovery.shared.Applications]
2026-05-31T11:44:45.002+05:30 DEBUG 26694 --- [account-service] [reshExecutor-%d] o.s.web.client.DefaultRestClient         : Reading to [com.netflix.discovery.shared.Applications]
2026-05-31T11:45:15.017+05:30 DEBUG 26694 --- [account-service] [reshExecutor-%d] o.s.web.client.DefaultRestClient         : Reading to [com.netflix.discovery.shared.Applications]
2026-05-31T11:45:45.028+05:30 DEBUG 26694 --- [account-service] [reshExecutor-%d] o.s.web.client.DefaultRestClient         : Reading to [com.netflix.discovery.shared.Applications]
2026-05-31T11:46:15.040+05:30 DEBUG 26694 --- [account-service] [reshExecutor-%d] o.s.web.client.DefaultRestClient         : Reading to [com.netflix.discovery.shared.Applications]
2026-05-31T11:46:45.049+05:30 DEBUG 26694 --- [account-service] [reshExecutor-%d] o.s.web.client.DefaultRestClient         : Reading to [com.netflix.discovery.shared.Applications]
2026-05-31T11:47:15.060+05:30 DEBUG 26694 --- [account-service] [reshExecutor-%d] o.s.web.client.DefaultRestClient         : Reading to [com.netflix.discovery.shared.Applications]
2026-05-31T11:47:45.072+05:30 DEBUG 26694 --- [account-service] [reshExecutor-%d] o.s.web.client.DefaultRestClient         : Reading to [com.netflix.discovery.shared.Applications]
2026-05-31T11:48:14.534+05:30  INFO 26694 --- [account-service] [rap-executor-%d] c.n.d.s.r.aws.ConfigClusterResolver      : Resolving eureka endpoints via configuration
2026-05-31T11:48:15.067+05:30 DEBUG 26694 --- [account-service] [reshExecutor-%d] o.s.web.client.DefaultRestClient         : Reading to [com.netflix.discovery.shared.Applications]
2026-05-31T11:48:45.074+05:30 DEBUG 26694 --- [account-service] [reshExecutor-%d] o.s.web.client.DefaultRestClient         : Reading to [com.netflix.discovery.shared.Applications]
2026-05-31T11:49:15.082+05:30 DEBUG 26694 --- [account-service] [reshExecutor-%d] o.s.web.client.DefaultRestClient         : Reading to [com.netflix.discovery.shared.Applications]
2026-05-31T11:49:45.098+05:30 DEBUG 26694 --- [account-service] [reshExecutor-%d] o.s.web.client.DefaultRestClient         : Reading to [com.netflix.discovery.shared.Applications]
2026-05-31T11:50:15.111+05:30 DEBUG 26694 --- [account-service] [reshExecutor-%d] o.s.web.client.DefaultRestClient         : Reading to [com.netflix.discovery.shared.Applications]
2026-05-31T11:50:45.138+05:30 DEBUG 26694 --- [account-service] [reshExecutor-%d] o.s.web.client.DefaultRestClient         : Reading to [com.netflix.discovery.shared.Applications]
2026-05-31T11:51:15.156+05:30 DEBUG 26694 --- [account-service] [reshExecutor-%d] o.s.web.client.DefaultRestClient         : Reading to [com.netflix.discovery.shared.Applications]
2026-05-31T11:51:45.168+05:30 DEBUG 26694 --- [account-service] [reshExecutor-%d] o.s.web.client.DefaultRestClient         : Reading to [com.netflix.discovery.shared.Applications]
2026-05-31T11:52:15.181+05:30 DEBUG 26694 --- [account-service] [reshExecutor-%d] o.s.web.client.DefaultRestClient         : Reading to [com.netflix.discovery.shared.Applications]
2026-05-31T11:52:45.194+05:30 DEBUG 26694 --- [account-service] [reshExecutor-%d] o.s.web.client.DefaultRestClient         : Reading to [com.netflix.discovery.shared.Applications]
2026-05-31T11:53:14.535+05:30  INFO 26694 --- [account-service] [rap-executor-%d] c.n.d.s.r.aws.ConfigClusterResolver      : Resolving eureka endpoints via configuration
2026-05-31T11:53:15.203+05:30 DEBUG 26694 --- [account-service] [reshExecutor-%d] o.s.web.client.DefaultRestClient         : Reading to [com.netflix.discovery.shared.Applications]
2026-05-31T11:53:45.221+05:30 DEBUG 26694 --- [account-service] [reshExecutor-%d] o.s.web.client.DefaultRestClient         : Reading to [com.netflix.discovery.shared.Applications]
2026-05-31T11:54:15.233+05:30 DEBUG 26694 --- [account-service] [reshExecutor-%d] o.s.web.client.DefaultRestClient         : Reading to [com.netflix.discovery.shared.Applications]
2026-05-31T11:54:45.242+05:30 DEBUG 26694 --- [account-service] [reshExecutor-%d] o.s.web.client.DefaultRestClient         : Reading to [com.netflix.discovery.shared.Applications]
2026-05-31T11:55:15.253+05:30 DEBUG 26694 --- [account-service] [reshExecutor-%d] o.s.web.client.DefaultRestClient         : Reading to [com.netflix.discovery.shared.Applications]
2026-05-31T11:55:45.265+05:30 DEBUG 26694 --- [account-service] [reshExecutor-%d] o.s.web.client.DefaultRestClient         : Reading to [com.netflix.discovery.shared.Applications]
2026-05-31T11:56:15.295+05:30 DEBUG 26694 --- [account-service] [reshExecutor-%d] o.s.web.client.DefaultRestClient         : Reading to [com.netflix.discovery.shared.Applications]
2026-05-31T11:56:45.304+05:30 DEBUG 26694 --- [account-service] [reshExecutor-%d] o.s.web.client.DefaultRestClient         : Reading to [com.netflix.discovery.shared.Applications]
2026-05-31T11:57:15.313+05:30 DEBUG 26694 --- [account-service] [reshExecutor-%d] o.s.web.client.DefaultRestClient         : Reading to [com.netflix.discovery.shared.Applications]
2026-05-31T12:14:10.470+05:30  WARN 26694 --- [account-service] [l-1:housekeeper] com.zaxxer.hikari.pool.HikariPool        : HikariPool-1 - Thread starvation or clock leap detected (housekeeper delta=16m57s122ms).
2026-05-31T12:14:12.452+05:30 DEBUG 26694 --- [account-service] [reshExecutor-%d] o.s.web.client.DefaultRestClient         : Reading to [com.netflix.discovery.shared.Applications]
2026-05-31T12:14:41.676+05:30  INFO 26694 --- [account-service] [rap-executor-%d] c.n.d.s.r.aws.ConfigClusterResolver      : Resolving eureka endpoints via configuration
2026-05-31T12:14:42.469+05:30 DEBUG 26694 --- [account-service] [reshExecutor-%d] o.s.web.client.DefaultRestClient         : Reading to [com.netflix.discovery.shared.Applications]
2026-05-31T12:15:12.481+05:30 DEBUG 26694 --- [account-service] [reshExecutor-%d] o.s.web.client.DefaultRestClient         : Reading to [com.netflix.discovery.shared.Applications]
2026-05-31T12:15:42.496+05:30 DEBUG 26694 --- [account-service] [reshExecutor-%d] o.s.web.client.DefaultRestClient         : Reading to [com.netflix.discovery.shared.Applications]
2026-05-31T12:16:03.146+05:30 DEBUG 26694 --- [account-service] [nio-9050-exec-7] o.s.web.cors.DefaultCorsProcessor        : Skip: no CORS configuration has been provided
2026-05-31T12:16:03.147+05:30  INFO 26694 --- [account-service] [nio-9050-exec-7] c.d.common_lib.security.JwtAuthFilter    : incoming request: /api/me/subscription
2026-05-31T12:16:03.150+05:30 DEBUG 26694 --- [account-service] [nio-9050-exec-7] o.s.web.servlet.DispatcherServlet        : GET "/api/me/subscription", parameters={}
2026-05-31T12:16:03.151+05:30 DEBUG 26694 --- [account-service] [nio-9050-exec-7] s.w.s.m.m.a.RequestMappingHandlerMapping : Mapped to com.distributed_lovable.account_service.controller.BillingController#getMySubscription()
Hibernate: select s1_0.id,s1_0.cancel_at_period_end,s1_0.created_at,s1_0.current_period_end,s1_0.current_period_start,s1_0.plan_id,s1_0.status,s1_0.stripe_subscription_id,s1_0.updated_at,s1_0.user_id from subscription s1_0 where s1_0.user_id=? and s1_0.status in (?,?,?)
2026-05-31T12:16:03.194+05:30 DEBUG 26694 --- [account-service] [nio-9050-exec-7] o.s.w.s.m.m.a.HttpEntityMethodProcessor  : Using 'application/json', given [*/*] and supported [application/json, application/*+json]
2026-05-31T12:16:03.197+05:30 DEBUG 26694 --- [account-service] [nio-9050-exec-7] o.s.w.s.m.m.a.HttpEntityMethodProcessor  : Writing [SubscriptionResponse[plan=null, status=null, currentPeriodEnd=null, tokensUsedThisCycle=null]]
2026-05-31T12:16:03.205+05:30 DEBUG 26694 --- [account-service] [nio-9050-exec-7] o.s.web.servlet.DispatcherServlet        : Completed 200 OK
2026-05-31T12:16:12.507+05:30 DEBUG 26694 --- [account-service] [reshExecutor-%d] o.s.web.client.DefaultRestClient         : Reading to [com.netflix.discovery.shared.Applications]
2026-05-31T12:16:42.518+05:30 DEBUG 26694 --- [account-service] [reshExecutor-%d] o.s.web.client.DefaultRestClient         : Reading to [com.netflix.discovery.shared.Applications]
2026-05-31T12:17:12.532+05:30 DEBUG 26694 --- [account-service] [reshExecutor-%d] o.s.web.client.DefaultRestClient         : Reading to [com.netflix.discovery.shared.Applications]
2026-05-31T12:17:42.545+05:30 DEBUG 26694 --- [account-service] [reshExecutor-%d] o.s.web.client.DefaultRestClient         : Reading to [com.netflix.discovery.shared.Applications]
2026-05-31T12:18:12.558+05:30 DEBUG 26694 --- [account-service] [reshExecutor-%d] o.s.web.client.DefaultRestClient         : Reading to [com.netflix.discovery.shared.Applications]
2026-05-31T12:18:42.570+05:30 DEBUG 26694 --- [account-service] [reshExecutor-%d] o.s.web.client.DefaultRestClient         : Reading to [com.netflix.discovery.shared.Applications]
2026-05-31T12:19:12.582+05:30 DEBUG 26694 --- [account-service] [reshExecutor-%d] o.s.web.client.DefaultRestClient         : Reading to [com.netflix.discovery.shared.Applications]
2026-05-31T12:19:41.687+05:30  INFO 26694 --- [account-service] [rap-executor-%d] c.n.d.s.r.aws.ConfigClusterResolver      : Resolving eureka endpoints via configuration
2026-05-31T12:19:42.591+05:30 DEBUG 26694 --- [account-service] [reshExecutor-%d] o.s.web.client.DefaultRestClient         : Reading to [com.netflix.discovery.shared.Applications]
2026-05-31T12:20:12.603+05:30 DEBUG 26694 --- [account-service] [reshExecutor-%d] o.s.web.client.DefaultRestClient         : Reading to [com.netflix.discovery.shared.Applications]
2026-05-31T12:20:42.621+05:30 DEBUG 26694 --- [account-service] [reshExecutor-%d] o.s.web.client.DefaultRestClient         : Reading to [com.netflix.discovery.shared.Applications]
2026-05-31T12:21:12.632+05:30 DEBUG 26694 --- [account-service] [reshExecutor-%d] o.s.web.client.DefaultRestClient         : Reading to [com.netflix.discovery.shared.Applications]
2026-05-31T12:21:42.645+05:30 DEBUG 26694 --- [account-service] [reshExecutor-%d] o.s.web.client.DefaultRestClient         : Reading to [com.netflix.discovery.shared.Applications]
2026-05-31T12:22:12.660+05:30 DEBUG 26694 --- [account-service] [reshExecutor-%d] o.s.web.client.DefaultRestClient         : Reading to [com.netflix.discovery.shared.Applications]
2026-05-31T12:22:42.674+05:30 DEBUG 26694 --- [account-service] [reshExecutor-%d] o.s.web.client.DefaultRestClient         : Reading to [com.netflix.discovery.shared.Applications]
2026-05-31T12:23:12.689+05:30 DEBUG 26694 --- [account-service] [reshExecutor-%d] o.s.web.client.DefaultRestClient         : Reading to [com.netflix.discovery.shared.Applications]
2026-05-31T12:23:42.703+05:30 DEBUG 26694 --- [account-service] [reshExecutor-%d] o.s.web.client.DefaultRestClient         : Reading to [com.netflix.discovery.shared.Applications]
2026-05-31T12:24:12.721+05:30 DEBUG 26694 --- [account-service] [reshExecutor-%d] o.s.web.client.DefaultRestClient         : Reading to [com.netflix.discovery.shared.Applications]
2026-05-31T12:24:41.691+05:30  INFO 26694 --- [account-service] [rap-executor-%d] c.n.d.s.r.aws.ConfigClusterResolver      : Resolving eureka endpoints via configuration
2026-05-31T12:24:42.733+05:30 DEBUG 26694 --- [account-service] [reshExecutor-%d] o.s.web.client.DefaultRestClient         : Reading to [com.netflix.discovery.shared.Applications]
2026-05-31T12:25:12.746+05:30 DEBUG 26694 --- [account-service] [reshExecutor-%d] o.s.web.client.DefaultRestClient         : Reading to [com.netflix.discovery.shared.Applications]
2026-05-31T12:25:42.761+05:30 DEBUG 26694 --- [account-service] [reshExecutor-%d] o.s.web.client.DefaultRestClient         : Reading to [com.netflix.discovery.shared.Applications]
