
  .   ____          _            __ _ _
 /\\ / ___'_ __ _ _(_)_ __  __ _ \ \ \ \
( ( )\___ | '_ | '_| | '_ \/ _` | \ \ \ \
 \\/  ___)| |_)| | | | | || (_| |  ) ) ) )
  '  |____| .__|_| |_|_| |_\__, | / / / /
 =========|_|==============|___/=/_/_/_/

 :: Spring Boot ::                (v4.0.3)

2026-05-31T11:32:47.583+05:30  INFO 26649 --- [discovery-service] [           main] c.d.d.DiscoveryServiceApplication        : Starting DiscoveryServiceApplication v0.0.1-SNAPSHOT using Java 21.0.11 with PID 26649 (/Users/jatingarg/Downloads/AI Project/Lovable_Distributed-main/discovery-service/target/discovery-service-0.0.1-SNAPSHOT.jar started by jatingarg in /Users/jatingarg/Downloads/AI Project/Lovable_Distributed-main/discovery-service)
2026-05-31T11:32:47.584+05:30  INFO 26649 --- [discovery-service] [           main] c.d.d.DiscoveryServiceApplication        : No active profile set, falling back to 1 default profile: "default"
2026-05-31T11:32:47.911+05:30  INFO 26649 --- [discovery-service] [           main] o.s.cloud.context.scope.GenericScope     : BeanFactory id=1548fce3-f25e-3892-9ede-5407c02f41a5
2026-05-31T11:32:47.992+05:30  INFO 26649 --- [discovery-service] [           main] o.s.boot.tomcat.TomcatWebServer          : Tomcat initialized with port 8761 (http)
2026-05-31T11:32:47.997+05:30  INFO 26649 --- [discovery-service] [           main] o.apache.catalina.core.StandardService   : Starting service [Tomcat]
2026-05-31T11:32:47.997+05:30  INFO 26649 --- [discovery-service] [           main] o.apache.catalina.core.StandardEngine    : Starting Servlet engine: [Apache Tomcat/11.0.18]
2026-05-31T11:32:48.006+05:30  INFO 26649 --- [discovery-service] [           main] b.w.c.s.WebApplicationContextInitializer : Root WebApplicationContext: initialization completed in 400 ms
2026-05-31T11:32:48.357+05:30  INFO 26649 --- [discovery-service] [           main] c.n.d.provider.DiscoveryJerseyProvider   : Using JSON encoding codec LegacyJacksonJson
2026-05-31T11:32:48.357+05:30  INFO 26649 --- [discovery-service] [           main] c.n.d.provider.DiscoveryJerseyProvider   : Using JSON decoding codec LegacyJacksonJson
2026-05-31T11:32:48.431+05:30  INFO 26649 --- [discovery-service] [           main] c.n.d.provider.DiscoveryJerseyProvider   : Using XML encoding codec XStreamXml
2026-05-31T11:32:48.431+05:30  INFO 26649 --- [discovery-service] [           main] c.n.d.provider.DiscoveryJerseyProvider   : Using XML decoding codec XStreamXml
2026-05-31T11:32:48.488+05:30  INFO 26649 --- [discovery-service] [           main] o.s.v.b.OptionalValidatorFactoryBean     : Failed to set up a Bean Validation provider: jakarta.validation.NoProviderFoundException: Unable to create a Configuration, because no Jakarta Validation provider could be found. Add a provider like Hibernate Validator (RI) to your classpath.
2026-05-31T11:32:48.730+05:30  WARN 26649 --- [discovery-service] [           main] iguration$LoadBalancerCaffeineWarnLogger : Spring Cloud LoadBalancer is currently working with the default cache. While this cache implementation is useful for development and tests, it's recommended to use Caffeine cache in production.You can switch to using Caffeine cache, by adding it and org.springframework.cache.caffeine.CaffeineCacheManager to the classpath.
2026-05-31T11:32:48.742+05:30  INFO 26649 --- [discovery-service] [           main] o.s.c.n.eureka.InstanceInfoFactory       : Setting initial instance status as: STARTING
2026-05-31T11:32:48.753+05:30  INFO 26649 --- [discovery-service] [           main] com.netflix.discovery.DiscoveryClient    : Initializing Eureka in region us-east-1
2026-05-31T11:32:48.753+05:30  INFO 26649 --- [discovery-service] [           main] com.netflix.discovery.DiscoveryClient    : Client configured to neither register nor query for data.
2026-05-31T11:32:48.754+05:30  INFO 26649 --- [discovery-service] [           main] com.netflix.discovery.DiscoveryClient    : Discovery Client initialized at timestamp 1780207368754 with initial instances count: 0
2026-05-31T11:32:48.773+05:30  INFO 26649 --- [discovery-service] [           main] c.n.eureka.DefaultEurekaServerContext    : Initializing ...
2026-05-31T11:32:48.773+05:30  INFO 26649 --- [discovery-service] [           main] c.n.eureka.cluster.PeerEurekaNodes       : Adding new peer nodes [http://localhost:8761/eureka/]
2026-05-31T11:32:48.820+05:30  INFO 26649 --- [discovery-service] [           main] c.n.d.provider.DiscoveryJerseyProvider   : Using JSON encoding codec LegacyJacksonJson
2026-05-31T11:32:48.821+05:30  INFO 26649 --- [discovery-service] [           main] c.n.d.provider.DiscoveryJerseyProvider   : Using JSON decoding codec LegacyJacksonJson
2026-05-31T11:32:48.821+05:30  INFO 26649 --- [discovery-service] [           main] c.n.d.provider.DiscoveryJerseyProvider   : Using XML encoding codec XStreamXml
2026-05-31T11:32:48.821+05:30  INFO 26649 --- [discovery-service] [           main] c.n.d.provider.DiscoveryJerseyProvider   : Using XML decoding codec XStreamXml
2026-05-31T11:32:53.851+05:30  INFO 26649 --- [discovery-service] [           main] c.n.eureka.cluster.PeerEurekaNodes       : Replica node URL:  http://localhost:8761/eureka/
2026-05-31T11:32:53.862+05:30  INFO 26649 --- [discovery-service] [           main] c.n.e.registry.AbstractInstanceRegistry  : Finished initializing remote region registries. All known remote regions: []
2026-05-31T11:32:53.862+05:30  INFO 26649 --- [discovery-service] [           main] c.n.eureka.DefaultEurekaServerContext    : Initialized
2026-05-31T11:32:53.869+05:30  INFO 26649 --- [discovery-service] [           main] o.s.b.a.e.web.EndpointLinksResolver      : Exposing 1 endpoint beneath base path '/actuator'
2026-05-31T11:32:53.889+05:30  INFO 26649 --- [discovery-service] [           main] o.s.c.n.e.s.EurekaServiceRegistry        : Registering application DISCOVERY-SERVICE with eureka with status UP
2026-05-31T11:32:53.894+05:30  INFO 26649 --- [discovery-service] [       Thread-9] o.s.c.n.e.server.EurekaServerBootstrap   : isAws returned false
2026-05-31T11:32:53.894+05:30  INFO 26649 --- [discovery-service] [       Thread-9] o.s.c.n.e.server.EurekaServerBootstrap   : Initialized server context
2026-05-31T11:32:53.894+05:30  INFO 26649 --- [discovery-service] [       Thread-9] c.n.e.r.PeerAwareInstanceRegistryImpl    : Got 1 instances from neighboring DS node
2026-05-31T11:32:53.894+05:30  INFO 26649 --- [discovery-service] [       Thread-9] c.n.e.r.PeerAwareInstanceRegistryImpl    : Renew threshold is: 1
2026-05-31T11:32:53.894+05:30  INFO 26649 --- [discovery-service] [       Thread-9] c.n.e.r.PeerAwareInstanceRegistryImpl    : Changing status to UP
2026-05-31T11:32:53.895+05:30  INFO 26649 --- [discovery-service] [       Thread-9] e.s.EurekaServerInitializerConfiguration : Started Eureka Server
2026-05-31T11:32:53.901+05:30  INFO 26649 --- [discovery-service] [           main] o.s.boot.tomcat.TomcatWebServer          : Tomcat started on port 8761 (http) with context path '/'
2026-05-31T11:32:53.901+05:30  INFO 26649 --- [discovery-service] [           main] .s.c.n.e.s.EurekaAutoServiceRegistration : Updating port to 8761
2026-05-31T11:32:53.908+05:30  INFO 26649 --- [discovery-service] [           main] c.d.d.DiscoveryServiceApplication        : Started DiscoveryServiceApplication in 6.481 seconds (process running for 6.681)
2026-05-31T11:32:54.370+05:30  INFO 26649 --- [discovery-service] [nio-8761-exec-1] o.a.c.c.C.[Tomcat].[localhost].[/]       : Initializing Spring DispatcherServlet 'dispatcherServlet'
2026-05-31T11:32:54.370+05:30  INFO 26649 --- [discovery-service] [nio-8761-exec-1] o.s.web.servlet.DispatcherServlet        : Initializing Servlet 'dispatcherServlet'
2026-05-31T11:32:54.371+05:30  INFO 26649 --- [discovery-service] [nio-8761-exec-1] o.s.web.servlet.DispatcherServlet        : Completed initialization in 1 ms
2026-05-31T11:32:56.143+05:30  INFO 26649 --- [discovery-service] [nio-8761-exec-3] c.n.e.registry.AbstractInstanceRegistry  : Registered instance CONFIG-SERVICE/config-service:8888 with status UP (replication=false)
2026-05-31T11:32:56.727+05:30  INFO 26649 --- [discovery-service] [nio-8761-exec-4] c.n.e.registry.AbstractInstanceRegistry  : Registered instance CONFIG-SERVICE/config-service:8888 with status UP (replication=true)
2026-05-31T11:33:08.973+05:30  INFO 26649 --- [discovery-service] [nio-8761-exec-6] c.n.e.registry.AbstractInstanceRegistry  : Registered instance API-GATEWAY/192.168.1.2:api-gateway:8080 with status UP (replication=false)
2026-05-31T11:33:09.485+05:30  INFO 26649 --- [discovery-service] [nio-8761-exec-7] c.n.e.registry.AbstractInstanceRegistry  : Registered instance API-GATEWAY/192.168.1.2:api-gateway:8080 with status UP (replication=true)
2026-05-31T11:33:13.996+05:30  INFO 26649 --- [discovery-service] [nio-8761-exec-9] c.n.e.registry.AbstractInstanceRegistry  : Registered instance WORKSPACE-SERVICE/192.168.1.2:workspace-service:9020 with status UP (replication=false)
2026-05-31T11:33:14.506+05:30  INFO 26649 --- [discovery-service] [io-8761-exec-10] c.n.e.registry.AbstractInstanceRegistry  : Registered instance WORKSPACE-SERVICE/192.168.1.2:workspace-service:9020 with status UP (replication=true)
2026-05-31T11:33:14.578+05:30  INFO 26649 --- [discovery-service] [nio-8761-exec-2] c.n.e.registry.AbstractInstanceRegistry  : Registered instance INTELLIGENCE-SERVICE/192.168.1.2:intelligence-service:9030 with status UP (replication=false)
2026-05-31T11:33:14.720+05:30  INFO 26649 --- [discovery-service] [nio-8761-exec-4] c.n.e.registry.AbstractInstanceRegistry  : Registered instance ACCOUNT-SERVICE/192.168.1.2:account-service:9050 with status UP (replication=false)
2026-05-31T11:33:15.085+05:30  INFO 26649 --- [discovery-service] [nio-8761-exec-5] c.n.e.registry.AbstractInstanceRegistry  : Registered instance INTELLIGENCE-SERVICE/192.168.1.2:intelligence-service:9030 with status UP (replication=true)
2026-05-31T11:33:15.085+05:30  INFO 26649 --- [discovery-service] [nio-8761-exec-5] c.n.e.registry.AbstractInstanceRegistry  : Registered instance ACCOUNT-SERVICE/192.168.1.2:account-service:9050 with status UP (replication=true)
2026-05-31T11:33:53.900+05:30  INFO 26649 --- [discovery-service] [a-EvictionTimer] c.n.e.registry.AbstractInstanceRegistry  : Running the evict task with compensationTime 0ms
2026-05-31T11:34:53.906+05:30  INFO 26649 --- [discovery-service] [a-EvictionTimer] c.n.e.registry.AbstractInstanceRegistry  : Running the evict task with compensationTime 5ms
2026-05-31T11:35:53.907+05:30  INFO 26649 --- [discovery-service] [a-EvictionTimer] c.n.e.registry.AbstractInstanceRegistry  : Running the evict task with compensationTime 1ms
2026-05-31T11:36:53.912+05:30  INFO 26649 --- [discovery-service] [a-EvictionTimer] c.n.e.registry.AbstractInstanceRegistry  : Running the evict task with compensationTime 5ms
2026-05-31T11:37:53.913+05:30  INFO 26649 --- [discovery-service] [a-EvictionTimer] c.n.e.registry.AbstractInstanceRegistry  : Running the evict task with compensationTime 0ms
2026-05-31T11:38:53.917+05:30  INFO 26649 --- [discovery-service] [a-EvictionTimer] c.n.e.registry.AbstractInstanceRegistry  : Running the evict task with compensationTime 3ms
2026-05-31T11:39:53.922+05:30  INFO 26649 --- [discovery-service] [a-EvictionTimer] c.n.e.registry.AbstractInstanceRegistry  : Running the evict task with compensationTime 5ms
2026-05-31T11:40:53.925+05:30  INFO 26649 --- [discovery-service] [a-EvictionTimer] c.n.e.registry.AbstractInstanceRegistry  : Running the evict task with compensationTime 2ms
2026-05-31T11:41:53.931+05:30  INFO 26649 --- [discovery-service] [a-EvictionTimer] c.n.e.registry.AbstractInstanceRegistry  : Running the evict task with compensationTime 5ms
2026-05-31T11:42:53.932+05:30  INFO 26649 --- [discovery-service] [a-EvictionTimer] c.n.e.registry.AbstractInstanceRegistry  : Running the evict task with compensationTime 0ms
2026-05-31T11:43:53.933+05:30  INFO 26649 --- [discovery-service] [a-EvictionTimer] c.n.e.registry.AbstractInstanceRegistry  : Running the evict task with compensationTime 1ms
2026-05-31T11:44:53.934+05:30  INFO 26649 --- [discovery-service] [a-EvictionTimer] c.n.e.registry.AbstractInstanceRegistry  : Running the evict task with compensationTime 0ms
2026-05-31T11:45:53.937+05:30  INFO 26649 --- [discovery-service] [a-EvictionTimer] c.n.e.registry.AbstractInstanceRegistry  : Running the evict task with compensationTime 3ms
2026-05-31T11:46:53.941+05:30  INFO 26649 --- [discovery-service] [a-EvictionTimer] c.n.e.registry.AbstractInstanceRegistry  : Running the evict task with compensationTime 3ms
2026-05-31T11:47:53.866+05:30  INFO 26649 --- [discovery-service] [hresholdUpdater] c.n.e.r.PeerAwareInstanceRegistryImpl    : Current renewal threshold is : 10
2026-05-31T11:47:53.941+05:30  INFO 26649 --- [discovery-service] [a-EvictionTimer] c.n.e.registry.AbstractInstanceRegistry  : Running the evict task with compensationTime 7ms
2026-05-31T11:48:53.942+05:30  INFO 26649 --- [discovery-service] [a-EvictionTimer] c.n.e.registry.AbstractInstanceRegistry  : Running the evict task with compensationTime 7ms
2026-05-31T11:49:18.792+05:30  INFO 26649 --- [discovery-service] [nio-8761-exec-9] c.n.e.registry.AbstractInstanceRegistry  : Registered instance WORKSPACE-SERVICE/192.168.1.2:workspace-service:9020 with status UP (replication=false)
2026-05-31T11:49:19.302+05:30  INFO 26649 --- [discovery-service] [nio-8761-exec-6] c.n.e.registry.AbstractInstanceRegistry  : Registered instance WORKSPACE-SERVICE/192.168.1.2:workspace-service:9020 with status UP (replication=true)
2026-05-31T11:49:53.947+05:30  INFO 26649 --- [discovery-service] [a-EvictionTimer] c.n.e.registry.AbstractInstanceRegistry  : Running the evict task with compensationTime 5ms
2026-05-31T11:50:53.953+05:30  INFO 26649 --- [discovery-service] [a-EvictionTimer] c.n.e.registry.AbstractInstanceRegistry  : Running the evict task with compensationTime 5ms
2026-05-31T11:51:53.961+05:30  INFO 26649 --- [discovery-service] [a-EvictionTimer] c.n.e.registry.AbstractInstanceRegistry  : Running the evict task with compensationTime 4ms
2026-05-31T11:52:53.963+05:30  INFO 26649 --- [discovery-service] [a-EvictionTimer] c.n.e.registry.AbstractInstanceRegistry  : Running the evict task with compensationTime 5ms
2026-05-31T11:53:53.967+05:30  INFO 26649 --- [discovery-service] [a-EvictionTimer] c.n.e.registry.AbstractInstanceRegistry  : Running the evict task with compensationTime 4ms
2026-05-31T11:54:53.968+05:30  INFO 26649 --- [discovery-service] [a-EvictionTimer] c.n.e.registry.AbstractInstanceRegistry  : Running the evict task with compensationTime 0ms
2026-05-31T11:55:53.972+05:30  INFO 26649 --- [discovery-service] [a-EvictionTimer] c.n.e.registry.AbstractInstanceRegistry  : Running the evict task with compensationTime 4ms
2026-05-31T11:56:53.977+05:30  INFO 26649 --- [discovery-service] [a-EvictionTimer] c.n.e.registry.AbstractInstanceRegistry  : Running the evict task with compensationTime 4ms
2026-05-31T12:14:21.110+05:30  INFO 26649 --- [discovery-service] [a-EvictionTimer] c.n.e.registry.AbstractInstanceRegistry  : Running the evict task with compensationTime 4ms
2026-05-31T12:14:21.113+05:30  INFO 26649 --- [discovery-service] [a-EvictionTimer] c.n.e.registry.AbstractInstanceRegistry  : Evicting 1 items (expired=1, evictionLimit=1)
2026-05-31T12:14:21.113+05:30  WARN 26649 --- [discovery-service] [a-EvictionTimer] c.n.e.registry.AbstractInstanceRegistry  : DS: Registry: expired lease for CONFIG-SERVICE/config-service:8888
2026-05-31T12:14:21.114+05:30  INFO 26649 --- [discovery-service] [a-EvictionTimer] c.n.e.registry.AbstractInstanceRegistry  : Cancelled instance CONFIG-SERVICE/config-service:8888 (replication=false)
2026-05-31T12:14:23.818+05:30  WARN 26649 --- [discovery-service] [nio-8761-exec-8] c.n.e.registry.AbstractInstanceRegistry  : DS: Registry: lease doesn't exist, registering resource: CONFIG-SERVICE - config-service:8888
2026-05-31T12:14:23.819+05:30  WARN 26649 --- [discovery-service] [nio-8761-exec-8] c.n.eureka.resources.InstanceResource    : Not Found (Renew): CONFIG-SERVICE - config-service:8888
2026-05-31T12:14:23.874+05:30  INFO 26649 --- [discovery-service] [nio-8761-exec-4] c.n.e.registry.AbstractInstanceRegistry  : Registered instance CONFIG-SERVICE/config-service:8888 with status UP (replication=false)
2026-05-31T12:14:24.389+05:30  INFO 26649 --- [discovery-service] [io-8761-exec-10] c.n.e.registry.AbstractInstanceRegistry  : Registered instance CONFIG-SERVICE/config-service:8888 with status UP (replication=true)
2026-05-31T12:15:21.123+05:30  INFO 26649 --- [discovery-service] [a-EvictionTimer] c.n.e.registry.AbstractInstanceRegistry  : Running the evict task with compensationTime 5ms
2026-05-31T12:16:21.127+05:30  INFO 26649 --- [discovery-service] [a-EvictionTimer] c.n.e.registry.AbstractInstanceRegistry  : Running the evict task with compensationTime 3ms
2026-05-31T12:17:21.135+05:30  INFO 26649 --- [discovery-service] [a-EvictionTimer] c.n.e.registry.AbstractInstanceRegistry  : Running the evict task with compensationTime 3ms
2026-05-31T12:18:21.138+05:30  INFO 26649 --- [discovery-service] [a-EvictionTimer] c.n.e.registry.AbstractInstanceRegistry  : Running the evict task with compensationTime 2ms
2026-05-31T12:19:21.002+05:30  INFO 26649 --- [discovery-service] [hresholdUpdater] c.n.e.r.PeerAwareInstanceRegistryImpl    : Current renewal threshold is : 10
2026-05-31T12:19:21.142+05:30  INFO 26649 --- [discovery-service] [a-EvictionTimer] c.n.e.registry.AbstractInstanceRegistry  : Running the evict task with compensationTime 2ms
2026-05-31T12:20:21.145+05:30  INFO 26649 --- [discovery-service] [a-EvictionTimer] c.n.e.registry.AbstractInstanceRegistry  : Running the evict task with compensationTime 2ms
2026-05-31T12:21:21.147+05:30  INFO 26649 --- [discovery-service] [a-EvictionTimer] c.n.e.registry.AbstractInstanceRegistry  : Running the evict task with compensationTime 2ms
2026-05-31T12:22:21.150+05:30  INFO 26649 --- [discovery-service] [a-EvictionTimer] c.n.e.registry.AbstractInstanceRegistry  : Running the evict task with compensationTime 1ms
2026-05-31T12:23:21.153+05:30  INFO 26649 --- [discovery-service] [a-EvictionTimer] c.n.e.registry.AbstractInstanceRegistry  : Running the evict task with compensationTime 2ms
2026-05-31T12:24:21.157+05:30  INFO 26649 --- [discovery-service] [a-EvictionTimer] c.n.e.registry.AbstractInstanceRegistry  : Running the evict task with compensationTime 2ms
2026-05-31T12:25:21.159+05:30  INFO 26649 --- [discovery-service] [a-EvictionTimer] c.n.e.registry.AbstractInstanceRegistry  : Running the evict task with compensationTime 0ms
