
  .   ____          _            __ _ _
 /\\ / ___'_ __ _ _(_)_ __  __ _ \ \ \ \
( ( )\___ | '_ | '_| | '_ \/ _` | \ \ \ \
 \\/  ___)| |_)| | | | | || (_| |  ) ) ) )
  '  |____| .__|_| |_|_| |_\__, | / / / /
 =========|_|==============|___/=/_/_/_/

 :: Spring Boot ::                (v4.0.3)

2026-05-31T11:49:14.957+05:30  INFO 27396 --- [workspace-service] [           main] c.d.w.WorkspaceServiceApplication        : Starting WorkspaceServiceApplication v0.0.1-SNAPSHOT using Java 21.0.11 with PID 27396 (/Users/jatingarg/Downloads/AI Project/Lovable_Distributed-main/workspace-service/target/workspace-service-0.0.1-SNAPSHOT.jar started by jatingarg in /Users/jatingarg/Downloads/AI Project/Lovable_Distributed-main/workspace-service)
2026-05-31T11:49:14.958+05:30  INFO 27396 --- [workspace-service] [           main] c.d.w.WorkspaceServiceApplication        : No active profile set, falling back to 1 default profile: "default"
2026-05-31T11:49:14.977+05:30  INFO 27396 --- [workspace-service] [           main] o.s.c.c.c.ConfigServerConfigDataLoader   : Fetching config from server at : http://localhost:8888
2026-05-31T11:49:14.977+05:30  INFO 27396 --- [workspace-service] [           main] o.s.c.c.c.ConfigServerConfigDataLoader   : Located environment: name=workspace-service, profiles=[default], label=null, version=964a2120e848b00190bca6334ca4e84c32bef554, state=
2026-05-31T11:49:15.433+05:30  INFO 27396 --- [workspace-service] [           main] .s.d.r.c.RepositoryConfigurationDelegate : Multiple Spring Data modules found, entering strict repository configuration mode
2026-05-31T11:49:15.434+05:30  INFO 27396 --- [workspace-service] [           main] .s.d.r.c.RepositoryConfigurationDelegate : Bootstrapping Spring Data JPA repositories in DEFAULT mode.
2026-05-31T11:49:15.526+05:30  INFO 27396 --- [workspace-service] [           main] .s.d.r.c.RepositoryConfigurationDelegate : Finished Spring Data repository scanning in 87 ms. Found 4 JPA repository interfaces.
2026-05-31T11:49:15.536+05:30  INFO 27396 --- [workspace-service] [           main] .s.d.r.c.RepositoryConfigurationDelegate : Multiple Spring Data modules found, entering strict repository configuration mode
2026-05-31T11:49:15.536+05:30  INFO 27396 --- [workspace-service] [           main] .s.d.r.c.RepositoryConfigurationDelegate : Bootstrapping Spring Data Redis repositories in DEFAULT mode.
2026-05-31T11:49:15.545+05:30  INFO 27396 --- [workspace-service] [           main] .RepositoryConfigurationExtensionSupport : Spring Data Redis - Could not safely identify store assignment for repository candidate interface com.distributed_lovable.workspace_service.repository.ProcessedEventRepository; If you want this repository to be a Redis repository, consider annotating your entities with one of these annotations: org.springframework.data.redis.core.RedisHash (preferred), or consider extending one of the following types with your repository: org.springframework.data.keyvalue.repository.KeyValueRepository
2026-05-31T11:49:15.545+05:30  INFO 27396 --- [workspace-service] [           main] .RepositoryConfigurationExtensionSupport : Spring Data Redis - Could not safely identify store assignment for repository candidate interface com.distributed_lovable.workspace_service.repository.ProjectFileRepository; If you want this repository to be a Redis repository, consider annotating your entities with one of these annotations: org.springframework.data.redis.core.RedisHash (preferred), or consider extending one of the following types with your repository: org.springframework.data.keyvalue.repository.KeyValueRepository
2026-05-31T11:49:15.545+05:30  INFO 27396 --- [workspace-service] [           main] .RepositoryConfigurationExtensionSupport : Spring Data Redis - Could not safely identify store assignment for repository candidate interface com.distributed_lovable.workspace_service.repository.ProjectMemberRepository; If you want this repository to be a Redis repository, consider annotating your entities with one of these annotations: org.springframework.data.redis.core.RedisHash (preferred), or consider extending one of the following types with your repository: org.springframework.data.keyvalue.repository.KeyValueRepository
2026-05-31T11:49:15.546+05:30  INFO 27396 --- [workspace-service] [           main] .RepositoryConfigurationExtensionSupport : Spring Data Redis - Could not safely identify store assignment for repository candidate interface com.distributed_lovable.workspace_service.repository.ProjectRepository; If you want this repository to be a Redis repository, consider annotating your entities with one of these annotations: org.springframework.data.redis.core.RedisHash (preferred), or consider extending one of the following types with your repository: org.springframework.data.keyvalue.repository.KeyValueRepository
2026-05-31T11:49:15.546+05:30  INFO 27396 --- [workspace-service] [           main] .s.d.r.c.RepositoryConfigurationDelegate : Finished Spring Data repository scanning in 2 ms. Found 0 Redis repository interfaces.
2026-05-31T11:49:15.727+05:30  INFO 27396 --- [workspace-service] [           main] o.s.cloud.context.scope.GenericScope     : BeanFactory id=2c4dcb9d-7557-3bf6-a00f-a9eac5d0b229
2026-05-31T11:49:15.936+05:30  INFO 27396 --- [workspace-service] [           main] o.s.boot.tomcat.TomcatWebServer          : Tomcat initialized with port 9020 (http)
2026-05-31T11:49:15.942+05:30  INFO 27396 --- [workspace-service] [           main] o.apache.catalina.core.StandardService   : Starting service [Tomcat]
2026-05-31T11:49:15.942+05:30  INFO 27396 --- [workspace-service] [           main] o.apache.catalina.core.StandardEngine    : Starting Servlet engine: [Apache Tomcat/11.0.18]
2026-05-31T11:49:15.955+05:30  INFO 27396 --- [workspace-service] [           main] b.w.c.s.WebApplicationContextInitializer : Root WebApplicationContext: initialization completed in 977 ms
2026-05-31T11:49:16.021+05:30  WARN 27396 --- [workspace-service] [           main] c.d.common_lib.security.AuthUtil         : DEBUG AuthUtil jwt key length=49, first10chars='my-super-s'
2026-05-31T11:49:16.028+05:30  WARN 27396 --- [workspace-service] [           main] JpaBaseConfiguration$JpaWebConfiguration : spring.jpa.open-in-view is enabled by default. Therefore, database queries may be performed during view rendering. Explicitly configure spring.jpa.open-in-view to disable this warning
2026-05-31T11:49:16.078+05:30  INFO 27396 --- [workspace-service] [           main] org.hibernate.orm.jpa                    : HHH008540: Processing PersistenceUnitInfo [name: default]
2026-05-31T11:49:16.121+05:30  INFO 27396 --- [workspace-service] [           main] org.hibernate.orm.core                   : HHH000001: Hibernate ORM core version 7.2.4.Final
2026-05-31T11:49:16.434+05:30  INFO 27396 --- [workspace-service] [           main] o.s.o.j.p.SpringPersistenceUnitInfo      : No LoadTimeWeaver setup: ignoring JPA class transformer
2026-05-31T11:49:16.455+05:30  INFO 27396 --- [workspace-service] [           main] com.zaxxer.hikari.HikariDataSource       : HikariPool-1 - Starting...
2026-05-31T11:49:16.559+05:30  INFO 27396 --- [workspace-service] [           main] com.zaxxer.hikari.pool.HikariPool        : HikariPool-1 - Added connection org.postgresql.jdbc.PgConnection@37289e90
2026-05-31T11:49:16.560+05:30  INFO 27396 --- [workspace-service] [           main] com.zaxxer.hikari.HikariDataSource       : HikariPool-1 - Start completed.
2026-05-31T11:49:16.579+05:30  WARN 27396 --- [workspace-service] [           main] org.hibernate.orm.deprecation            : HHH90000025: PostgreSQLDialect does not need to be specified explicitly using 'hibernate.dialect' (remove the property setting and it will be selected by default)
2026-05-31T11:49:16.593+05:30  INFO 27396 --- [workspace-service] [           main] org.hibernate.orm.connections.pooling    : HHH10001005: Database info:
	Database JDBC URL [jdbc:postgresql://localhost:9010/lovable-workspace-db]
	Database driver: PostgreSQL JDBC Driver
	Database dialect: PostgreSQLDialect
	Database version: 18.2
	Default catalog/schema: lovable-workspace-db/public
	Autocommit mode: undefined/unknown
	Isolation level: READ_COMMITTED [default READ_COMMITTED]
	JDBC fetch size: none
	Pool: DataSourceConnectionProvider
	Minimum pool size: undefined/unknown
	Maximum pool size: undefined/unknown
2026-05-31T11:49:16.758+05:30  WARN 27396 --- [workspace-service] [           main] org.hibernate.orm.core                   : HHH000038: Composite id class does not override equals(): com.distributed_lovable.workspace_service.entity.ProjectMemberId
2026-05-31T11:49:17.092+05:30  INFO 27396 --- [workspace-service] [           main] org.hibernate.orm.core                   : HHH000489: No JTA platform available (set 'hibernate.transaction.jta.platform' to enable JTA platform integration)
2026-05-31T11:49:17.146+05:30  INFO 27396 --- [workspace-service] [           main] j.LocalContainerEntityManagerFactoryBean : Initialized JPA EntityManagerFactory for persistence unit 'default'
2026-05-31T11:49:17.200+05:30 DEBUG 27396 --- [workspace-service] [           main] .m.m.a.ExceptionHandlerExceptionResolver : ControllerAdvice beans: 1 @ExceptionHandler, 1 ResponseBodyAdvice
2026-05-31T11:49:17.225+05:30 DEBUG 27396 --- [workspace-service] [           main] o.s.w.f.ServerHttpObservationFilter      : Filter 'webMvcObservationFilter' configured for use
2026-05-31T11:49:17.260+05:30  INFO 27396 --- [workspace-service] [           main] o.s.d.j.r.query.QueryEnhancerFactories   : Hibernate is in classpath; If applicable, HQL parser will be used.
2026-05-31T11:49:17.867+05:30  INFO 27396 --- [workspace-service] [           main] o.s.c.openfeign.FeignClientFactoryBean   : For 'account-service' URL not provided. Will try picking an instance via load-balancing.
2026-05-31T11:49:18.096+05:30  WARN 27396 --- [workspace-service] [           main] i.n.r.d.DnsServerAddressStreamProviders  : Can not find io.netty.resolver.dns.macos.MacOSDnsServerAddressStreamProvider in the classpath, fallback to system defaults. This may result in incorrect DNS resolutions on MacOS. Check whether you have a dependency on 'io.netty:netty-resolver-dns-native-macos'
2026-05-31T11:49:18.251+05:30  WARN 27396 --- [workspace-service] [           main] .s.a.UserDetailsServiceAutoConfiguration : 

Using generated security password: 8f9aa958-7cc5-4c2a-99ef-39eea037ebf2

This generated password is for development use only. Your security configuration must be updated before running your application in production.

2026-05-31T11:49:18.255+05:30  INFO 27396 --- [workspace-service] [           main] r$InitializeUserDetailsManagerConfigurer : Global AuthenticationManager configured with UserDetailsService bean with name inMemoryUserDetailsManager
2026-05-31T11:49:18.351+05:30 DEBUG 27396 --- [workspace-service] [           main] s.w.s.m.m.a.RequestMappingHandlerMapping : 19 mappings in 'requestMappingHandlerMapping'
2026-05-31T11:49:18.369+05:30 DEBUG 27396 --- [workspace-service] [           main] o.s.w.s.handler.SimpleUrlHandlerMapping  : Patterns [/webjars/**, /**] in 'resourceHandlerMapping'
2026-05-31T11:49:18.423+05:30  INFO 27396 --- [workspace-service] [           main] o.s.b.a.e.web.EndpointLinksResolver      : Exposing 2 endpoints beneath base path '/actuator'
2026-05-31T11:49:18.453+05:30 DEBUG 27396 --- [workspace-service] [           main] s.w.s.m.m.a.RequestMappingHandlerAdapter : ControllerAdvice beans: 0 @ModelAttribute, 0 @InitBinder, 2 RequestBodyAdvice, 1 ResponseBodyAdvice
2026-05-31T11:49:18.567+05:30  INFO 27396 --- [workspace-service] [           main] DiscoveryClientOptionalArgsConfiguration : Eureka HTTP Client uses RestClient.
2026-05-31T11:49:18.577+05:30  WARN 27396 --- [workspace-service] [           main] iguration$LoadBalancerCaffeineWarnLogger : Spring Cloud LoadBalancer is currently working with the default cache. While this cache implementation is useful for development and tests, it's recommended to use Caffeine cache in production.You can switch to using Caffeine cache, by adding it and org.springframework.cache.caffeine.CaffeineCacheManager to the classpath.
2026-05-31T11:49:18.611+05:30  INFO 27396 --- [workspace-service] [           main] o.s.c.n.eureka.InstanceInfoFactory       : Setting initial instance status as: STARTING
2026-05-31T11:49:18.626+05:30  INFO 27396 --- [workspace-service] [           main] com.netflix.discovery.DiscoveryClient    : Initializing Eureka in region us-east-1
2026-05-31T11:49:18.628+05:30  INFO 27396 --- [workspace-service] [           main] c.n.d.s.r.aws.ConfigClusterResolver      : Resolving eureka endpoints via configuration
2026-05-31T11:49:18.634+05:30  INFO 27396 --- [workspace-service] [           main] com.netflix.discovery.DiscoveryClient    : Disable delta property : false
2026-05-31T11:49:18.634+05:30  INFO 27396 --- [workspace-service] [           main] com.netflix.discovery.DiscoveryClient    : Single vip registry refresh property : null
2026-05-31T11:49:18.634+05:30  INFO 27396 --- [workspace-service] [           main] com.netflix.discovery.DiscoveryClient    : Force full registry fetch : false
2026-05-31T11:49:18.634+05:30  INFO 27396 --- [workspace-service] [           main] com.netflix.discovery.DiscoveryClient    : Application is null : false
2026-05-31T11:49:18.634+05:30  INFO 27396 --- [workspace-service] [           main] com.netflix.discovery.DiscoveryClient    : Registered Applications size is zero : true
2026-05-31T11:49:18.634+05:30  INFO 27396 --- [workspace-service] [           main] com.netflix.discovery.DiscoveryClient    : Application version is -1: true
2026-05-31T11:49:18.634+05:30  INFO 27396 --- [workspace-service] [           main] com.netflix.discovery.DiscoveryClient    : Getting all instance registry info from the eureka server
2026-05-31T11:49:18.755+05:30 DEBUG 27396 --- [workspace-service] [           main] o.s.web.client.DefaultRestClient         : Reading to [com.netflix.discovery.shared.Applications]
2026-05-31T11:49:18.769+05:30  INFO 27396 --- [workspace-service] [           main] com.netflix.discovery.DiscoveryClient    : The response status is 200
2026-05-31T11:49:18.770+05:30  INFO 27396 --- [workspace-service] [           main] com.netflix.discovery.DiscoveryClient    : Starting heartbeat executor: renew interval is: 30
2026-05-31T11:49:18.771+05:30  INFO 27396 --- [workspace-service] [           main] c.n.discovery.InstanceInfoReplicator     : InstanceInfoReplicator onDemand update allowed rate per min is 4
2026-05-31T11:49:18.771+05:30  INFO 27396 --- [workspace-service] [           main] com.netflix.discovery.DiscoveryClient    : Discovery Client initialized at timestamp 1780208358771 with initial instances count: 5
2026-05-31T11:49:18.773+05:30  INFO 27396 --- [workspace-service] [           main] o.s.c.n.e.s.EurekaServiceRegistry        : Registering application WORKSPACE-SERVICE with eureka with status UP
2026-05-31T11:49:18.773+05:30  INFO 27396 --- [workspace-service] [           main] com.netflix.discovery.DiscoveryClient    : Saw local status change event StatusChangeEvent [timestamp=1780208358773, current=UP, previous=STARTING]
2026-05-31T11:49:18.774+05:30  INFO 27396 --- [workspace-service] [foReplicator-%d] com.netflix.discovery.DiscoveryClient    : DiscoveryClient_WORKSPACE-SERVICE/192.168.1.2:workspace-service:9020: registering service...
2026-05-31T11:49:18.778+05:30  INFO 27396 --- [workspace-service] [           main] o.s.boot.tomcat.TomcatWebServer          : Tomcat started on port 9020 (http) with context path '/'
2026-05-31T11:49:18.779+05:30  INFO 27396 --- [workspace-service] [           main] .s.c.n.e.s.EurekaAutoServiceRegistration : Updating port to 9020
2026-05-31T11:49:18.782+05:30 DEBUG 27396 --- [workspace-service] [foReplicator-%d] o.s.web.client.DefaultRestClient         : Writing [InstanceInfo [instanceId = 192.168.1.2:workspace-service:9020, appName = WORKSPACE-SERVICE, hostName = 192.168.1.2, status = UP, ipAddr = 192.168.1.2, port = 9020, securePort = 443, dataCenterInfo = com.netflix.appinfo.MyDataCenterInfo@33d74ebd] as "application/json" with org.springframework.http.converter.json.MappingJackson2HttpMessageConverter
2026-05-31T11:49:18.793+05:30  INFO 27396 --- [workspace-service] [foReplicator-%d] com.netflix.discovery.DiscoveryClient    : DiscoveryClient_WORKSPACE-SERVICE/192.168.1.2:workspace-service:9020 - registration status: 204
2026-05-31T11:49:18.885+05:30  INFO 27396 --- [workspace-service] [           main] c.d.w.WorkspaceServiceApplication        : Started WorkspaceServiceApplication in 5.801 seconds (process running for 6.16)
2026-05-31T11:49:42.782+05:30  INFO 27396 --- [workspace-service] [nio-9020-exec-1] o.a.c.c.C.[Tomcat].[localhost].[/]       : Initializing Spring DispatcherServlet 'dispatcherServlet'
2026-05-31T11:49:42.782+05:30  INFO 27396 --- [workspace-service] [nio-9020-exec-1] o.s.web.servlet.DispatcherServlet        : Initializing Servlet 'dispatcherServlet'
2026-05-31T11:49:42.782+05:30 DEBUG 27396 --- [workspace-service] [nio-9020-exec-1] o.s.web.servlet.DispatcherServlet        : Detected StandardServletMultipartResolver
2026-05-31T11:49:42.782+05:30 DEBUG 27396 --- [workspace-service] [nio-9020-exec-1] o.s.web.servlet.DispatcherServlet        : Detected AcceptHeaderLocaleResolver
2026-05-31T11:49:42.783+05:30 DEBUG 27396 --- [workspace-service] [nio-9020-exec-1] o.s.web.servlet.DispatcherServlet        : Detected org.springframework.web.servlet.view.DefaultRequestToViewNameTranslator@45348159
2026-05-31T11:49:42.783+05:30 DEBUG 27396 --- [workspace-service] [nio-9020-exec-1] o.s.web.servlet.DispatcherServlet        : Detected org.springframework.web.servlet.support.SessionFlashMapManager@697c3410
2026-05-31T11:49:42.783+05:30 DEBUG 27396 --- [workspace-service] [nio-9020-exec-1] o.s.web.servlet.DispatcherServlet        : enableLoggingRequestDetails='false': request parameters and headers will be masked to prevent unsafe logging of potentially sensitive data
2026-05-31T11:49:42.783+05:30  INFO 27396 --- [workspace-service] [nio-9020-exec-1] o.s.web.servlet.DispatcherServlet        : Completed initialization in 1 ms
2026-05-31T11:49:42.799+05:30  WARN 27396 --- [workspace-service] [nio-9020-exec-1] o.s.w.s.h.HandlerMappingIntrospector     : Cache miss for REQUEST dispatch to '/projects/5' (previous null). Performing CorsConfiguration lookup. This is logged once only at WARN level, and every time at TRACE.
2026-05-31T11:49:42.801+05:30 DEBUG 27396 --- [workspace-service] [nio-9020-exec-1] o.s.web.cors.DefaultCorsProcessor        : Skip: no CORS configuration has been provided
2026-05-31T11:49:42.802+05:30  INFO 27396 --- [workspace-service] [nio-9020-exec-1] c.d.common_lib.security.JwtAuthFilter    : incoming request: /projects/5
2026-05-31T11:49:42.846+05:30 DEBUG 27396 --- [workspace-service] [nio-9020-exec-1] o.s.web.servlet.DispatcherServlet        : GET "/projects/5", parameters={}
2026-05-31T11:49:42.847+05:30 DEBUG 27396 --- [workspace-service] [nio-9020-exec-1] s.w.s.m.m.a.RequestMappingHandlerMapping : Mapped to com.distributed_lovable.workspace_service.controller.ProjectController#getProjectById(Long)
Hibernate: select pm1_0.project_role from project_members pm1_0 where pm1_0.project_id=? and pm1_0.user_id=?
Hibernate: select p1_0.id,p1_0.created_at,p1_0.deleted_at,p1_0.is_public,p1_0.name,p1_0.updated_at,pm1_0.project_role from project_members pm1_0 join projects p1_0 on p1_0.id=pm1_0.project_id where pm1_0.project_id=? and pm1_0.user_id=? and p1_0.deleted_at is null
2026-05-31T11:49:42.936+05:30 DEBUG 27396 --- [workspace-service] [nio-9020-exec-1] o.s.w.s.m.m.a.HttpEntityMethodProcessor  : Using 'application/json', given [*/*] and supported [application/json, application/*+json, application/yaml]
2026-05-31T11:49:42.938+05:30 DEBUG 27396 --- [workspace-service] [nio-9020-exec-1] o.s.w.s.m.m.a.HttpEntityMethodProcessor  : Writing [ProjectSummaryResponse[id=5, name=Snake Ladder, createdAt=2026-05-30T18:23:31.970196Z, updatedAt=202 (truncated)...]
2026-05-31T11:49:42.959+05:30 DEBUG 27396 --- [workspace-service] [nio-9020-exec-1] o.s.web.servlet.DispatcherServlet        : Completed 200 OK
2026-05-31T11:49:48.251+05:30 DEBUG 27396 --- [workspace-service] [nio-9020-exec-2] o.s.web.cors.DefaultCorsProcessor        : Skip: no CORS configuration has been provided
2026-05-31T11:49:48.251+05:30  INFO 27396 --- [workspace-service] [nio-9020-exec-2] c.d.common_lib.security.JwtAuthFilter    : incoming request: /projects/5/files/download-zip
2026-05-31T11:49:48.253+05:30 DEBUG 27396 --- [workspace-service] [nio-9020-exec-2] o.s.web.servlet.DispatcherServlet        : GET "/projects/5/files/download-zip", parameters={}
2026-05-31T11:49:48.254+05:30 DEBUG 27396 --- [workspace-service] [nio-9020-exec-2] s.w.s.m.m.a.RequestMappingHandlerMapping : Mapped to com.distributed_lovable.workspace_service.controller.FileController#downloadZip(Long, HttpServletResponse)
2026-05-31T11:49:48.257+05:30  INFO 27396 --- [workspace-service] [nio-9020-exec-2] c.d.w.controller.FileController          : Downloading ZIP for project: 5
Hibernate: select pf1_0.id,pf1_0.created_at,pf1_0.minio_object_key,pf1_0.path,pf1_0.project_id,pf1_0.updated_at from project_files pf1_0 where pf1_0.project_id=?
2026-05-31T11:49:48.308+05:30 DEBUG 27396 --- [workspace-service] [nio-9020-exec-2] o.s.web.servlet.DispatcherServlet        : Completed 200 OK
2026-05-31T11:49:48.779+05:30 DEBUG 27396 --- [workspace-service] [reshExecutor-%d] o.s.web.client.DefaultRestClient         : Reading to [com.netflix.discovery.shared.Applications]
2026-05-31T11:49:56.805+05:30  INFO 27396 --- [workspace-service] [ntainer#0-0-C-1] o.s.k.l.KafkaMessageListenerContainer    : workspace-group: partitions assigned: [file-storage-request-event-0]
2026-05-31T11:50:18.794+05:30 DEBUG 27396 --- [workspace-service] [reshExecutor-%d] o.s.web.client.DefaultRestClient         : Reading to [com.netflix.discovery.shared.Applications]
2026-05-31T11:50:48.808+05:30 DEBUG 27396 --- [workspace-service] [reshExecutor-%d] o.s.web.client.DefaultRestClient         : Reading to [com.netflix.discovery.shared.Applications]
2026-05-31T11:51:18.823+05:30 DEBUG 27396 --- [workspace-service] [reshExecutor-%d] o.s.web.client.DefaultRestClient         : Reading to [com.netflix.discovery.shared.Applications]
2026-05-31T11:51:34.774+05:30 DEBUG 27396 --- [workspace-service] [nio-9020-exec-4] o.s.web.cors.DefaultCorsProcessor        : Skip: no CORS configuration has been provided
2026-05-31T11:51:34.774+05:30  INFO 27396 --- [workspace-service] [nio-9020-exec-4] c.d.common_lib.security.JwtAuthFilter    : incoming request: /projects/5/files
2026-05-31T11:51:34.777+05:30 DEBUG 27396 --- [workspace-service] [nio-9020-exec-4] o.s.web.servlet.DispatcherServlet        : GET "/projects/5/files", parameters={}
2026-05-31T11:51:34.777+05:30 DEBUG 27396 --- [workspace-service] [nio-9020-exec-4] s.w.s.m.m.a.RequestMappingHandlerMapping : Mapped to com.distributed_lovable.workspace_service.controller.FileController#getFileTree(Long)
2026-05-31T11:51:34.783+05:30  INFO 27396 --- [workspace-service] [nio-9020-exec-4] c.d.w.controller.FileController          : Fetching file tree for project: 5
Hibernate: select pf1_0.id,pf1_0.created_at,pf1_0.minio_object_key,pf1_0.path,pf1_0.project_id,pf1_0.updated_at from project_files pf1_0 where pf1_0.project_id=?
2026-05-31T11:51:34.805+05:30  INFO 27396 --- [workspace-service] [nio-9020-exec-4] c.d.w.controller.FileController          : Successfully loaded file tree with 5 files
2026-05-31T11:51:34.807+05:30 DEBUG 27396 --- [workspace-service] [nio-9020-exec-4] o.s.w.s.m.m.a.HttpEntityMethodProcessor  : Using 'application/json', given [*/*] and supported [application/json, application/*+json, application/yaml]
2026-05-31T11:51:34.809+05:30 DEBUG 27396 --- [workspace-service] [nio-9020-exec-4] o.s.w.s.m.m.a.HttpEntityMethodProcessor  : Writing [FileTreeDto[files=[src/App.tsx, src/index.css, src/components/GameBoard.tsx, src/components/Dice.tsx (truncated)...]
2026-05-31T11:51:34.817+05:30 DEBUG 27396 --- [workspace-service] [nio-9020-exec-4] o.s.web.servlet.DispatcherServlet        : Completed 200 OK
2026-05-31T11:51:34.834+05:30 DEBUG 27396 --- [workspace-service] [nio-9020-exec-5] o.s.web.cors.DefaultCorsProcessor        : Skip: no CORS configuration has been provided
2026-05-31T11:51:34.835+05:30  INFO 27396 --- [workspace-service] [nio-9020-exec-5] c.d.common_lib.security.JwtAuthFilter    : incoming request: /projects/5/files
2026-05-31T11:51:34.836+05:30 DEBUG 27396 --- [workspace-service] [nio-9020-exec-5] o.s.web.servlet.DispatcherServlet        : GET "/projects/5/files", parameters={}
2026-05-31T11:51:34.836+05:30 DEBUG 27396 --- [workspace-service] [nio-9020-exec-5] s.w.s.m.m.a.RequestMappingHandlerMapping : Mapped to com.distributed_lovable.workspace_service.controller.FileController#getFileTree(Long)
2026-05-31T11:51:34.837+05:30  INFO 27396 --- [workspace-service] [nio-9020-exec-5] c.d.w.controller.FileController          : Fetching file tree for project: 5
Hibernate: select pf1_0.id,pf1_0.created_at,pf1_0.minio_object_key,pf1_0.path,pf1_0.project_id,pf1_0.updated_at from project_files pf1_0 where pf1_0.project_id=?
2026-05-31T11:51:34.839+05:30  INFO 27396 --- [workspace-service] [nio-9020-exec-5] c.d.w.controller.FileController          : Successfully loaded file tree with 5 files
2026-05-31T11:51:34.839+05:30 DEBUG 27396 --- [workspace-service] [nio-9020-exec-5] o.s.w.s.m.m.a.HttpEntityMethodProcessor  : Using 'application/json', given [*/*] and supported [application/json, application/*+json, application/yaml]
2026-05-31T11:51:34.839+05:30 DEBUG 27396 --- [workspace-service] [nio-9020-exec-5] o.s.w.s.m.m.a.HttpEntityMethodProcessor  : Writing [FileTreeDto[files=[src/App.tsx, src/index.css, src/components/GameBoard.tsx, src/components/Dice.tsx (truncated)...]
2026-05-31T11:51:34.839+05:30 DEBUG 27396 --- [workspace-service] [nio-9020-exec-6] o.s.web.cors.DefaultCorsProcessor        : Skip: no CORS configuration has been provided
2026-05-31T11:51:34.840+05:30  INFO 27396 --- [workspace-service] [nio-9020-exec-6] c.d.common_lib.security.JwtAuthFilter    : incoming request: /projects/5/files/content
2026-05-31T11:51:34.840+05:30 DEBUG 27396 --- [workspace-service] [nio-9020-exec-5] o.s.web.servlet.DispatcherServlet        : Completed 200 OK
2026-05-31T11:51:34.841+05:30 DEBUG 27396 --- [workspace-service] [nio-9020-exec-6] o.s.web.servlet.DispatcherServlet        : GET "/projects/5/files/content?path=src/App.tsx", parameters={masked}
2026-05-31T11:51:34.841+05:30 DEBUG 27396 --- [workspace-service] [nio-9020-exec-6] s.w.s.m.m.a.RequestMappingHandlerMapping : Mapped to com.distributed_lovable.workspace_service.controller.FileController#getFile(Long, String)
2026-05-31T11:51:34.848+05:30  INFO 27396 --- [workspace-service] [nio-9020-exec-6] c.d.w.controller.FileController          : Fetching file content for project: 5, path: src/App.tsx
2026-05-31T11:51:34.863+05:30  INFO 27396 --- [workspace-service] [nio-9020-exec-6] c.d.w.controller.FileController          : Successfully loaded file src/App.tsx with 208 bytes
2026-05-31T11:51:34.864+05:30 DEBUG 27396 --- [workspace-service] [nio-9020-exec-6] o.s.w.s.m.m.a.HttpEntityMethodProcessor  : Using 'text/plain', given [*/*] and supported [text/plain, */*, application/json, application/*+json, application/yaml]
2026-05-31T11:51:34.864+05:30 DEBUG 27396 --- [workspace-service] [nio-9020-exec-6] o.s.w.s.m.m.a.HttpEntityMethodProcessor  : Writing ["import React from 'react';<EOL>import GameBoard from './components/GameBoard';<EOL>import './App.css';<EOL><EOL>func (truncated)..."]
2026-05-31T11:51:34.866+05:30 DEBUG 27396 --- [workspace-service] [nio-9020-exec-6] o.s.web.servlet.DispatcherServlet        : Completed 200 OK
2026-05-31T11:51:48.832+05:30 DEBUG 27396 --- [workspace-service] [reshExecutor-%d] o.s.web.client.DefaultRestClient         : Reading to [com.netflix.discovery.shared.Applications]
2026-05-31T11:51:59.707+05:30 DEBUG 27396 --- [workspace-service] [nio-9020-exec-7] o.s.web.cors.DefaultCorsProcessor        : Skip: no CORS configuration has been provided
2026-05-31T11:51:59.707+05:30  INFO 27396 --- [workspace-service] [nio-9020-exec-7] c.d.common_lib.security.JwtAuthFilter    : incoming request: /projects/5/files
2026-05-31T11:51:59.709+05:30 DEBUG 27396 --- [workspace-service] [nio-9020-exec-7] o.s.web.servlet.DispatcherServlet        : GET "/projects/5/files", parameters={}
2026-05-31T11:51:59.709+05:30 DEBUG 27396 --- [workspace-service] [nio-9020-exec-7] s.w.s.m.m.a.RequestMappingHandlerMapping : Mapped to com.distributed_lovable.workspace_service.controller.FileController#getFileTree(Long)
2026-05-31T11:51:59.709+05:30  INFO 27396 --- [workspace-service] [nio-9020-exec-7] c.d.w.controller.FileController          : Fetching file tree for project: 5
Hibernate: select pf1_0.id,pf1_0.created_at,pf1_0.minio_object_key,pf1_0.path,pf1_0.project_id,pf1_0.updated_at from project_files pf1_0 where pf1_0.project_id=?
2026-05-31T11:51:59.713+05:30  INFO 27396 --- [workspace-service] [nio-9020-exec-7] c.d.w.controller.FileController          : Successfully loaded file tree with 5 files
2026-05-31T11:51:59.713+05:30 DEBUG 27396 --- [workspace-service] [nio-9020-exec-7] o.s.w.s.m.m.a.HttpEntityMethodProcessor  : Using 'application/json', given [*/*] and supported [application/json, application/*+json, application/yaml]
2026-05-31T11:51:59.713+05:30 DEBUG 27396 --- [workspace-service] [nio-9020-exec-7] o.s.w.s.m.m.a.HttpEntityMethodProcessor  : Writing [FileTreeDto[files=[src/App.tsx, src/index.css, src/components/GameBoard.tsx, src/components/Dice.tsx (truncated)...]
2026-05-31T11:51:59.714+05:30 DEBUG 27396 --- [workspace-service] [nio-9020-exec-7] o.s.web.servlet.DispatcherServlet        : Completed 200 OK
2026-05-31T11:52:00.708+05:30 DEBUG 27396 --- [workspace-service] [nio-9020-exec-8] o.s.web.cors.DefaultCorsProcessor        : Skip: no CORS configuration has been provided
2026-05-31T11:52:00.708+05:30  INFO 27396 --- [workspace-service] [nio-9020-exec-8] c.d.common_lib.security.JwtAuthFilter    : incoming request: /projects/5/files
2026-05-31T11:52:00.710+05:30 DEBUG 27396 --- [workspace-service] [nio-9020-exec-8] o.s.web.servlet.DispatcherServlet        : GET "/projects/5/files", parameters={}
2026-05-31T11:52:00.710+05:30 DEBUG 27396 --- [workspace-service] [nio-9020-exec-8] s.w.s.m.m.a.RequestMappingHandlerMapping : Mapped to com.distributed_lovable.workspace_service.controller.FileController#getFileTree(Long)
2026-05-31T11:52:00.710+05:30  INFO 27396 --- [workspace-service] [nio-9020-exec-8] c.d.w.controller.FileController          : Fetching file tree for project: 5
Hibernate: select pf1_0.id,pf1_0.created_at,pf1_0.minio_object_key,pf1_0.path,pf1_0.project_id,pf1_0.updated_at from project_files pf1_0 where pf1_0.project_id=?
2026-05-31T11:52:00.714+05:30  INFO 27396 --- [workspace-service] [nio-9020-exec-8] c.d.w.controller.FileController          : Successfully loaded file tree with 5 files
2026-05-31T11:52:00.714+05:30 DEBUG 27396 --- [workspace-service] [nio-9020-exec-8] o.s.w.s.m.m.a.HttpEntityMethodProcessor  : Using 'application/json', given [*/*] and supported [application/json, application/*+json, application/yaml]
2026-05-31T11:52:00.715+05:30 DEBUG 27396 --- [workspace-service] [nio-9020-exec-8] o.s.w.s.m.m.a.HttpEntityMethodProcessor  : Writing [FileTreeDto[files=[src/App.tsx, src/index.css, src/components/GameBoard.tsx, src/components/Dice.tsx (truncated)...]
2026-05-31T11:52:00.715+05:30 DEBUG 27396 --- [workspace-service] [nio-9020-exec-8] o.s.web.servlet.DispatcherServlet        : Completed 200 OK
2026-05-31T11:52:02.709+05:30 DEBUG 27396 --- [workspace-service] [nio-9020-exec-9] o.s.web.cors.DefaultCorsProcessor        : Skip: no CORS configuration has been provided
2026-05-31T11:52:02.710+05:30  INFO 27396 --- [workspace-service] [nio-9020-exec-9] c.d.common_lib.security.JwtAuthFilter    : incoming request: /projects/5/files
2026-05-31T11:52:02.711+05:30 DEBUG 27396 --- [workspace-service] [nio-9020-exec-9] o.s.web.servlet.DispatcherServlet        : GET "/projects/5/files", parameters={}
2026-05-31T11:52:02.711+05:30 DEBUG 27396 --- [workspace-service] [nio-9020-exec-9] s.w.s.m.m.a.RequestMappingHandlerMapping : Mapped to com.distributed_lovable.workspace_service.controller.FileController#getFileTree(Long)
2026-05-31T11:52:02.712+05:30  INFO 27396 --- [workspace-service] [nio-9020-exec-9] c.d.w.controller.FileController          : Fetching file tree for project: 5
Hibernate: select pf1_0.id,pf1_0.created_at,pf1_0.minio_object_key,pf1_0.path,pf1_0.project_id,pf1_0.updated_at from project_files pf1_0 where pf1_0.project_id=?
2026-05-31T11:52:02.717+05:30  INFO 27396 --- [workspace-service] [nio-9020-exec-9] c.d.w.controller.FileController          : Successfully loaded file tree with 5 files
2026-05-31T11:52:02.718+05:30 DEBUG 27396 --- [workspace-service] [nio-9020-exec-9] o.s.w.s.m.m.a.HttpEntityMethodProcessor  : Using 'application/json', given [*/*] and supported [application/json, application/*+json, application/yaml]
2026-05-31T11:52:02.718+05:30 DEBUG 27396 --- [workspace-service] [nio-9020-exec-9] o.s.w.s.m.m.a.HttpEntityMethodProcessor  : Writing [FileTreeDto[files=[src/App.tsx, src/index.css, src/components/GameBoard.tsx, src/components/Dice.tsx (truncated)...]
2026-05-31T11:52:02.719+05:30 DEBUG 27396 --- [workspace-service] [nio-9020-exec-9] o.s.web.servlet.DispatcherServlet        : Completed 200 OK
2026-05-31T11:52:03.299+05:30 DEBUG 27396 --- [workspace-service] [io-9020-exec-10] o.s.web.cors.DefaultCorsProcessor        : Skip: no CORS configuration has been provided
2026-05-31T11:52:03.300+05:30  INFO 27396 --- [workspace-service] [io-9020-exec-10] c.d.common_lib.security.JwtAuthFilter    : incoming request: /projects/5/files
2026-05-31T11:52:03.301+05:30 DEBUG 27396 --- [workspace-service] [nio-9020-exec-1] o.s.web.cors.DefaultCorsProcessor        : Skip: no CORS configuration has been provided
2026-05-31T11:52:03.301+05:30  INFO 27396 --- [workspace-service] [nio-9020-exec-1] c.d.common_lib.security.JwtAuthFilter    : incoming request: /projects/5/files/content
2026-05-31T11:52:03.301+05:30 DEBUG 27396 --- [workspace-service] [io-9020-exec-10] o.s.web.servlet.DispatcherServlet        : GET "/projects/5/files", parameters={}
2026-05-31T11:52:03.302+05:30 DEBUG 27396 --- [workspace-service] [io-9020-exec-10] s.w.s.m.m.a.RequestMappingHandlerMapping : Mapped to com.distributed_lovable.workspace_service.controller.FileController#getFileTree(Long)
2026-05-31T11:52:03.302+05:30 DEBUG 27396 --- [workspace-service] [nio-9020-exec-1] o.s.web.servlet.DispatcherServlet        : GET "/projects/5/files/content?path=src/components/Dice.tsx", parameters={masked}
2026-05-31T11:52:03.302+05:30 DEBUG 27396 --- [workspace-service] [nio-9020-exec-1] s.w.s.m.m.a.RequestMappingHandlerMapping : Mapped to com.distributed_lovable.workspace_service.controller.FileController#getFile(Long, String)
2026-05-31T11:52:03.302+05:30  INFO 27396 --- [workspace-service] [io-9020-exec-10] c.d.w.controller.FileController          : Fetching file tree for project: 5
2026-05-31T11:52:03.302+05:30  INFO 27396 --- [workspace-service] [nio-9020-exec-1] c.d.w.controller.FileController          : Fetching file content for project: 5, path: src/components/Dice.tsx
Hibernate: select pf1_0.id,pf1_0.created_at,pf1_0.minio_object_key,pf1_0.path,pf1_0.project_id,pf1_0.updated_at from project_files pf1_0 where pf1_0.project_id=?
2026-05-31T11:52:03.306+05:30  INFO 27396 --- [workspace-service] [io-9020-exec-10] c.d.w.controller.FileController          : Successfully loaded file tree with 5 files
2026-05-31T11:52:03.306+05:30  INFO 27396 --- [workspace-service] [nio-9020-exec-1] c.d.w.controller.FileController          : Successfully loaded file src/components/Dice.tsx with 273 bytes
2026-05-31T11:52:03.306+05:30 DEBUG 27396 --- [workspace-service] [nio-9020-exec-1] o.s.w.s.m.m.a.HttpEntityMethodProcessor  : Using 'text/plain', given [*/*] and supported [text/plain, */*, application/json, application/*+json, application/yaml]
2026-05-31T11:52:03.306+05:30 DEBUG 27396 --- [workspace-service] [io-9020-exec-10] o.s.w.s.m.m.a.HttpEntityMethodProcessor  : Using 'application/json', given [*/*] and supported [application/json, application/*+json, application/yaml]
2026-05-31T11:52:03.306+05:30 DEBUG 27396 --- [workspace-service] [nio-9020-exec-1] o.s.w.s.m.m.a.HttpEntityMethodProcessor  : Writing ["import React from 'react';<EOL><EOL>const Dice = ({ value, rollDice }) => {<EOL>  return (<EOL>    <div className="d (truncated)..."]
2026-05-31T11:52:03.306+05:30 DEBUG 27396 --- [workspace-service] [io-9020-exec-10] o.s.w.s.m.m.a.HttpEntityMethodProcessor  : Writing [FileTreeDto[files=[src/App.tsx, src/index.css, src/components/GameBoard.tsx, src/components/Dice.tsx (truncated)...]
2026-05-31T11:52:03.307+05:30 DEBUG 27396 --- [workspace-service] [nio-9020-exec-1] o.s.web.servlet.DispatcherServlet        : Completed 200 OK
2026-05-31T11:52:03.307+05:30 DEBUG 27396 --- [workspace-service] [io-9020-exec-10] o.s.web.servlet.DispatcherServlet        : Completed 200 OK
2026-05-31T11:52:04.033+05:30 DEBUG 27396 --- [workspace-service] [nio-9020-exec-2] o.s.web.cors.DefaultCorsProcessor        : Skip: no CORS configuration has been provided
2026-05-31T11:52:04.033+05:30 DEBUG 27396 --- [workspace-service] [nio-9020-exec-3] o.s.web.cors.DefaultCorsProcessor        : Skip: no CORS configuration has been provided
2026-05-31T11:52:04.033+05:30  INFO 27396 --- [workspace-service] [nio-9020-exec-2] c.d.common_lib.security.JwtAuthFilter    : incoming request: /projects/5/files/content
2026-05-31T11:52:04.033+05:30  INFO 27396 --- [workspace-service] [nio-9020-exec-3] c.d.common_lib.security.JwtAuthFilter    : incoming request: /projects/5/files
2026-05-31T11:52:04.035+05:30 DEBUG 27396 --- [workspace-service] [nio-9020-exec-3] o.s.web.servlet.DispatcherServlet        : GET "/projects/5/files", parameters={}
2026-05-31T11:52:04.035+05:30 DEBUG 27396 --- [workspace-service] [nio-9020-exec-2] o.s.web.servlet.DispatcherServlet        : GET "/projects/5/files/content?path=src/components/GameBoard.tsx", parameters={masked}
2026-05-31T11:52:04.036+05:30 DEBUG 27396 --- [workspace-service] [nio-9020-exec-2] s.w.s.m.m.a.RequestMappingHandlerMapping : Mapped to com.distributed_lovable.workspace_service.controller.FileController#getFile(Long, String)
2026-05-31T11:52:04.036+05:30 DEBUG 27396 --- [workspace-service] [nio-9020-exec-3] s.w.s.m.m.a.RequestMappingHandlerMapping : Mapped to com.distributed_lovable.workspace_service.controller.FileController#getFileTree(Long)
2026-05-31T11:52:04.036+05:30  INFO 27396 --- [workspace-service] [nio-9020-exec-3] c.d.w.controller.FileController          : Fetching file tree for project: 5
2026-05-31T11:52:04.036+05:30  INFO 27396 --- [workspace-service] [nio-9020-exec-2] c.d.w.controller.FileController          : Fetching file content for project: 5, path: src/components/GameBoard.tsx
Hibernate: select pf1_0.id,pf1_0.created_at,pf1_0.minio_object_key,pf1_0.path,pf1_0.project_id,pf1_0.updated_at from project_files pf1_0 where pf1_0.project_id=?
2026-05-31T11:52:04.039+05:30  INFO 27396 --- [workspace-service] [nio-9020-exec-2] c.d.w.controller.FileController          : Successfully loaded file src/components/GameBoard.tsx with 726 bytes
2026-05-31T11:52:04.039+05:30 DEBUG 27396 --- [workspace-service] [nio-9020-exec-2] o.s.w.s.m.m.a.HttpEntityMethodProcessor  : Using 'text/plain', given [*/*] and supported [text/plain, */*, application/json, application/*+json, application/yaml]
2026-05-31T11:52:04.039+05:30  INFO 27396 --- [workspace-service] [nio-9020-exec-3] c.d.w.controller.FileController          : Successfully loaded file tree with 5 files
2026-05-31T11:52:04.040+05:30 DEBUG 27396 --- [workspace-service] [nio-9020-exec-2] o.s.w.s.m.m.a.HttpEntityMethodProcessor  : Writing ["import React, { useState, useEffect } from 'react';<EOL>import Dice from './Dice';<EOL>import Player from '. (truncated)..."]
2026-05-31T11:52:04.040+05:30 DEBUG 27396 --- [workspace-service] [nio-9020-exec-3] o.s.w.s.m.m.a.HttpEntityMethodProcessor  : Using 'application/json', given [*/*] and supported [application/json, application/*+json, application/yaml]
2026-05-31T11:52:04.040+05:30 DEBUG 27396 --- [workspace-service] [nio-9020-exec-3] o.s.w.s.m.m.a.HttpEntityMethodProcessor  : Writing [FileTreeDto[files=[src/App.tsx, src/index.css, src/components/GameBoard.tsx, src/components/Dice.tsx (truncated)...]
2026-05-31T11:52:04.040+05:30 DEBUG 27396 --- [workspace-service] [nio-9020-exec-2] o.s.web.servlet.DispatcherServlet        : Completed 200 OK
2026-05-31T11:52:04.040+05:30 DEBUG 27396 --- [workspace-service] [nio-9020-exec-3] o.s.web.servlet.DispatcherServlet        : Completed 200 OK
2026-05-31T11:52:04.548+05:30 DEBUG 27396 --- [workspace-service] [nio-9020-exec-4] o.s.web.cors.DefaultCorsProcessor        : Skip: no CORS configuration has been provided
2026-05-31T11:52:04.549+05:30  INFO 27396 --- [workspace-service] [nio-9020-exec-4] c.d.common_lib.security.JwtAuthFilter    : incoming request: /projects/5/files/content
2026-05-31T11:52:04.550+05:30 DEBUG 27396 --- [workspace-service] [nio-9020-exec-4] o.s.web.servlet.DispatcherServlet        : GET "/projects/5/files/content?path=src/App.tsx", parameters={masked}
2026-05-31T11:52:04.551+05:30 DEBUG 27396 --- [workspace-service] [nio-9020-exec-4] s.w.s.m.m.a.RequestMappingHandlerMapping : Mapped to com.distributed_lovable.workspace_service.controller.FileController#getFile(Long, String)
2026-05-31T11:52:04.551+05:30  INFO 27396 --- [workspace-service] [nio-9020-exec-4] c.d.w.controller.FileController          : Fetching file content for project: 5, path: src/App.tsx
2026-05-31T11:52:04.554+05:30  INFO 27396 --- [workspace-service] [nio-9020-exec-4] c.d.w.controller.FileController          : Successfully loaded file src/App.tsx with 208 bytes
2026-05-31T11:52:04.555+05:30 DEBUG 27396 --- [workspace-service] [nio-9020-exec-4] o.s.w.s.m.m.a.HttpEntityMethodProcessor  : Using 'text/plain', given [*/*] and supported [text/plain, */*, application/json, application/*+json, application/yaml]
2026-05-31T11:52:04.555+05:30 DEBUG 27396 --- [workspace-service] [nio-9020-exec-4] o.s.w.s.m.m.a.HttpEntityMethodProcessor  : Writing ["import React from 'react';<EOL>import GameBoard from './components/GameBoard';<EOL>import './App.css';<EOL><EOL>func (truncated)..."]
2026-05-31T11:52:04.556+05:30 DEBUG 27396 --- [workspace-service] [nio-9020-exec-4] o.s.web.servlet.DispatcherServlet        : Completed 200 OK
2026-05-31T11:52:05.034+05:30 DEBUG 27396 --- [workspace-service] [nio-9020-exec-5] o.s.web.cors.DefaultCorsProcessor        : Skip: no CORS configuration has been provided
2026-05-31T11:52:05.034+05:30  INFO 27396 --- [workspace-service] [nio-9020-exec-5] c.d.common_lib.security.JwtAuthFilter    : incoming request: /projects/5/files
2026-05-31T11:52:05.036+05:30 DEBUG 27396 --- [workspace-service] [nio-9020-exec-5] o.s.web.servlet.DispatcherServlet        : GET "/projects/5/files", parameters={}
2026-05-31T11:52:05.036+05:30 DEBUG 27396 --- [workspace-service] [nio-9020-exec-5] s.w.s.m.m.a.RequestMappingHandlerMapping : Mapped to com.distributed_lovable.workspace_service.controller.FileController#getFileTree(Long)
2026-05-31T11:52:05.036+05:30  INFO 27396 --- [workspace-service] [nio-9020-exec-5] c.d.w.controller.FileController          : Fetching file tree for project: 5
Hibernate: select pf1_0.id,pf1_0.created_at,pf1_0.minio_object_key,pf1_0.path,pf1_0.project_id,pf1_0.updated_at from project_files pf1_0 where pf1_0.project_id=?
2026-05-31T11:52:05.040+05:30  INFO 27396 --- [workspace-service] [nio-9020-exec-5] c.d.w.controller.FileController          : Successfully loaded file tree with 5 files
2026-05-31T11:52:05.041+05:30 DEBUG 27396 --- [workspace-service] [nio-9020-exec-5] o.s.w.s.m.m.a.HttpEntityMethodProcessor  : Using 'application/json', given [*/*] and supported [application/json, application/*+json, application/yaml]
2026-05-31T11:52:05.041+05:30 DEBUG 27396 --- [workspace-service] [nio-9020-exec-5] o.s.w.s.m.m.a.HttpEntityMethodProcessor  : Writing [FileTreeDto[files=[src/App.tsx, src/index.css, src/components/GameBoard.tsx, src/components/Dice.tsx (truncated)...]
2026-05-31T11:52:05.041+05:30 DEBUG 27396 --- [workspace-service] [nio-9020-exec-5] o.s.web.servlet.DispatcherServlet        : Completed 200 OK
2026-05-31T11:52:05.317+05:30 DEBUG 27396 --- [workspace-service] [nio-9020-exec-6] o.s.web.cors.DefaultCorsProcessor        : Skip: no CORS configuration has been provided
2026-05-31T11:52:05.317+05:30  INFO 27396 --- [workspace-service] [nio-9020-exec-6] c.d.common_lib.security.JwtAuthFilter    : incoming request: /projects/5/files
2026-05-31T11:52:05.318+05:30 DEBUG 27396 --- [workspace-service] [nio-9020-exec-7] o.s.web.cors.DefaultCorsProcessor        : Skip: no CORS configuration has been provided
2026-05-31T11:52:05.318+05:30  INFO 27396 --- [workspace-service] [nio-9020-exec-7] c.d.common_lib.security.JwtAuthFilter    : incoming request: /projects/5/files/content
2026-05-31T11:52:05.319+05:30 DEBUG 27396 --- [workspace-service] [nio-9020-exec-6] o.s.web.servlet.DispatcherServlet        : GET "/projects/5/files", parameters={}
2026-05-31T11:52:05.319+05:30 DEBUG 27396 --- [workspace-service] [nio-9020-exec-7] o.s.web.servlet.DispatcherServlet        : GET "/projects/5/files/content?path=src/index.css", parameters={masked}
2026-05-31T11:52:05.319+05:30 DEBUG 27396 --- [workspace-service] [nio-9020-exec-6] s.w.s.m.m.a.RequestMappingHandlerMapping : Mapped to com.distributed_lovable.workspace_service.controller.FileController#getFileTree(Long)
2026-05-31T11:52:05.320+05:30 DEBUG 27396 --- [workspace-service] [nio-9020-exec-7] s.w.s.m.m.a.RequestMappingHandlerMapping : Mapped to com.distributed_lovable.workspace_service.controller.FileController#getFile(Long, String)
2026-05-31T11:52:05.320+05:30  INFO 27396 --- [workspace-service] [nio-9020-exec-6] c.d.w.controller.FileController          : Fetching file tree for project: 5
2026-05-31T11:52:05.320+05:30  INFO 27396 --- [workspace-service] [nio-9020-exec-7] c.d.w.controller.FileController          : Fetching file content for project: 5, path: src/index.css
Hibernate: select pf1_0.id,pf1_0.created_at,pf1_0.minio_object_key,pf1_0.path,pf1_0.project_id,pf1_0.updated_at from project_files pf1_0 where pf1_0.project_id=?
2026-05-31T11:52:05.323+05:30  INFO 27396 --- [workspace-service] [nio-9020-exec-7] c.d.w.controller.FileController          : Successfully loaded file src/index.css with 267 bytes
2026-05-31T11:52:05.323+05:30  INFO 27396 --- [workspace-service] [nio-9020-exec-6] c.d.w.controller.FileController          : Successfully loaded file tree with 5 files
2026-05-31T11:52:05.323+05:30 DEBUG 27396 --- [workspace-service] [nio-9020-exec-6] o.s.w.s.m.m.a.HttpEntityMethodProcessor  : Using 'application/json', given [*/*] and supported [application/json, application/*+json, application/yaml]
2026-05-31T11:52:05.323+05:30 DEBUG 27396 --- [workspace-service] [nio-9020-exec-7] o.s.w.s.m.m.a.HttpEntityMethodProcessor  : Using 'text/plain', given [*/*] and supported [text/plain, */*, application/json, application/*+json, application/yaml]
2026-05-31T11:52:05.323+05:30 DEBUG 27396 --- [workspace-service] [nio-9020-exec-6] o.s.w.s.m.m.a.HttpEntityMethodProcessor  : Writing [FileTreeDto[files=[src/App.tsx, src/index.css, src/components/GameBoard.tsx, src/components/Dice.tsx (truncated)...]
2026-05-31T11:52:05.324+05:30 DEBUG 27396 --- [workspace-service] [nio-9020-exec-7] o.s.w.s.m.m.a.HttpEntityMethodProcessor  : Writing ["body {<EOL>  font-family: 'Space Grotesk', sans-serif;<EOL>  background-color: #f0f0f0;<EOL>}<EOL><EOL>.app {<EOL>  max-widt (truncated)..."]
2026-05-31T11:52:05.324+05:30 DEBUG 27396 --- [workspace-service] [nio-9020-exec-7] o.s.web.servlet.DispatcherServlet        : Completed 200 OK
2026-05-31T11:52:05.324+05:30 DEBUG 27396 --- [workspace-service] [nio-9020-exec-6] o.s.web.servlet.DispatcherServlet        : Completed 200 OK
2026-05-31T11:52:06.322+05:30 DEBUG 27396 --- [workspace-service] [nio-9020-exec-8] o.s.web.cors.DefaultCorsProcessor        : Skip: no CORS configuration has been provided
2026-05-31T11:52:06.322+05:30  INFO 27396 --- [workspace-service] [nio-9020-exec-8] c.d.common_lib.security.JwtAuthFilter    : incoming request: /projects/5/files
2026-05-31T11:52:06.323+05:30 DEBUG 27396 --- [workspace-service] [nio-9020-exec-8] o.s.web.servlet.DispatcherServlet        : GET "/projects/5/files", parameters={}
2026-05-31T11:52:06.324+05:30 DEBUG 27396 --- [workspace-service] [nio-9020-exec-8] s.w.s.m.m.a.RequestMappingHandlerMapping : Mapped to com.distributed_lovable.workspace_service.controller.FileController#getFileTree(Long)
2026-05-31T11:52:06.324+05:30  INFO 27396 --- [workspace-service] [nio-9020-exec-8] c.d.w.controller.FileController          : Fetching file tree for project: 5
Hibernate: select pf1_0.id,pf1_0.created_at,pf1_0.minio_object_key,pf1_0.path,pf1_0.project_id,pf1_0.updated_at from project_files pf1_0 where pf1_0.project_id=?
2026-05-31T11:52:06.327+05:30  INFO 27396 --- [workspace-service] [nio-9020-exec-8] c.d.w.controller.FileController          : Successfully loaded file tree with 5 files
2026-05-31T11:52:06.327+05:30 DEBUG 27396 --- [workspace-service] [nio-9020-exec-8] o.s.w.s.m.m.a.HttpEntityMethodProcessor  : Using 'application/json', given [*/*] and supported [application/json, application/*+json, application/yaml]
2026-05-31T11:52:06.327+05:30 DEBUG 27396 --- [workspace-service] [nio-9020-exec-8] o.s.w.s.m.m.a.HttpEntityMethodProcessor  : Writing [FileTreeDto[files=[src/App.tsx, src/index.css, src/components/GameBoard.tsx, src/components/Dice.tsx (truncated)...]
2026-05-31T11:52:06.328+05:30 DEBUG 27396 --- [workspace-service] [nio-9020-exec-8] o.s.web.servlet.DispatcherServlet        : Completed 200 OK
2026-05-31T11:52:06.383+05:30 DEBUG 27396 --- [workspace-service] [nio-9020-exec-9] o.s.web.cors.DefaultCorsProcessor        : Skip: no CORS configuration has been provided
2026-05-31T11:52:06.383+05:30  INFO 27396 --- [workspace-service] [nio-9020-exec-9] c.d.common_lib.security.JwtAuthFilter    : incoming request: /projects/5/files/content
2026-05-31T11:52:06.385+05:30 DEBUG 27396 --- [workspace-service] [nio-9020-exec-9] o.s.web.servlet.DispatcherServlet        : GET "/projects/5/files/content?path=src/App.tsx", parameters={masked}
2026-05-31T11:52:06.385+05:30 DEBUG 27396 --- [workspace-service] [nio-9020-exec-9] s.w.s.m.m.a.RequestMappingHandlerMapping : Mapped to com.distributed_lovable.workspace_service.controller.FileController#getFile(Long, String)
2026-05-31T11:52:06.386+05:30  INFO 27396 --- [workspace-service] [nio-9020-exec-9] c.d.w.controller.FileController          : Fetching file content for project: 5, path: src/App.tsx
2026-05-31T11:52:06.389+05:30  INFO 27396 --- [workspace-service] [nio-9020-exec-9] c.d.w.controller.FileController          : Successfully loaded file src/App.tsx with 208 bytes
2026-05-31T11:52:06.389+05:30 DEBUG 27396 --- [workspace-service] [nio-9020-exec-9] o.s.w.s.m.m.a.HttpEntityMethodProcessor  : Using 'text/plain', given [*/*] and supported [text/plain, */*, application/json, application/*+json, application/yaml]
2026-05-31T11:52:06.390+05:30 DEBUG 27396 --- [workspace-service] [nio-9020-exec-9] o.s.w.s.m.m.a.HttpEntityMethodProcessor  : Writing ["import React from 'react';<EOL>import GameBoard from './components/GameBoard';<EOL>import './App.css';<EOL><EOL>func (truncated)..."]
2026-05-31T11:52:06.390+05:30 DEBUG 27396 --- [workspace-service] [nio-9020-exec-9] o.s.web.servlet.DispatcherServlet        : Completed 200 OK
2026-05-31T11:52:08.322+05:30 DEBUG 27396 --- [workspace-service] [nio-9020-exec-1] o.s.web.cors.DefaultCorsProcessor        : Skip: no CORS configuration has been provided
2026-05-31T11:52:08.322+05:30  INFO 27396 --- [workspace-service] [nio-9020-exec-1] c.d.common_lib.security.JwtAuthFilter    : incoming request: /projects/5/files
2026-05-31T11:52:08.324+05:30 DEBUG 27396 --- [workspace-service] [nio-9020-exec-1] o.s.web.servlet.DispatcherServlet        : GET "/projects/5/files", parameters={}
2026-05-31T11:52:08.324+05:30 DEBUG 27396 --- [workspace-service] [nio-9020-exec-1] s.w.s.m.m.a.RequestMappingHandlerMapping : Mapped to com.distributed_lovable.workspace_service.controller.FileController#getFileTree(Long)
2026-05-31T11:52:08.324+05:30  INFO 27396 --- [workspace-service] [nio-9020-exec-1] c.d.w.controller.FileController          : Fetching file tree for project: 5
Hibernate: select pf1_0.id,pf1_0.created_at,pf1_0.minio_object_key,pf1_0.path,pf1_0.project_id,pf1_0.updated_at from project_files pf1_0 where pf1_0.project_id=?
2026-05-31T11:52:08.327+05:30  INFO 27396 --- [workspace-service] [nio-9020-exec-1] c.d.w.controller.FileController          : Successfully loaded file tree with 5 files
2026-05-31T11:52:08.328+05:30 DEBUG 27396 --- [workspace-service] [nio-9020-exec-1] o.s.w.s.m.m.a.HttpEntityMethodProcessor  : Using 'application/json', given [*/*] and supported [application/json, application/*+json, application/yaml]
2026-05-31T11:52:08.328+05:30 DEBUG 27396 --- [workspace-service] [nio-9020-exec-1] o.s.w.s.m.m.a.HttpEntityMethodProcessor  : Writing [FileTreeDto[files=[src/App.tsx, src/index.css, src/components/GameBoard.tsx, src/components/Dice.tsx (truncated)...]
2026-05-31T11:52:08.329+05:30 DEBUG 27396 --- [workspace-service] [nio-9020-exec-1] o.s.web.servlet.DispatcherServlet        : Completed 200 OK
2026-05-31T11:52:18.845+05:30 DEBUG 27396 --- [workspace-service] [reshExecutor-%d] o.s.web.client.DefaultRestClient         : Reading to [com.netflix.discovery.shared.Applications]
2026-05-31T11:52:25.047+05:30 DEBUG 27396 --- [workspace-service] [io-9020-exec-10] o.s.web.cors.DefaultCorsProcessor        : Skip: no CORS configuration has been provided
2026-05-31T11:52:25.047+05:30  INFO 27396 --- [workspace-service] [io-9020-exec-10] c.d.common_lib.security.JwtAuthFilter    : incoming request: /projects
2026-05-31T11:52:25.050+05:30 DEBUG 27396 --- [workspace-service] [io-9020-exec-10] o.s.web.servlet.DispatcherServlet        : GET "/projects", parameters={}
2026-05-31T11:52:25.051+05:30 DEBUG 27396 --- [workspace-service] [io-9020-exec-10] s.w.s.m.m.a.RequestMappingHandlerMapping : Mapped to com.distributed_lovable.workspace_service.controller.ProjectController#getMyProjects()
Hibernate: select p1_0.id,p1_0.created_at,p1_0.deleted_at,p1_0.is_public,p1_0.name,p1_0.updated_at,pm1_0.project_role from project_members pm1_0 join projects p1_0 on p1_0.id=pm1_0.project_id where pm1_0.user_id=? and p1_0.deleted_at is null order by p1_0.updated_at desc
2026-05-31T11:52:25.095+05:30 DEBUG 27396 --- [workspace-service] [io-9020-exec-10] o.s.w.s.m.m.a.HttpEntityMethodProcessor  : Using 'application/json', given [*/*] and supported [application/json, application/*+json, application/yaml]
2026-05-31T11:52:25.095+05:30 DEBUG 27396 --- [workspace-service] [io-9020-exec-10] o.s.w.s.m.m.a.HttpEntityMethodProcessor  : Writing [[ProjectSummaryResponse[id=6, name=Calculator, createdAt=2026-05-30T18:57:19.054350Z, updatedAt=2026 (truncated)...]
2026-05-31T11:52:25.096+05:30 DEBUG 27396 --- [workspace-service] [io-9020-exec-10] o.s.web.servlet.DispatcherServlet        : Completed 200 OK
2026-05-31T11:52:28.563+05:30 DEBUG 27396 --- [workspace-service] [nio-9020-exec-2] o.s.web.cors.DefaultCorsProcessor        : Skip: no CORS configuration has been provided
2026-05-31T11:52:28.563+05:30  INFO 27396 --- [workspace-service] [nio-9020-exec-2] c.d.common_lib.security.JwtAuthFilter    : incoming request: /projects/6
2026-05-31T11:52:28.564+05:30 DEBUG 27396 --- [workspace-service] [nio-9020-exec-2] o.s.web.servlet.DispatcherServlet        : GET "/projects/6", parameters={}
2026-05-31T11:52:28.564+05:30 DEBUG 27396 --- [workspace-service] [nio-9020-exec-2] s.w.s.m.m.a.RequestMappingHandlerMapping : Mapped to com.distributed_lovable.workspace_service.controller.ProjectController#getProjectById(Long)
Hibernate: select pm1_0.project_role from project_members pm1_0 where pm1_0.project_id=? and pm1_0.user_id=?
Hibernate: select p1_0.id,p1_0.created_at,p1_0.deleted_at,p1_0.is_public,p1_0.name,p1_0.updated_at,pm1_0.project_role from project_members pm1_0 join projects p1_0 on p1_0.id=pm1_0.project_id where pm1_0.project_id=? and pm1_0.user_id=? and p1_0.deleted_at is null
2026-05-31T11:52:28.574+05:30 DEBUG 27396 --- [workspace-service] [nio-9020-exec-2] o.s.w.s.m.m.a.HttpEntityMethodProcessor  : Using 'application/json', given [*/*] and supported [application/json, application/*+json, application/yaml]
2026-05-31T11:52:28.574+05:30 DEBUG 27396 --- [workspace-service] [nio-9020-exec-2] o.s.w.s.m.m.a.HttpEntityMethodProcessor  : Writing [ProjectSummaryResponse[id=6, name=Calculator, createdAt=2026-05-30T18:57:19.054350Z, updatedAt=2026- (truncated)...]
2026-05-31T11:52:28.575+05:30 DEBUG 27396 --- [workspace-service] [nio-9020-exec-2] o.s.web.servlet.DispatcherServlet        : Completed 200 OK
2026-05-31T11:52:48.601+05:30 DEBUG 27396 --- [workspace-service] [nio-9020-exec-3] o.s.web.cors.DefaultCorsProcessor        : Skip: no CORS configuration has been provided
2026-05-31T11:52:48.603+05:30  INFO 27396 --- [workspace-service] [nio-9020-exec-3] c.d.common_lib.security.JwtAuthFilter    : incoming request: /projects
2026-05-31T11:52:48.605+05:30 DEBUG 27396 --- [workspace-service] [nio-9020-exec-3] o.s.web.servlet.DispatcherServlet        : GET "/projects", parameters={}
2026-05-31T11:52:48.605+05:30 DEBUG 27396 --- [workspace-service] [nio-9020-exec-3] s.w.s.m.m.a.RequestMappingHandlerMapping : Mapped to com.distributed_lovable.workspace_service.controller.ProjectController#getMyProjects()
Hibernate: select p1_0.id,p1_0.created_at,p1_0.deleted_at,p1_0.is_public,p1_0.name,p1_0.updated_at,pm1_0.project_role from project_members pm1_0 join projects p1_0 on p1_0.id=pm1_0.project_id where pm1_0.user_id=? and p1_0.deleted_at is null order by p1_0.updated_at desc
2026-05-31T11:52:48.612+05:30 DEBUG 27396 --- [workspace-service] [nio-9020-exec-3] o.s.w.s.m.m.a.HttpEntityMethodProcessor  : Using 'application/json', given [*/*] and supported [application/json, application/*+json, application/yaml]
2026-05-31T11:52:48.612+05:30 DEBUG 27396 --- [workspace-service] [nio-9020-exec-3] o.s.w.s.m.m.a.HttpEntityMethodProcessor  : Writing [[ProjectSummaryResponse[id=6, name=Calculator, createdAt=2026-05-30T18:57:19.054350Z, updatedAt=2026 (truncated)...]
2026-05-31T11:52:48.613+05:30 DEBUG 27396 --- [workspace-service] [nio-9020-exec-3] o.s.web.servlet.DispatcherServlet        : Completed 200 OK
2026-05-31T11:52:48.854+05:30 DEBUG 27396 --- [workspace-service] [reshExecutor-%d] o.s.web.client.DefaultRestClient         : Reading to [com.netflix.discovery.shared.Applications]
2026-05-31T11:53:18.864+05:30 DEBUG 27396 --- [workspace-service] [reshExecutor-%d] o.s.web.client.DefaultRestClient         : Reading to [com.netflix.discovery.shared.Applications]
2026-05-31T11:53:19.483+05:30 DEBUG 27396 --- [workspace-service] [nio-9020-exec-4] o.s.web.cors.DefaultCorsProcessor        : Skip: no CORS configuration has been provided
2026-05-31T11:53:19.483+05:30 DEBUG 27396 --- [workspace-service] [nio-9020-exec-5] o.s.web.cors.DefaultCorsProcessor        : Skip: no CORS configuration has been provided
2026-05-31T11:53:19.484+05:30  INFO 27396 --- [workspace-service] [nio-9020-exec-5] c.d.common_lib.security.JwtAuthFilter    : incoming request: /projects/5/files/content
2026-05-31T11:53:19.483+05:30  INFO 27396 --- [workspace-service] [nio-9020-exec-4] c.d.common_lib.security.JwtAuthFilter    : incoming request: /projects/5
2026-05-31T11:53:19.485+05:30 DEBUG 27396 --- [workspace-service] [nio-9020-exec-5] o.s.web.servlet.DispatcherServlet        : GET "/projects/5/files/content?path=src/App.tsx", parameters={masked}
2026-05-31T11:53:19.485+05:30 DEBUG 27396 --- [workspace-service] [nio-9020-exec-4] o.s.web.servlet.DispatcherServlet        : GET "/projects/5", parameters={}
2026-05-31T11:53:19.486+05:30 DEBUG 27396 --- [workspace-service] [nio-9020-exec-5] s.w.s.m.m.a.RequestMappingHandlerMapping : Mapped to com.distributed_lovable.workspace_service.controller.FileController#getFile(Long, String)
2026-05-31T11:53:19.486+05:30 DEBUG 27396 --- [workspace-service] [nio-9020-exec-4] s.w.s.m.m.a.RequestMappingHandlerMapping : Mapped to com.distributed_lovable.workspace_service.controller.ProjectController#getProjectById(Long)
2026-05-31T11:53:19.487+05:30  INFO 27396 --- [workspace-service] [nio-9020-exec-5] c.d.w.controller.FileController          : Fetching file content for project: 5, path: src/App.tsx
Hibernate: select pm1_0.project_role from project_members pm1_0 where pm1_0.project_id=? and pm1_0.user_id=?
Hibernate: select p1_0.id,p1_0.created_at,p1_0.deleted_at,p1_0.is_public,p1_0.name,p1_0.updated_at,pm1_0.project_role from project_members pm1_0 join projects p1_0 on p1_0.id=pm1_0.project_id where pm1_0.project_id=? and pm1_0.user_id=? and p1_0.deleted_at is null
2026-05-31T11:53:19.494+05:30  INFO 27396 --- [workspace-service] [nio-9020-exec-5] c.d.w.controller.FileController          : Successfully loaded file src/App.tsx with 208 bytes
2026-05-31T11:53:19.495+05:30 DEBUG 27396 --- [workspace-service] [nio-9020-exec-4] o.s.w.s.m.m.a.HttpEntityMethodProcessor  : Using 'application/json', given [*/*] and supported [application/json, application/*+json, application/yaml]
2026-05-31T11:53:19.495+05:30 DEBUG 27396 --- [workspace-service] [nio-9020-exec-5] o.s.w.s.m.m.a.HttpEntityMethodProcessor  : Using 'text/plain', given [*/*] and supported [text/plain, */*, application/json, application/*+json, application/yaml]
2026-05-31T11:53:19.495+05:30 DEBUG 27396 --- [workspace-service] [nio-9020-exec-5] o.s.w.s.m.m.a.HttpEntityMethodProcessor  : Writing ["import React from 'react';<EOL>import GameBoard from './components/GameBoard';<EOL>import './App.css';<EOL><EOL>func (truncated)..."]
2026-05-31T11:53:19.495+05:30 DEBUG 27396 --- [workspace-service] [nio-9020-exec-4] o.s.w.s.m.m.a.HttpEntityMethodProcessor  : Writing [ProjectSummaryResponse[id=5, name=Snake Ladder, createdAt=2026-05-30T18:23:31.970196Z, updatedAt=202 (truncated)...]
2026-05-31T11:53:19.495+05:30 DEBUG 27396 --- [workspace-service] [nio-9020-exec-5] o.s.web.servlet.DispatcherServlet        : Completed 200 OK
2026-05-31T11:53:19.496+05:30 DEBUG 27396 --- [workspace-service] [nio-9020-exec-4] o.s.web.servlet.DispatcherServlet        : Completed 200 OK
2026-05-31T11:53:48.877+05:30 DEBUG 27396 --- [workspace-service] [reshExecutor-%d] o.s.web.client.DefaultRestClient         : Reading to [com.netflix.discovery.shared.Applications]
2026-05-31T11:54:18.641+05:30  INFO 27396 --- [workspace-service] [rap-executor-%d] c.n.d.s.r.aws.ConfigClusterResolver      : Resolving eureka endpoints via configuration
2026-05-31T11:54:18.890+05:30 DEBUG 27396 --- [workspace-service] [reshExecutor-%d] o.s.web.client.DefaultRestClient         : Reading to [com.netflix.discovery.shared.Applications]
2026-05-31T11:54:48.900+05:30 DEBUG 27396 --- [workspace-service] [reshExecutor-%d] o.s.web.client.DefaultRestClient         : Reading to [com.netflix.discovery.shared.Applications]
2026-05-31T11:54:58.443+05:30 DEBUG 27396 --- [workspace-service] [nio-9020-exec-8] o.s.web.cors.DefaultCorsProcessor        : Skip: no CORS configuration has been provided
2026-05-31T11:54:58.443+05:30  INFO 27396 --- [workspace-service] [nio-9020-exec-8] c.d.common_lib.security.JwtAuthFilter    : incoming request: /projects/5/files
2026-05-31T11:54:58.445+05:30 DEBUG 27396 --- [workspace-service] [nio-9020-exec-8] o.s.web.servlet.DispatcherServlet        : GET "/projects/5/files", parameters={}
2026-05-31T11:54:58.446+05:30 DEBUG 27396 --- [workspace-service] [nio-9020-exec-8] s.w.s.m.m.a.RequestMappingHandlerMapping : Mapped to com.distributed_lovable.workspace_service.controller.FileController#getFileTree(Long)
2026-05-31T11:54:58.456+05:30  INFO 27396 --- [workspace-service] [nio-9020-exec-8] c.d.w.controller.FileController          : Fetching file tree for project: 5
Hibernate: select pf1_0.id,pf1_0.created_at,pf1_0.minio_object_key,pf1_0.path,pf1_0.project_id,pf1_0.updated_at from project_files pf1_0 where pf1_0.project_id=?
2026-05-31T11:54:58.471+05:30  INFO 27396 --- [workspace-service] [nio-9020-exec-8] c.d.w.controller.FileController          : Successfully loaded file tree with 5 files
2026-05-31T11:54:58.472+05:30 DEBUG 27396 --- [workspace-service] [nio-9020-exec-8] o.s.w.s.m.m.a.HttpEntityMethodProcessor  : Using 'application/json', given [*/*] and supported [application/json, application/*+json, application/yaml]
2026-05-31T11:54:58.472+05:30 DEBUG 27396 --- [workspace-service] [nio-9020-exec-8] o.s.w.s.m.m.a.HttpEntityMethodProcessor  : Writing [FileTreeDto[files=[src/App.tsx, src/index.css, src/components/GameBoard.tsx, src/components/Dice.tsx (truncated)...]
2026-05-31T11:54:58.474+05:30 DEBUG 27396 --- [workspace-service] [nio-9020-exec-8] o.s.web.servlet.DispatcherServlet        : Completed 200 OK
2026-05-31T11:54:59.426+05:30 DEBUG 27396 --- [workspace-service] [nio-9020-exec-9] o.s.web.cors.DefaultCorsProcessor        : Skip: no CORS configuration has been provided
2026-05-31T11:54:59.427+05:30  INFO 27396 --- [workspace-service] [nio-9020-exec-9] c.d.common_lib.security.JwtAuthFilter    : incoming request: /projects/5/files
2026-05-31T11:54:59.428+05:30 DEBUG 27396 --- [workspace-service] [nio-9020-exec-9] o.s.web.servlet.DispatcherServlet        : GET "/projects/5/files", parameters={}
2026-05-31T11:54:59.429+05:30 DEBUG 27396 --- [workspace-service] [nio-9020-exec-9] s.w.s.m.m.a.RequestMappingHandlerMapping : Mapped to com.distributed_lovable.workspace_service.controller.FileController#getFileTree(Long)
2026-05-31T11:54:59.429+05:30  INFO 27396 --- [workspace-service] [nio-9020-exec-9] c.d.w.controller.FileController          : Fetching file tree for project: 5
Hibernate: select pf1_0.id,pf1_0.created_at,pf1_0.minio_object_key,pf1_0.path,pf1_0.project_id,pf1_0.updated_at from project_files pf1_0 where pf1_0.project_id=?
2026-05-31T11:54:59.433+05:30  INFO 27396 --- [workspace-service] [nio-9020-exec-9] c.d.w.controller.FileController          : Successfully loaded file tree with 5 files
2026-05-31T11:54:59.433+05:30 DEBUG 27396 --- [workspace-service] [nio-9020-exec-9] o.s.w.s.m.m.a.HttpEntityMethodProcessor  : Using 'application/json', given [*/*] and supported [application/json, application/*+json, application/yaml]
2026-05-31T11:54:59.433+05:30 DEBUG 27396 --- [workspace-service] [nio-9020-exec-9] o.s.w.s.m.m.a.HttpEntityMethodProcessor  : Writing [FileTreeDto[files=[src/App.tsx, src/index.css, src/components/GameBoard.tsx, src/components/Dice.tsx (truncated)...]
2026-05-31T11:54:59.434+05:30 DEBUG 27396 --- [workspace-service] [nio-9020-exec-9] o.s.web.servlet.DispatcherServlet        : Completed 200 OK
2026-05-31T11:55:18.910+05:30 DEBUG 27396 --- [workspace-service] [reshExecutor-%d] o.s.web.client.DefaultRestClient         : Reading to [com.netflix.discovery.shared.Applications]
2026-05-31T11:55:48.920+05:30 DEBUG 27396 --- [workspace-service] [reshExecutor-%d] o.s.web.client.DefaultRestClient         : Reading to [com.netflix.discovery.shared.Applications]
2026-05-31T11:56:18.928+05:30 DEBUG 27396 --- [workspace-service] [reshExecutor-%d] o.s.web.client.DefaultRestClient         : Reading to [com.netflix.discovery.shared.Applications]
2026-05-31T11:56:48.938+05:30 DEBUG 27396 --- [workspace-service] [reshExecutor-%d] o.s.web.client.DefaultRestClient         : Reading to [com.netflix.discovery.shared.Applications]
2026-05-31T11:57:18.946+05:30 DEBUG 27396 --- [workspace-service] [reshExecutor-%d] o.s.web.client.DefaultRestClient         : Reading to [com.netflix.discovery.shared.Applications]
2026-05-31T11:57:21.687+05:30 DEBUG 27396 --- [workspace-service] [io-9020-exec-10] o.s.web.cors.DefaultCorsProcessor        : Skip: no CORS configuration has been provided
2026-05-31T11:57:21.687+05:30 DEBUG 27396 --- [workspace-service] [nio-9020-exec-2] o.s.web.cors.DefaultCorsProcessor        : Skip: no CORS configuration has been provided
2026-05-31T11:57:21.687+05:30  INFO 27396 --- [workspace-service] [io-9020-exec-10] c.d.common_lib.security.JwtAuthFilter    : incoming request: /projects/5
2026-05-31T11:57:21.687+05:30  INFO 27396 --- [workspace-service] [nio-9020-exec-2] c.d.common_lib.security.JwtAuthFilter    : incoming request: /projects/5/files/content
2026-05-31T11:57:21.689+05:30 DEBUG 27396 --- [workspace-service] [nio-9020-exec-2] o.s.web.servlet.DispatcherServlet        : GET "/projects/5/files/content?path=src/App.tsx", parameters={masked}
2026-05-31T11:57:21.689+05:30 DEBUG 27396 --- [workspace-service] [io-9020-exec-10] o.s.web.servlet.DispatcherServlet        : GET "/projects/5", parameters={}
2026-05-31T11:57:21.689+05:30 DEBUG 27396 --- [workspace-service] [nio-9020-exec-2] s.w.s.m.m.a.RequestMappingHandlerMapping : Mapped to com.distributed_lovable.workspace_service.controller.FileController#getFile(Long, String)
2026-05-31T11:57:21.689+05:30 DEBUG 27396 --- [workspace-service] [io-9020-exec-10] s.w.s.m.m.a.RequestMappingHandlerMapping : Mapped to com.distributed_lovable.workspace_service.controller.ProjectController#getProjectById(Long)
2026-05-31T11:57:21.691+05:30  INFO 27396 --- [workspace-service] [nio-9020-exec-2] c.d.w.controller.FileController          : Fetching file content for project: 5, path: src/App.tsx
Hibernate: select pm1_0.project_role from project_members pm1_0 where pm1_0.project_id=? and pm1_0.user_id=?
Hibernate: select p1_0.id,p1_0.created_at,p1_0.deleted_at,p1_0.is_public,p1_0.name,p1_0.updated_at,pm1_0.project_role from project_members pm1_0 join projects p1_0 on p1_0.id=pm1_0.project_id where pm1_0.project_id=? and pm1_0.user_id=? and p1_0.deleted_at is null
2026-05-31T11:57:21.708+05:30  INFO 27396 --- [workspace-service] [nio-9020-exec-2] c.d.w.controller.FileController          : Successfully loaded file src/App.tsx with 208 bytes
2026-05-31T11:57:21.708+05:30 DEBUG 27396 --- [workspace-service] [nio-9020-exec-2] o.s.w.s.m.m.a.HttpEntityMethodProcessor  : Using 'text/plain', given [*/*] and supported [text/plain, */*, application/json, application/*+json, application/yaml]
2026-05-31T11:57:21.708+05:30 DEBUG 27396 --- [workspace-service] [nio-9020-exec-2] o.s.w.s.m.m.a.HttpEntityMethodProcessor  : Writing ["import React from 'react';<EOL>import GameBoard from './components/GameBoard';<EOL>import './App.css';<EOL><EOL>func (truncated)..."]
2026-05-31T11:57:21.709+05:30 DEBUG 27396 --- [workspace-service] [nio-9020-exec-2] o.s.web.servlet.DispatcherServlet        : Completed 200 OK
2026-05-31T11:57:21.709+05:30 DEBUG 27396 --- [workspace-service] [io-9020-exec-10] o.s.w.s.m.m.a.HttpEntityMethodProcessor  : Using 'application/json', given [*/*] and supported [application/json, application/*+json, application/yaml]
2026-05-31T11:57:21.710+05:30 DEBUG 27396 --- [workspace-service] [io-9020-exec-10] o.s.w.s.m.m.a.HttpEntityMethodProcessor  : Writing [ProjectSummaryResponse[id=5, name=Snake Ladder, createdAt=2026-05-30T18:23:31.970196Z, updatedAt=202 (truncated)...]
2026-05-31T11:57:21.710+05:30 DEBUG 27396 --- [workspace-service] [io-9020-exec-10] o.s.web.servlet.DispatcherServlet        : Completed 200 OK
2026-05-31T12:14:13.856+05:30  WARN 27396 --- [workspace-service] [l-1:housekeeper] com.zaxxer.hikari.pool.HikariPool        : HikariPool-1 - Thread starvation or clock leap detected (housekeeper delta=16m57s128ms).
2026-05-31T12:14:16.110+05:30 DEBUG 27396 --- [workspace-service] [reshExecutor-%d] o.s.web.client.DefaultRestClient         : Reading to [com.netflix.discovery.shared.Applications]
2026-05-31T12:14:46.124+05:30 DEBUG 27396 --- [workspace-service] [reshExecutor-%d] o.s.web.client.DefaultRestClient         : Reading to [com.netflix.discovery.shared.Applications]
2026-05-31T12:15:09.293+05:30 DEBUG 27396 --- [workspace-service] [nio-9020-exec-4] o.s.web.cors.DefaultCorsProcessor        : Skip: no CORS configuration has been provided
2026-05-31T12:15:09.293+05:30  INFO 27396 --- [workspace-service] [nio-9020-exec-4] c.d.common_lib.security.JwtAuthFilter    : incoming request: /projects/5/files
2026-05-31T12:15:09.296+05:30 DEBUG 27396 --- [workspace-service] [nio-9020-exec-4] o.s.web.servlet.DispatcherServlet        : GET "/projects/5/files", parameters={}
2026-05-31T12:15:09.297+05:30 DEBUG 27396 --- [workspace-service] [nio-9020-exec-4] s.w.s.m.m.a.RequestMappingHandlerMapping : Mapped to com.distributed_lovable.workspace_service.controller.FileController#getFileTree(Long)
2026-05-31T12:15:09.299+05:30  INFO 27396 --- [workspace-service] [nio-9020-exec-4] c.d.w.controller.FileController          : Fetching file tree for project: 5
Hibernate: select pf1_0.id,pf1_0.created_at,pf1_0.minio_object_key,pf1_0.path,pf1_0.project_id,pf1_0.updated_at from project_files pf1_0 where pf1_0.project_id=?
2026-05-31T12:15:09.308+05:30  INFO 27396 --- [workspace-service] [nio-9020-exec-4] c.d.w.controller.FileController          : Successfully loaded file tree with 5 files
2026-05-31T12:15:09.309+05:30 DEBUG 27396 --- [workspace-service] [nio-9020-exec-4] o.s.w.s.m.m.a.HttpEntityMethodProcessor  : Using 'application/json', given [*/*] and supported [application/json, application/*+json, application/yaml]
2026-05-31T12:15:09.309+05:30 DEBUG 27396 --- [workspace-service] [nio-9020-exec-4] o.s.w.s.m.m.a.HttpEntityMethodProcessor  : Writing [FileTreeDto[files=[src/App.tsx, src/index.css, src/components/GameBoard.tsx, src/components/Dice.tsx (truncated)...]
2026-05-31T12:15:09.311+05:30 DEBUG 27396 --- [workspace-service] [nio-9020-exec-4] o.s.web.servlet.DispatcherServlet        : Completed 200 OK
2026-05-31T12:15:10.283+05:30 DEBUG 27396 --- [workspace-service] [nio-9020-exec-6] o.s.web.cors.DefaultCorsProcessor        : Skip: no CORS configuration has been provided
2026-05-31T12:15:10.283+05:30  INFO 27396 --- [workspace-service] [nio-9020-exec-6] c.d.common_lib.security.JwtAuthFilter    : incoming request: /projects/5/files
2026-05-31T12:15:10.285+05:30 DEBUG 27396 --- [workspace-service] [nio-9020-exec-6] o.s.web.servlet.DispatcherServlet        : GET "/projects/5/files", parameters={}
2026-05-31T12:15:10.285+05:30 DEBUG 27396 --- [workspace-service] [nio-9020-exec-6] s.w.s.m.m.a.RequestMappingHandlerMapping : Mapped to com.distributed_lovable.workspace_service.controller.FileController#getFileTree(Long)
2026-05-31T12:15:10.285+05:30  INFO 27396 --- [workspace-service] [nio-9020-exec-6] c.d.w.controller.FileController          : Fetching file tree for project: 5
Hibernate: select pf1_0.id,pf1_0.created_at,pf1_0.minio_object_key,pf1_0.path,pf1_0.project_id,pf1_0.updated_at from project_files pf1_0 where pf1_0.project_id=?
2026-05-31T12:15:10.289+05:30  INFO 27396 --- [workspace-service] [nio-9020-exec-6] c.d.w.controller.FileController          : Successfully loaded file tree with 5 files
2026-05-31T12:15:10.289+05:30 DEBUG 27396 --- [workspace-service] [nio-9020-exec-6] o.s.w.s.m.m.a.HttpEntityMethodProcessor  : Using 'application/json', given [*/*] and supported [application/json, application/*+json, application/yaml]
2026-05-31T12:15:10.289+05:30 DEBUG 27396 --- [workspace-service] [nio-9020-exec-6] o.s.w.s.m.m.a.HttpEntityMethodProcessor  : Writing [FileTreeDto[files=[src/App.tsx, src/index.css, src/components/GameBoard.tsx, src/components/Dice.tsx (truncated)...]
2026-05-31T12:15:10.290+05:30 DEBUG 27396 --- [workspace-service] [nio-9020-exec-6] o.s.web.servlet.DispatcherServlet        : Completed 200 OK
2026-05-31T12:15:12.027+05:30 DEBUG 27396 --- [workspace-service] [nio-9020-exec-7] o.s.web.cors.DefaultCorsProcessor        : Skip: no CORS configuration has been provided
2026-05-31T12:15:12.028+05:30  INFO 27396 --- [workspace-service] [nio-9020-exec-7] c.d.common_lib.security.JwtAuthFilter    : incoming request: /projects/5/files/content
2026-05-31T12:15:12.029+05:30 DEBUG 27396 --- [workspace-service] [nio-9020-exec-7] o.s.web.servlet.DispatcherServlet        : GET "/projects/5/files/content?path=src/components/Dice.tsx", parameters={masked}
2026-05-31T12:15:12.029+05:30 DEBUG 27396 --- [workspace-service] [nio-9020-exec-7] s.w.s.m.m.a.RequestMappingHandlerMapping : Mapped to com.distributed_lovable.workspace_service.controller.FileController#getFile(Long, String)
2026-05-31T12:15:12.030+05:30  INFO 27396 --- [workspace-service] [nio-9020-exec-7] c.d.w.controller.FileController          : Fetching file content for project: 5, path: src/components/Dice.tsx
2026-05-31T12:15:12.041+05:30  INFO 27396 --- [workspace-service] [nio-9020-exec-7] c.d.w.controller.FileController          : Successfully loaded file src/components/Dice.tsx with 273 bytes
2026-05-31T12:15:12.041+05:30 DEBUG 27396 --- [workspace-service] [nio-9020-exec-7] o.s.w.s.m.m.a.HttpEntityMethodProcessor  : Using 'text/plain', given [*/*] and supported [text/plain, */*, application/json, application/*+json, application/yaml]
2026-05-31T12:15:12.041+05:30 DEBUG 27396 --- [workspace-service] [nio-9020-exec-7] o.s.w.s.m.m.a.HttpEntityMethodProcessor  : Writing ["import React from 'react';<EOL><EOL>const Dice = ({ value, rollDice }) => {<EOL>  return (<EOL>    <div className="d (truncated)..."]
2026-05-31T12:15:12.042+05:30 DEBUG 27396 --- [workspace-service] [nio-9020-exec-7] o.s.web.servlet.DispatcherServlet        : Completed 200 OK
2026-05-31T12:15:12.285+05:30 DEBUG 27396 --- [workspace-service] [nio-9020-exec-8] o.s.web.cors.DefaultCorsProcessor        : Skip: no CORS configuration has been provided
2026-05-31T12:15:12.286+05:30  INFO 27396 --- [workspace-service] [nio-9020-exec-8] c.d.common_lib.security.JwtAuthFilter    : incoming request: /projects/5/files
2026-05-31T12:15:12.288+05:30 DEBUG 27396 --- [workspace-service] [nio-9020-exec-8] o.s.web.servlet.DispatcherServlet        : GET "/projects/5/files", parameters={}
2026-05-31T12:15:12.288+05:30 DEBUG 27396 --- [workspace-service] [nio-9020-exec-8] s.w.s.m.m.a.RequestMappingHandlerMapping : Mapped to com.distributed_lovable.workspace_service.controller.FileController#getFileTree(Long)
2026-05-31T12:15:12.288+05:30  INFO 27396 --- [workspace-service] [nio-9020-exec-8] c.d.w.controller.FileController          : Fetching file tree for project: 5
Hibernate: select pf1_0.id,pf1_0.created_at,pf1_0.minio_object_key,pf1_0.path,pf1_0.project_id,pf1_0.updated_at from project_files pf1_0 where pf1_0.project_id=?
2026-05-31T12:15:12.291+05:30  INFO 27396 --- [workspace-service] [nio-9020-exec-8] c.d.w.controller.FileController          : Successfully loaded file tree with 5 files
2026-05-31T12:15:12.292+05:30 DEBUG 27396 --- [workspace-service] [nio-9020-exec-8] o.s.w.s.m.m.a.HttpEntityMethodProcessor  : Using 'application/json', given [*/*] and supported [application/json, application/*+json, application/yaml]
2026-05-31T12:15:12.292+05:30 DEBUG 27396 --- [workspace-service] [nio-9020-exec-8] o.s.w.s.m.m.a.HttpEntityMethodProcessor  : Writing [FileTreeDto[files=[src/App.tsx, src/index.css, src/components/GameBoard.tsx, src/components/Dice.tsx (truncated)...]
2026-05-31T12:15:12.293+05:30 DEBUG 27396 --- [workspace-service] [nio-9020-exec-8] o.s.web.servlet.DispatcherServlet        : Completed 200 OK
2026-05-31T12:15:12.895+05:30 DEBUG 27396 --- [workspace-service] [nio-9020-exec-9] o.s.web.cors.DefaultCorsProcessor        : Skip: no CORS configuration has been provided
2026-05-31T12:15:12.895+05:30  INFO 27396 --- [workspace-service] [nio-9020-exec-9] c.d.common_lib.security.JwtAuthFilter    : incoming request: /projects/5/files/content
2026-05-31T12:15:12.896+05:30 DEBUG 27396 --- [workspace-service] [nio-9020-exec-9] o.s.web.servlet.DispatcherServlet        : GET "/projects/5/files/content?path=src/App.tsx", parameters={masked}
2026-05-31T12:15:12.897+05:30 DEBUG 27396 --- [workspace-service] [nio-9020-exec-9] s.w.s.m.m.a.RequestMappingHandlerMapping : Mapped to com.distributed_lovable.workspace_service.controller.FileController#getFile(Long, String)
2026-05-31T12:15:12.897+05:30  INFO 27396 --- [workspace-service] [nio-9020-exec-9] c.d.w.controller.FileController          : Fetching file content for project: 5, path: src/App.tsx
2026-05-31T12:15:12.901+05:30  INFO 27396 --- [workspace-service] [nio-9020-exec-9] c.d.w.controller.FileController          : Successfully loaded file src/App.tsx with 208 bytes
2026-05-31T12:15:12.902+05:30 DEBUG 27396 --- [workspace-service] [nio-9020-exec-9] o.s.w.s.m.m.a.HttpEntityMethodProcessor  : Using 'text/plain', given [*/*] and supported [text/plain, */*, application/json, application/*+json, application/yaml]
2026-05-31T12:15:12.902+05:30 DEBUG 27396 --- [workspace-service] [nio-9020-exec-9] o.s.w.s.m.m.a.HttpEntityMethodProcessor  : Writing ["import React from 'react';<EOL>import GameBoard from './components/GameBoard';<EOL>import './App.css';<EOL><EOL>func (truncated)..."]
2026-05-31T12:15:12.902+05:30 DEBUG 27396 --- [workspace-service] [nio-9020-exec-9] o.s.web.servlet.DispatcherServlet        : Completed 200 OK
2026-05-31T12:15:16.138+05:30 DEBUG 27396 --- [workspace-service] [reshExecutor-%d] o.s.web.client.DefaultRestClient         : Reading to [com.netflix.discovery.shared.Applications]
2026-05-31T12:15:44.944+05:30 DEBUG 27396 --- [workspace-service] [nio-9020-exec-1] o.s.web.cors.DefaultCorsProcessor        : Skip: no CORS configuration has been provided
2026-05-31T12:15:44.945+05:30  INFO 27396 --- [workspace-service] [nio-9020-exec-1] c.d.common_lib.security.JwtAuthFilter    : incoming request: /projects
2026-05-31T12:15:44.947+05:30 DEBUG 27396 --- [workspace-service] [nio-9020-exec-1] o.s.web.servlet.DispatcherServlet        : GET "/projects", parameters={}
2026-05-31T12:15:44.947+05:30 DEBUG 27396 --- [workspace-service] [nio-9020-exec-1] s.w.s.m.m.a.RequestMappingHandlerMapping : Mapped to com.distributed_lovable.workspace_service.controller.ProjectController#getMyProjects()
Hibernate: select p1_0.id,p1_0.created_at,p1_0.deleted_at,p1_0.is_public,p1_0.name,p1_0.updated_at,pm1_0.project_role from project_members pm1_0 join projects p1_0 on p1_0.id=pm1_0.project_id where pm1_0.user_id=? and p1_0.deleted_at is null order by p1_0.updated_at desc
2026-05-31T12:15:44.959+05:30 DEBUG 27396 --- [workspace-service] [nio-9020-exec-1] o.s.w.s.m.m.a.HttpEntityMethodProcessor  : Using 'application/json', given [*/*] and supported [application/json, application/*+json, application/yaml]
2026-05-31T12:15:44.960+05:30 DEBUG 27396 --- [workspace-service] [nio-9020-exec-1] o.s.w.s.m.m.a.HttpEntityMethodProcessor  : Writing [[ProjectSummaryResponse[id=6, name=Calculator, createdAt=2026-05-30T18:57:19.054350Z, updatedAt=2026 (truncated)...]
2026-05-31T12:15:44.961+05:30 DEBUG 27396 --- [workspace-service] [nio-9020-exec-1] o.s.web.servlet.DispatcherServlet        : Completed 200 OK
2026-05-31T12:15:45.787+05:30  INFO 27396 --- [workspace-service] [rap-executor-%d] c.n.d.s.r.aws.ConfigClusterResolver      : Resolving eureka endpoints via configuration
2026-05-31T12:15:46.148+05:30 DEBUG 27396 --- [workspace-service] [reshExecutor-%d] o.s.web.client.DefaultRestClient         : Reading to [com.netflix.discovery.shared.Applications]
2026-05-31T12:15:46.422+05:30 DEBUG 27396 --- [workspace-service] [nio-9020-exec-2] o.s.web.cors.DefaultCorsProcessor        : Skip: no CORS configuration has been provided
2026-05-31T12:15:46.422+05:30  INFO 27396 --- [workspace-service] [nio-9020-exec-2] c.d.common_lib.security.JwtAuthFilter    : incoming request: /projects/2
2026-05-31T12:15:46.424+05:30 DEBUG 27396 --- [workspace-service] [nio-9020-exec-2] o.s.web.servlet.DispatcherServlet        : GET "/projects/2", parameters={}
2026-05-31T12:15:46.424+05:30 DEBUG 27396 --- [workspace-service] [nio-9020-exec-2] s.w.s.m.m.a.RequestMappingHandlerMapping : Mapped to com.distributed_lovable.workspace_service.controller.ProjectController#getProjectById(Long)
Hibernate: select pm1_0.project_role from project_members pm1_0 where pm1_0.project_id=? and pm1_0.user_id=?
Hibernate: select p1_0.id,p1_0.created_at,p1_0.deleted_at,p1_0.is_public,p1_0.name,p1_0.updated_at,pm1_0.project_role from project_members pm1_0 join projects p1_0 on p1_0.id=pm1_0.project_id where pm1_0.project_id=? and pm1_0.user_id=? and p1_0.deleted_at is null
2026-05-31T12:15:46.436+05:30 DEBUG 27396 --- [workspace-service] [nio-9020-exec-2] o.s.w.s.m.m.a.HttpEntityMethodProcessor  : Using 'application/json', given [*/*] and supported [application/json, application/*+json, application/yaml]
2026-05-31T12:15:46.436+05:30 DEBUG 27396 --- [workspace-service] [nio-9020-exec-2] o.s.w.s.m.m.a.HttpEntityMethodProcessor  : Writing [ProjectSummaryResponse[id=2, name=TicTacToe-1, createdAt=2026-05-26T12:42:50.437995Z, updatedAt=2026 (truncated)...]
2026-05-31T12:15:46.437+05:30 DEBUG 27396 --- [workspace-service] [nio-9020-exec-2] o.s.web.servlet.DispatcherServlet        : Completed 200 OK
2026-05-31T12:15:47.996+05:30 DEBUG 27396 --- [workspace-service] [io-9020-exec-10] o.s.web.cors.DefaultCorsProcessor        : Skip: no CORS configuration has been provided
2026-05-31T12:15:47.997+05:30  INFO 27396 --- [workspace-service] [io-9020-exec-10] c.d.common_lib.security.JwtAuthFilter    : incoming request: /projects
2026-05-31T12:15:47.998+05:30 DEBUG 27396 --- [workspace-service] [io-9020-exec-10] o.s.web.servlet.DispatcherServlet        : GET "/projects", parameters={}
2026-05-31T12:15:47.998+05:30 DEBUG 27396 --- [workspace-service] [io-9020-exec-10] s.w.s.m.m.a.RequestMappingHandlerMapping : Mapped to com.distributed_lovable.workspace_service.controller.ProjectController#getMyProjects()
Hibernate: select p1_0.id,p1_0.created_at,p1_0.deleted_at,p1_0.is_public,p1_0.name,p1_0.updated_at,pm1_0.project_role from project_members pm1_0 join projects p1_0 on p1_0.id=pm1_0.project_id where pm1_0.user_id=? and p1_0.deleted_at is null order by p1_0.updated_at desc
2026-05-31T12:15:48.004+05:30 DEBUG 27396 --- [workspace-service] [io-9020-exec-10] o.s.w.s.m.m.a.HttpEntityMethodProcessor  : Using 'application/json', given [*/*] and supported [application/json, application/*+json, application/yaml]
2026-05-31T12:15:48.004+05:30 DEBUG 27396 --- [workspace-service] [io-9020-exec-10] o.s.w.s.m.m.a.HttpEntityMethodProcessor  : Writing [[ProjectSummaryResponse[id=6, name=Calculator, createdAt=2026-05-30T18:57:19.054350Z, updatedAt=2026 (truncated)...]
2026-05-31T12:15:48.005+05:30 DEBUG 27396 --- [workspace-service] [io-9020-exec-10] o.s.web.servlet.DispatcherServlet        : Completed 200 OK
2026-05-31T12:15:49.638+05:30 DEBUG 27396 --- [workspace-service] [nio-9020-exec-3] o.s.web.cors.DefaultCorsProcessor        : Skip: no CORS configuration has been provided
2026-05-31T12:15:49.639+05:30  INFO 27396 --- [workspace-service] [nio-9020-exec-3] c.d.common_lib.security.JwtAuthFilter    : incoming request: /projects/6
2026-05-31T12:15:49.640+05:30 DEBUG 27396 --- [workspace-service] [nio-9020-exec-3] o.s.web.servlet.DispatcherServlet        : GET "/projects/6", parameters={}
2026-05-31T12:15:49.640+05:30 DEBUG 27396 --- [workspace-service] [nio-9020-exec-3] s.w.s.m.m.a.RequestMappingHandlerMapping : Mapped to com.distributed_lovable.workspace_service.controller.ProjectController#getProjectById(Long)
Hibernate: select pm1_0.project_role from project_members pm1_0 where pm1_0.project_id=? and pm1_0.user_id=?
Hibernate: select p1_0.id,p1_0.created_at,p1_0.deleted_at,p1_0.is_public,p1_0.name,p1_0.updated_at,pm1_0.project_role from project_members pm1_0 join projects p1_0 on p1_0.id=pm1_0.project_id where pm1_0.project_id=? and pm1_0.user_id=? and p1_0.deleted_at is null
2026-05-31T12:15:49.646+05:30 DEBUG 27396 --- [workspace-service] [nio-9020-exec-3] o.s.w.s.m.m.a.HttpEntityMethodProcessor  : Using 'application/json', given [*/*] and supported [application/json, application/*+json, application/yaml]
2026-05-31T12:15:49.647+05:30 DEBUG 27396 --- [workspace-service] [nio-9020-exec-3] o.s.w.s.m.m.a.HttpEntityMethodProcessor  : Writing [ProjectSummaryResponse[id=6, name=Calculator, createdAt=2026-05-30T18:57:19.054350Z, updatedAt=2026- (truncated)...]
2026-05-31T12:15:49.647+05:30 DEBUG 27396 --- [workspace-service] [nio-9020-exec-3] o.s.web.servlet.DispatcherServlet        : Completed 200 OK
2026-05-31T12:15:52.450+05:30 DEBUG 27396 --- [workspace-service] [nio-9020-exec-5] o.s.web.cors.DefaultCorsProcessor        : Skip: no CORS configuration has been provided
2026-05-31T12:15:52.450+05:30  INFO 27396 --- [workspace-service] [nio-9020-exec-5] c.d.common_lib.security.JwtAuthFilter    : incoming request: /projects
2026-05-31T12:15:52.452+05:30 DEBUG 27396 --- [workspace-service] [nio-9020-exec-5] o.s.web.servlet.DispatcherServlet        : GET "/projects", parameters={}
2026-05-31T12:15:52.452+05:30 DEBUG 27396 --- [workspace-service] [nio-9020-exec-5] s.w.s.m.m.a.RequestMappingHandlerMapping : Mapped to com.distributed_lovable.workspace_service.controller.ProjectController#getMyProjects()
Hibernate: select p1_0.id,p1_0.created_at,p1_0.deleted_at,p1_0.is_public,p1_0.name,p1_0.updated_at,pm1_0.project_role from project_members pm1_0 join projects p1_0 on p1_0.id=pm1_0.project_id where pm1_0.user_id=? and p1_0.deleted_at is null order by p1_0.updated_at desc
2026-05-31T12:15:52.458+05:30 DEBUG 27396 --- [workspace-service] [nio-9020-exec-5] o.s.w.s.m.m.a.HttpEntityMethodProcessor  : Using 'application/json', given [*/*] and supported [application/json, application/*+json, application/yaml]
2026-05-31T12:15:52.458+05:30 DEBUG 27396 --- [workspace-service] [nio-9020-exec-5] o.s.w.s.m.m.a.HttpEntityMethodProcessor  : Writing [[ProjectSummaryResponse[id=6, name=Calculator, createdAt=2026-05-30T18:57:19.054350Z, updatedAt=2026 (truncated)...]
2026-05-31T12:15:52.460+05:30 DEBUG 27396 --- [workspace-service] [nio-9020-exec-5] o.s.web.servlet.DispatcherServlet        : Completed 200 OK
2026-05-31T12:16:06.447+05:30 DEBUG 27396 --- [workspace-service] [nio-9020-exec-4] o.s.web.cors.DefaultCorsProcessor        : Skip: no CORS configuration has been provided
2026-05-31T12:16:06.451+05:30  INFO 27396 --- [workspace-service] [nio-9020-exec-4] c.d.common_lib.security.JwtAuthFilter    : incoming request: /projects/5
2026-05-31T12:16:06.459+05:30 DEBUG 27396 --- [workspace-service] [nio-9020-exec-4] o.s.web.servlet.DispatcherServlet        : GET "/projects/5", parameters={}
2026-05-31T12:16:06.459+05:30 DEBUG 27396 --- [workspace-service] [nio-9020-exec-4] s.w.s.m.m.a.RequestMappingHandlerMapping : Mapped to com.distributed_lovable.workspace_service.controller.ProjectController#getProjectById(Long)
Hibernate: select pm1_0.project_role from project_members pm1_0 where pm1_0.project_id=? and pm1_0.user_id=?
2026-05-31T12:16:06.465+05:30 DEBUG 27396 --- [workspace-service] [nio-9020-exec-6] o.s.web.cors.DefaultCorsProcessor        : Skip: no CORS configuration has been provided
2026-05-31T12:16:06.465+05:30  INFO 27396 --- [workspace-service] [nio-9020-exec-6] c.d.common_lib.security.JwtAuthFilter    : incoming request: /projects/5/files/content
Hibernate: select p1_0.id,p1_0.created_at,p1_0.deleted_at,p1_0.is_public,p1_0.name,p1_0.updated_at,pm1_0.project_role from project_members pm1_0 join projects p1_0 on p1_0.id=pm1_0.project_id where pm1_0.project_id=? and pm1_0.user_id=? and p1_0.deleted_at is null
2026-05-31T12:16:06.467+05:30 DEBUG 27396 --- [workspace-service] [nio-9020-exec-6] o.s.web.servlet.DispatcherServlet        : GET "/projects/5/files/content?path=src/App.tsx", parameters={masked}
2026-05-31T12:16:06.467+05:30 DEBUG 27396 --- [workspace-service] [nio-9020-exec-6] s.w.s.m.m.a.RequestMappingHandlerMapping : Mapped to com.distributed_lovable.workspace_service.controller.FileController#getFile(Long, String)
2026-05-31T12:16:06.468+05:30  INFO 27396 --- [workspace-service] [nio-9020-exec-6] c.d.w.controller.FileController          : Fetching file content for project: 5, path: src/App.tsx
2026-05-31T12:16:06.469+05:30 DEBUG 27396 --- [workspace-service] [nio-9020-exec-4] o.s.w.s.m.m.a.HttpEntityMethodProcessor  : Using 'application/json', given [*/*] and supported [application/json, application/*+json, application/yaml]
2026-05-31T12:16:06.469+05:30 DEBUG 27396 --- [workspace-service] [nio-9020-exec-4] o.s.w.s.m.m.a.HttpEntityMethodProcessor  : Writing [ProjectSummaryResponse[id=5, name=Snake Ladder, createdAt=2026-05-30T18:23:31.970196Z, updatedAt=202 (truncated)...]
2026-05-31T12:16:06.470+05:30 DEBUG 27396 --- [workspace-service] [nio-9020-exec-4] o.s.web.servlet.DispatcherServlet        : Completed 200 OK
2026-05-31T12:16:06.476+05:30  INFO 27396 --- [workspace-service] [nio-9020-exec-6] c.d.w.controller.FileController          : Successfully loaded file src/App.tsx with 208 bytes
2026-05-31T12:16:06.476+05:30 DEBUG 27396 --- [workspace-service] [nio-9020-exec-6] o.s.w.s.m.m.a.HttpEntityMethodProcessor  : Using 'text/plain', given [*/*] and supported [text/plain, */*, application/json, application/*+json, application/yaml]
2026-05-31T12:16:06.476+05:30 DEBUG 27396 --- [workspace-service] [nio-9020-exec-6] o.s.w.s.m.m.a.HttpEntityMethodProcessor  : Writing ["import React from 'react';<EOL>import GameBoard from './components/GameBoard';<EOL>import './App.css';<EOL><EOL>func (truncated)..."]
2026-05-31T12:16:06.476+05:30 DEBUG 27396 --- [workspace-service] [nio-9020-exec-6] o.s.web.servlet.DispatcherServlet        : Completed 200 OK
2026-05-31T12:16:16.157+05:30 DEBUG 27396 --- [workspace-service] [reshExecutor-%d] o.s.web.client.DefaultRestClient         : Reading to [com.netflix.discovery.shared.Applications]
2026-05-31T12:16:46.166+05:30 DEBUG 27396 --- [workspace-service] [reshExecutor-%d] o.s.web.client.DefaultRestClient         : Reading to [com.netflix.discovery.shared.Applications]
2026-05-31T12:17:16.178+05:30 DEBUG 27396 --- [workspace-service] [reshExecutor-%d] o.s.web.client.DefaultRestClient         : Reading to [com.netflix.discovery.shared.Applications]
2026-05-31T12:17:46.189+05:30 DEBUG 27396 --- [workspace-service] [reshExecutor-%d] o.s.web.client.DefaultRestClient         : Reading to [com.netflix.discovery.shared.Applications]
2026-05-31T12:18:16.200+05:30 DEBUG 27396 --- [workspace-service] [reshExecutor-%d] o.s.web.client.DefaultRestClient         : Reading to [com.netflix.discovery.shared.Applications]
2026-05-31T12:18:46.211+05:30 DEBUG 27396 --- [workspace-service] [reshExecutor-%d] o.s.web.client.DefaultRestClient         : Reading to [com.netflix.discovery.shared.Applications]
2026-05-31T12:19:16.223+05:30 DEBUG 27396 --- [workspace-service] [reshExecutor-%d] o.s.web.client.DefaultRestClient         : Reading to [com.netflix.discovery.shared.Applications]
2026-05-31T12:19:46.235+05:30 DEBUG 27396 --- [workspace-service] [reshExecutor-%d] o.s.web.client.DefaultRestClient         : Reading to [com.netflix.discovery.shared.Applications]
2026-05-31T12:20:16.247+05:30 DEBUG 27396 --- [workspace-service] [reshExecutor-%d] o.s.web.client.DefaultRestClient         : Reading to [com.netflix.discovery.shared.Applications]
2026-05-31T12:20:45.799+05:30  INFO 27396 --- [workspace-service] [rap-executor-%d] c.n.d.s.r.aws.ConfigClusterResolver      : Resolving eureka endpoints via configuration
2026-05-31T12:20:46.257+05:30 DEBUG 27396 --- [workspace-service] [reshExecutor-%d] o.s.web.client.DefaultRestClient         : Reading to [com.netflix.discovery.shared.Applications]
2026-05-31T12:21:16.265+05:30 DEBUG 27396 --- [workspace-service] [reshExecutor-%d] o.s.web.client.DefaultRestClient         : Reading to [com.netflix.discovery.shared.Applications]
2026-05-31T12:21:46.280+05:30 DEBUG 27396 --- [workspace-service] [reshExecutor-%d] o.s.web.client.DefaultRestClient         : Reading to [com.netflix.discovery.shared.Applications]
2026-05-31T12:22:16.290+05:30 DEBUG 27396 --- [workspace-service] [reshExecutor-%d] o.s.web.client.DefaultRestClient         : Reading to [com.netflix.discovery.shared.Applications]
2026-05-31T12:22:46.301+05:30 DEBUG 27396 --- [workspace-service] [reshExecutor-%d] o.s.web.client.DefaultRestClient         : Reading to [com.netflix.discovery.shared.Applications]
2026-05-31T12:23:16.308+05:30 DEBUG 27396 --- [workspace-service] [reshExecutor-%d] o.s.web.client.DefaultRestClient         : Reading to [com.netflix.discovery.shared.Applications]
2026-05-31T12:23:46.321+05:30 DEBUG 27396 --- [workspace-service] [reshExecutor-%d] o.s.web.client.DefaultRestClient         : Reading to [com.netflix.discovery.shared.Applications]
2026-05-31T12:24:16.330+05:30 DEBUG 27396 --- [workspace-service] [reshExecutor-%d] o.s.web.client.DefaultRestClient         : Reading to [com.netflix.discovery.shared.Applications]
2026-05-31T12:24:46.338+05:30 DEBUG 27396 --- [workspace-service] [reshExecutor-%d] o.s.web.client.DefaultRestClient         : Reading to [com.netflix.discovery.shared.Applications]
2026-05-31T12:25:16.349+05:30 DEBUG 27396 --- [workspace-service] [reshExecutor-%d] o.s.web.client.DefaultRestClient         : Reading to [com.netflix.discovery.shared.Applications]
2026-05-31T12:25:45.808+05:30  INFO 27396 --- [workspace-service] [rap-executor-%d] c.n.d.s.r.aws.ConfigClusterResolver      : Resolving eureka endpoints via configuration
2026-05-31T12:25:46.362+05:30 DEBUG 27396 --- [workspace-service] [reshExecutor-%d] o.s.web.client.DefaultRestClient         : Reading to [com.netflix.discovery.shared.Applications]
